#
# There is insufficient memory for the Java Runtime Environment to continue.
# Native memory allocation (malloc) failed to allocate 1121456 bytes for Chunk::new
# Possible reasons:
#   The system is out of physical RAM or swap space
#   In 32 bit mode, the process size limit was hit
# Possible solutions:
#   Reduce memory load on the system
#   Increase physical memory or swap space
#   Check if swap backing store is full
#   Use 64 bit Java on a 64 bit OS
#   Decrease Java heap size (-Xmx/-Xms)
#   Decrease number of Java threads
#   Decrease Java thread stack sizes (-Xss)
#   Set larger code cache with -XX:ReservedCodeCacheSize=
# This output file may be truncated or incomplete.
#
#  Out of Memory Error (allocation.cpp:390), pid=14864, tid=0x0000000000001ee4
#
# JRE version: OpenJDK Runtime Environment (8.0_112-b06) (build 1.8.0_112-release-b06)
# Java VM: OpenJDK 64-Bit Server VM (25.112-b06 mixed mode windows-amd64 compressed oops)
# Failed to write core dump. Minidumps are not enabled by default on client versions of Windows
#

---------------  T H R E A D  ---------------

Current thread (0x000000001c8d1800):  JavaThread "C2 CompilerThread1" daemon [_thread_in_native, id=7908, stack(0x000000001e010000,0x000000001e110000)]

Stack: [0x000000001e010000,0x000000001e110000]
[error occurred during error reporting (printing stack bounds), id 0xc0000005]

Native frames: (J=compiled Java code, j=interpreted, Vv=VM code, C=native code)


Current CompileTask:
C2:   9555 2203 %     4       com.android.dx.ssa.ConstCollector::updateConstUses @ 20 (248 bytes)


---------------  P R O C E S S  ---------------

Java Threads: ( => current thread )
  0x000000001e979800 JavaThread "pool-2-thread-4" [_thread_blocked, id=4588, stack(0x000000001f410000,0x000000001f510000)]
  0x000000001e978800 JavaThread "pool-2-thread-3" [_thread_in_Java, id=12036, stack(0x000000001f310000,0x000000001f410000)]
  0x000000001e60e000 JavaThread "pool-2-thread-2" [_thread_in_Java, id=8780, stack(0x000000001f210000,0x000000001f310000)]
  0x000000001e60d800 JavaThread "pool-3-thread-1" [_thread_blocked, id=7056, stack(0x000000001f110000,0x000000001f210000)]
  0x000000001e471800 JavaThread "pool-2-thread-1" [_thread_blocked, id=14380, stack(0x000000001f010000,0x000000001f110000)]
  0x000000001e230800 JavaThread "Service Thread" daemon [_thread_blocked, id=16752, stack(0x000000001e610000,0x000000001e710000)]
  0x000000001c8d4800 JavaThread "C1 CompilerThread2" daemon [_thread_blocked, id=10676, stack(0x000000001e110000,0x000000001e210000)]
=>0x000000001c8d1800 JavaThread "C2 CompilerThread1" daemon [_thread_in_native, id=7908, stack(0x000000001e010000,0x000000001e110000)]
  0x000000001c8ce000 JavaThread "C2 CompilerThread0" daemon [_thread_in_native, id=13188, stack(0x000000001df10000,0x000000001e010000)]
  0x000000001c8cc800 JavaThread "Attach Listener" daemon [_thread_blocked, id=3472, stack(0x000000001de10000,0x000000001df10000)]
  0x000000001c8cb800 JavaThread "Signal Dispatcher" daemon [_thread_blocked, id=10504, stack(0x000000001dd10000,0x000000001de10000)]
  0x0000000001dbd000 JavaThread "Finalizer" daemon [_thread_blocked, id=14732, stack(0x000000001db20000,0x000000001dc20000)]
  0x0000000001db2800 JavaThread "Reference Handler" daemon [_thread_blocked, id=13644, stack(0x000000001da20000,0x000000001db20000)]
  0x0000000001cc0800 JavaThread "main" [_thread_in_native, id=3796, stack(0x0000000001b40000,0x0000000001c40000)]

Other Threads:
  0x000000001c895000 VMThread [stack: 0x000000001d920000,0x000000001da20000] [id=16804]
  0x000000001c92e000 WatcherThread [stack: 0x000000001e710000,0x000000001e810000] [id=11444]

VM state:not at safepoint (normal execution)

VM Mutex/Monitor currently owned by a thread: None

Heap:
 PSYoungGen      total 296448K, used 101371K [0x000000076ab00000, 0x000000077f000000, 0x00000007c0000000)
  eden space 263168K, 25% used [0x000000076ab00000,0x000000076ed82d70,0x000000077ac00000)
  from space 33280K, 99% used [0x000000077ac00000,0x000000077cc7bf80,0x000000077cc80000)
  to   space 30208K, 0% used [0x000000077cc80000,0x000000077cc80000,0x000000077ea00000)
 ParOldGen       total 191488K, used 127588K [0x00000006c0000000, 0x00000006cbb00000, 0x000000076ab00000)
  object space 191488K, 66% used [0x00000006c0000000,0x00000006c7c990f8,0x00000006cbb00000)
 Metaspace       used 6385K, capacity 7280K, committed 7552K, reserved 1056768K
  class space    used 586K, capacity 616K, committed 640K, reserved 1048576K

Card table byte_map: [0x00000000127c0000,0x0000000012fd0000] byte_map_base: 0x000000000f1c0000

Marking Bits: (ParMarkBitMap*) 0x00000000688418f0
 Begin Bits: [0x0000000013730000, 0x0000000017730000)
 End Bits:   [0x0000000017730000, 0x000000001b730000)

Polling page: 0x0000000001730000

CodeCache: size=245760Kb used=9289Kb max_used=9289Kb free=236471Kb
 bounds [0x0000000003400000, 0x0000000003d20000, 0x0000000012400000]
 total_blobs=2438 nmethods=2175 adapters=176
 compilation: enabled

Compilation events (10 events):
Event: 9.305 Thread 0x000000001c8d4800 2301 %     3       com.android.dx.rop.code.RegisterSpecSet::mutableCopy @ 17 (57 bytes)
Event: 9.305 Thread 0x000000001c8d4800 nmethod 2301% 0x0000000003d16f50 code [0x0000000003d17100, 0x0000000003d17768]
Event: 9.306 Thread 0x000000001c8d4800 2302       3       com.android.dx.rop.code.RegisterSpecSet::mutableCopy (57 bytes)
Event: 9.307 Thread 0x000000001c8d4800 nmethod 2302 0x0000000003d17ad0 code [0x0000000003d17c80, 0x0000000003d18268]
Event: 9.516 Thread 0x000000001c8d4800 2304       1       com.android.dx.rop.cst.CstLiteral32::getLongBits (6 bytes)
Event: 9.516 Thread 0x000000001c8d4800 nmethod 2304 0x0000000003d18550 code [0x0000000003d186a0, 0x0000000003d187b0]
Event: 9.542 Thread 0x000000001c8d4800 2305 %     3       java.util.HashMap$HashIterator::<init> @ 48 (79 bytes)
Event: 9.542 Thread 0x000000001c8d4800 nmethod 2305% 0x0000000003d18810 code [0x0000000003d18980, 0x0000000003d18d70]
Event: 9.542 Thread 0x000000001c8d4800 2306       3       java.util.HashMap$HashIterator::<init> (79 bytes)
Event: 9.543 Thread 0x000000001c8d4800 nmethod 2306 0x0000000003d18f10 code [0x0000000003d19080, 0x0000000003d19430]

GC Heap History (10 events):
Event: 3.346 GC heap before
{Heap before GC invocations=6 (full 0):
 PSYoungGen      total 138240K, used 138232K [0x000000076ab00000, 0x000000077ea00000, 0x00000007c0000000)
  eden space 133120K, 100% used [0x000000076ab00000,0x0000000772d00000,0x0000000772d00000)
  from space 5120K, 99% used [0x0000000772d00000,0x00000007731fe2d8,0x0000000773200000)
  to   space 30208K, 0% used [0x000000077cc80000,0x000000077cc80000,0x000000077ea00000)
 ParOldGen       total 87552K, used 40850K [0x00000006c0000000, 0x00000006c5580000, 0x000000076ab00000)
  object space 87552K, 46% used [0x00000006c0000000,0x00000006c27e48b8,0x00000006c5580000)
 Metaspace       used 6331K, capacity 7216K, committed 7296K, reserved 1056768K
  class space    used 585K, capacity 616K, committed 640K, reserved 1048576K
Event: 3.421 GC heap after
Heap after GC invocations=6 (full 0):
 PSYoungGen      total 293376K, used 23523K [0x000000076ab00000, 0x000000077f000000, 0x00000007c0000000)
  eden space 263168K, 0% used [0x000000076ab00000,0x000000076ab00000,0x000000077ac00000)
  from space 30208K, 77% used [0x000000077cc80000,0x000000077e378c90,0x000000077ea00000)
  to   space 33280K, 0% used [0x000000077ac00000,0x000000077ac00000,0x000000077cc80000)
 ParOldGen       total 87552K, used 40850K [0x00000006c0000000, 0x00000006c5580000, 0x000000076ab00000)
  object space 87552K, 46% used [0x00000006c0000000,0x00000006c27e48b8,0x00000006c5580000)
 Metaspace       used 6331K, capacity 7216K, committed 7296K, reserved 1056768K
  class space    used 585K, capacity 616K, committed 640K, reserved 1048576K
}
Event: 4.543 GC heap before
{Heap before GC invocations=7 (full 0):
 PSYoungGen      total 293376K, used 286691K [0x000000076ab00000, 0x000000077f000000, 0x00000007c0000000)
  eden space 263168K, 100% used [0x000000076ab00000,0x000000077ac00000,0x000000077ac00000)
  from space 30208K, 77% used [0x000000077cc80000,0x000000077e378c90,0x000000077ea00000)
  to   space 33280K, 0% used [0x000000077ac00000,0x000000077ac00000,0x000000077cc80000)
 ParOldGen       total 87552K, used 40850K [0x00000006c0000000, 0x00000006c5580000, 0x000000076ab00000)
  object space 87552K, 46% used [0x00000006c0000000,0x00000006c27e48b8,0x00000006c5580000)
 Metaspace       used 6354K, capacity 7280K, committed 7552K, reserved 1056768K
  class space    used 586K, capacity 616K, committed 640K, reserved 1048576K
Event: 4.683 GC heap after
Heap after GC invocations=7 (full 0):
 PSYoungGen      total 296448K, used 33271K [0x000000076ab00000, 0x000000077f000000, 0x00000007c0000000)
  eden space 263168K, 0% used [0x000000076ab00000,0x000000076ab00000,0x000000077ac00000)
  from space 33280K, 99% used [0x000000077ac00000,0x000000077cc7dd80,0x000000077cc80000)
  to   space 30208K, 0% used [0x000000077cc80000,0x000000077cc80000,0x000000077ea00000)
 ParOldGen       total 87552K, used 60635K [0x00000006c0000000, 0x00000006c5580000, 0x000000076ab00000)
  object space 87552K, 69% used [0x00000006c0000000,0x00000006c3b36fd0,0x00000006c5580000)
 Metaspace       used 6354K, capacity 7280K, committed 7552K, reserved 1056768K
  class space    used 586K, capacity 616K, committed 640K, reserved 1048576K
}
Event: 5.874 GC heap before
{Heap before GC invocations=8 (full 0):
 PSYoungGen      total 296448K, used 296439K [0x000000076ab00000, 0x000000077f000000, 0x00000007c0000000)
  eden space 263168K, 100% used [0x000000076ab00000,0x000000077ac00000,0x000000077ac00000)
  from space 33280K, 99% used [0x000000077ac00000,0x000000077cc7dd80,0x000000077cc80000)
  to   space 30208K, 0% used [0x000000077cc80000,0x000000077cc80000,0x000000077ea00000)
 ParOldGen       total 87552K, used 60635K [0x00000006c0000000, 0x00000006c5580000, 0x000000076ab00000)
  object space 87552K, 69% used [0x00000006c0000000,0x00000006c3b36fd0,0x00000006c5580000)
 Metaspace       used 6367K, capacity 7280K, committed 7552K, reserved 1056768K
  class space    used 586K, capacity 616K, committed 640K, reserved 1048576K
Event: 6.037 GC heap after
Heap after GC invocations=8 (full 0):
 PSYoungGen      total 293376K, used 30195K [0x000000076ab00000, 0x000000077f000000, 0x00000007c0000000)
  eden space 263168K, 0% used [0x000000076ab00000,0x000000076ab00000,0x000000077ac00000)
  from space 30208K, 99% used [0x000000077cc80000,0x000000077e9fcdc0,0x000000077ea00000)
  to   space 33280K, 0% used [0x000000077ac00000,0x000000077ac00000,0x000000077cc80000)
 ParOldGen       total 98304K, used 98002K [0x00000006c0000000, 0x00000006c6000000, 0x000000076ab00000)
  object space 98304K, 99% used [0x00000006c0000000,0x00000006c5fb4aa0,0x00000006c6000000)
 Metaspace       used 6367K, capacity 7280K, committed 7552K, reserved 1056768K
  class space    used 586K, capacity 616K, committed 640K, reserved 1048576K
}
Event: 6.037 GC heap before
{Heap before GC invocations=9 (full 1):
 PSYoungGen      total 293376K, used 30195K [0x000000076ab00000, 0x000000077f000000, 0x00000007c0000000)
  eden space 263168K, 0% used [0x000000076ab00000,0x000000076ab00000,0x000000077ac00000)
  from space 30208K, 99% used [0x000000077cc80000,0x000000077e9fcdc0,0x000000077ea00000)
  to   space 33280K, 0% used [0x000000077ac00000,0x000000077ac00000,0x000000077cc80000)
 ParOldGen       total 98304K, used 98002K [0x00000006c0000000, 0x00000006c6000000, 0x000000076ab00000)
  object space 98304K, 99% used [0x00000006c0000000,0x00000006c5fb4aa0,0x00000006c6000000)
 Metaspace       used 6367K, capacity 7280K, committed 7552K, reserved 1056768K
  class space    used 586K, capacity 616K, committed 640K, reserved 1048576K
Event: 7.472 GC heap after
Heap after GC invocations=9 (full 1):
 PSYoungGen      total 293376K, used 23174K [0x000000076ab00000, 0x000000077f000000, 0x00000007c0000000)
  eden space 263168K, 0% used [0x000000076ab00000,0x000000076ab00000,0x000000077ac00000)
  from space 30208K, 76% used [0x000000077cc80000,0x000000077e3218c8,0x000000077ea00000)
  to   space 33280K, 0% used [0x000000077ac00000,0x000000077ac00000,0x000000077cc80000)
 ParOldGen       total 191488K, used 98193K [0x00000006c0000000, 0x00000006cbb00000, 0x000000076ab00000)
  object space 191488K, 51% used [0x00000006c0000000,0x00000006c5fe4460,0x00000006cbb00000)
 Metaspace       used 6367K, capacity 7280K, committed 7552K, reserved 1056768K
  class space    used 586K, capacity 616K, committed 640K, reserved 1048576K
}
Event: 8.869 GC heap before
{Heap before GC invocations=10 (full 1):
 PSYoungGen      total 293376K, used 286342K [0x000000076ab00000, 0x000000077f000000, 0x00000007c0000000)
  eden space 263168K, 100% used [0x000000076ab00000,0x000000077ac00000,0x000000077ac00000)
  from space 30208K, 76% used [0x000000077cc80000,0x000000077e3218c8,0x000000077ea00000)
  to   space 33280K, 0% used [0x000000077ac00000,0x000000077ac00000,0x000000077cc80000)
 ParOldGen       total 191488K, used 98193K [0x00000006c0000000, 0x00000006cbb00000, 0x000000076ab00000)
  object space 191488K, 51% used [0x00000006c0000000,0x00000006c5fe4460,0x00000006cbb00000)
 Metaspace       used 6382K, capacity 7280K, committed 7552K, reserved 1056768K
  class space    used 586K, capacity 616K, committed 640K, reserved 1048576K
Event: 9.017 GC heap after
Heap after GC invocations=10 (full 1):
 PSYoungGen      total 296448K, used 33263K [0x000000076ab00000, 0x000000077f000000, 0x00000007c0000000)
  eden space 263168K, 0% used [0x000000076ab00000,0x000000076ab00000,0x000000077ac00000)
  from space 33280K, 99% used [0x000000077ac00000,0x000000077cc7bf80,0x000000077cc80000)
  to   space 30208K, 0% used [0x000000077cc80000,0x000000077cc80000,0x000000077ea00000)
 ParOldGen       total 191488K, used 127588K [0x00000006c0000000, 0x00000006cbb00000, 0x000000076ab00000)
  object space 191488K, 66% used [0x00000006c0000000,0x00000006c7c990f8,0x00000006cbb00000)
 Metaspace       used 6382K, capacity 7280K, committed 7552K, reserved 1056768K
  class space    used 586K, capacity 616K, committed 640K, reserved 1048576K
}

Deoptimization events (10 events):
Event: 3.702 Thread 0x000000001e471800 Uncommon trap: reason=unstable_if action=reinterpret pc=0x000000000387dcf4 method=com.android.dx.dex.code.OutputFinisher.hasLocalInfo(Lcom/android/dx/dex/code/DalvInsn;)Z @ 24
Event: 4.838 Thread 0x0000000001cc0800 Uncommon trap: reason=bimorphic action=maybe_recompile pc=0x0000000003c10c1c method=com.android.dx.cf.code.BytecodeArray.parseInstruction(ILcom/android/dx/cf/code/BytecodeArray$Visitor;)I @ 2281
Event: 4.838 Thread 0x0000000001cc0800 Uncommon trap: reason=bimorphic action=maybe_recompile pc=0x0000000003c10c1c method=com.android.dx.cf.code.BytecodeArray.parseInstruction(ILcom/android/dx/cf/code/BytecodeArray$Visitor;)I @ 2281
Event: 5.705 Thread 0x000000001e978800 Uncommon trap: reason=bimorphic action=maybe_recompile pc=0x0000000003c87ca0 method=com.android.dx.cf.code.BytecodeArray.parseInstruction(ILcom/android/dx/cf/code/BytecodeArray$Visitor;)I @ 1417
Event: 5.707 Thread 0x000000001e978800 Uncommon trap: reason=bimorphic action=maybe_recompile pc=0x0000000003c87ca0 method=com.android.dx.cf.code.BytecodeArray.parseInstruction(ILcom/android/dx/cf/code/BytecodeArray$Visitor;)I @ 1417
Event: 5.794 Thread 0x000000001e979800 Uncommon trap: reason=unstable_if action=reinterpret pc=0x0000000003bf3574 method=com.android.dx.ssa.SCCP.simulateBranch(Lcom/android/dx/ssa/SsaInsn;)V @ 548
Event: 7.502 Thread 0x000000001e979800 Uncommon trap: reason=unstable_if action=reinterpret pc=0x0000000003b7ad08 method=java.util.HashMap.getNode(ILjava/lang/Object;)Ljava/util/HashMap$Node; @ 84
Event: 7.702 Thread 0x000000001e471800 Uncommon trap: reason=unstable_if action=reinterpret pc=0x0000000003bd59dc method=java.util.HashMap.putVal(ILjava/lang/Object;Ljava/lang/Object;ZZ)Ljava/lang/Object; @ 109
Event: 9.226 Thread 0x000000001e60e000 Uncommon trap: reason=unstable_if action=reinterpret pc=0x0000000003c4d850 method=com.android.dx.rop.code.RegisterSpecSet.<init>(I)V @ 2
Event: 9.226 Thread 0x000000001e60e000 Uncommon trap: reason=unstable_if action=reinterpret pc=0x0000000003a16624 method=com.android.dx.rop.code.RegisterSpecSet.<init>(I)V @ 2

Internal exceptions (7 events):
Event: 0.026 Thread 0x0000000001cc0800 Exception <a 'java/lang/NoSuchMethodError': Method sun.misc.Unsafe.defineClass(Ljava/lang/String;[BII)Ljava/lang/Class; name or signature does not match> (0x000000076ab07c78) thrown at [C:\src\android\AOSP-openjdk\external\jetbrains\jdk\hotspot\src\share\vxZâ…žÿš?
Event: 0.026 Thread 0x0000000001cc0800 Exception <a 'java/lang/NoSuchMethodError': Method sun.misc.Unsafe.prefetchRead(Ljava/lang/Object;J)V name or signature does not match> (0x000000076ab07f60) thrown at [C:\src\android\AOSP-openjdk\external\jetbrains\jdk\hotspot\src\share\vm\prims\jni.cpp, lØPÀ¢Hé?
Event: 0.790 Thread 0x000000001e979800 Implicit null exception at 0x0000000003713ee2 to 0x0000000003713fe2
Event: 1.002 Thread 0x000000001e978800 Implicit null exception at 0x00000000037fa4c9 to 0x00000000037fba65
Event: 1.763 Thread 0x000000001e978800 Exception <a 'java/lang/ArrayIndexOutOfBoundsException': 18> (0x000000076ddee8f0) thrown at [C:\src\android\AOSP-openjdk\external\jetbrains\jdk\hotspot\src\share\vm\interpreter\interpreterRuntime.cpp, line 366]
Event: 1.763 Thread 0x000000001e978800 Exception <a 'java/lang/ArrayIndexOutOfBoundsException': 145> (0x000000076ddf0470) thrown at [C:\src\android\AOSP-openjdk\external\jetbrains\jdk\hotspot\src\share\vm\interpreter\interpreterRuntime.cpp, line 366]
Event: 1.764 Thread 0x000000001e978800 Exception <a 'java/lang/ArrayIndexOutOfBoundsException'> (0x000000076ddf1758) thrown at [C:\src\android\AOSP-openjdk\external\jetbrains\jdk\hotspot\src\share\vm\runtime\sharedRuntime.cpp, line 605]

Events (10 events):
Event: 9.226 Thread 0x000000001e60e000 Uncommon trap: trap_request=0xffffff65 fr.pc=0x0000000003c4d850
Event: 9.226 Thread 0x000000001e60e000 DEOPT PACKING pc=0x0000000003c4d850 sp=0x000000001f30ef60
Event: 9.226 Thread 0x000000001e60e000 DEOPT UNPACKING pc=0x000000000344556a sp=0x000000001f30ee88 mode 2
Event: 9.226 Thread 0x000000001e60e000 Uncommon trap: trap_request=0xffffff65 fr.pc=0x0000000003a16624
Event: 9.226 Thread 0x000000001e60e000 DEOPT PACKING pc=0x0000000003a16624 sp=0x000000001f30eea0
Event: 9.226 Thread 0x000000001e60e000 DEOPT UNPACKING pc=0x000000000344556a sp=0x000000001f30edd0 mode 2
Event: 9.307 Thread 0x000000001e978800 DEOPT PACKING pc=0x0000000003d15afb sp=0x000000001f40ec30
Event: 9.307 Thread 0x000000001e978800 DEOPT UNPACKING pc=0x00000000034475bf sp=0x000000001f40e988 mode 0
Event: 9.543 Thread 0x000000001e60e000 DEOPT PACKING pc=0x0000000003a32e59 sp=0x000000001f30eaa0
Event: 9.543 Thread 0x000000001e60e000 DEOPT UNPACKING pc=0x00000000034475bf sp=0x000000001f30e7d0 mode 0


Dynamic libraries:
0x00007ff71e720000 - 0x00007ff71e751000 	C:\Program Files\Android\Android Studio\jre\bin\java.exe
0x00007ffacaa50000 - 0x00007ffacac21000 	C:\WINDOWS\SYSTEM32\ntdll.dll
0x00007ffac7fe0000 - 0x00007ffac808c000 	C:\WINDOWS\System32\KERNEL32.DLL
0x00007ffac6f40000 - 0x00007ffac715d000 	C:\WINDOWS\System32\KERNELBASE.dll
0x00007ffaca6f0000 - 0x00007ffaca792000 	C:\WINDOWS\System32\ADVAPI32.dll
0x00007ffaca870000 - 0x00007ffaca90e000 	C:\WINDOWS\System32\msvcrt.dll
0x00007ffac97d0000 - 0x00007ffac9829000 	C:\WINDOWS\System32\sechost.dll
0x00007ffac96a0000 - 0x00007ffac97c1000 	C:\WINDOWS\System32\RPCRT4.dll
0x00007ffac99d0000 - 0x00007ffac9b35000 	C:\WINDOWS\System32\USER32.dll
0x00007ffac7310000 - 0x00007ffac732e000 	C:\WINDOWS\System32\win32u.dll
0x00007ffac9e40000 - 0x00007ffac9e74000 	C:\WINDOWS\System32\GDI32.dll
0x00007ffac7390000 - 0x00007ffac7512000 	C:\WINDOWS\System32\gdi32full.dll
0x00007ffabd490000 - 0x00007ffabd70a000 	C:\WINDOWS\WinSxS\amd64_microsoft.windows.common-controls_6595b64144ccf1df_6.0.14393.953_none_42151e83c686086b\COMCTL32.dll
0x00007ffac9ff0000 - 0x00007ffaca2b8000 	C:\WINDOWS\System32\combase.dll
0x00007ffac7210000 - 0x00007ffac7305000 	C:\WINDOWS\System32\ucrtbase.dll
0x00007ffac77e0000 - 0x00007ffac784a000 	C:\WINDOWS\System32\bcryptPrimitives.dll
0x00007ffaca7a0000 - 0x00007ffaca7ce000 	C:\WINDOWS\System32\IMM32.DLL
0x0000000069b50000 - 0x0000000069c22000 	C:\Program Files\Android\Android Studio\jre\jre\bin\msvcr100.dll
0x0000000068080000 - 0x00000000688bc000 	C:\Program Files\Android\Android Studio\jre\jre\bin\server\jvm.dll
0x00007ffac9900000 - 0x00007ffac9908000 	C:\WINDOWS\System32\PSAPI.DLL
0x00007ffac47f0000 - 0x00007ffac4813000 	C:\WINDOWS\SYSTEM32\WINMM.dll
0x00007ffabb390000 - 0x00007ffabb399000 	C:\WINDOWS\SYSTEM32\WSOCK32.dll
0x00007ffab88d0000 - 0x00007ffab88da000 	C:\WINDOWS\SYSTEM32\VERSION.dll
0x00007ffac9db0000 - 0x00007ffac9e1a000 	C:\WINDOWS\System32\WS2_32.dll
0x00007ffac47c0000 - 0x00007ffac47eb000 	C:\WINDOWS\SYSTEM32\WINMMBASE.dll
0x00007ffac7520000 - 0x00007ffac7562000 	C:\WINDOWS\System32\cfgmgr32.dll
0x00007ffabb290000 - 0x00007ffabb29f000 	C:\Program Files\Android\Android Studio\jre\jre\bin\verify.dll
0x00007ffaad5a0000 - 0x00007ffaad5c9000 	C:\Program Files\Android\Android Studio\jre\jre\bin\java.dll
0x00007ffabb270000 - 0x00007ffabb286000 	C:\Program Files\Android\Android Studio\jre\jre\bin\zip.dll
0x00007ffac8090000 - 0x00007ffac9598000 	C:\WINDOWS\System32\SHELL32.dll
0x00007ffac7850000 - 0x00007ffac7f2a000 	C:\WINDOWS\System32\windows.storage.dll
0x00007ffac6ec0000 - 0x00007ffac6f0c000 	C:\WINDOWS\System32\powrprof.dll
0x00007ffac98a0000 - 0x00007ffac98f2000 	C:\WINDOWS\System32\shlwapi.dll
0x00007ffac6eb0000 - 0x00007ffac6ebf000 	C:\WINDOWS\System32\kernel.appcore.dll
0x00007ffac7160000 - 0x00007ffac7209000 	C:\WINDOWS\System32\shcore.dll
0x00007ffac6f10000 - 0x00007ffac6f24000 	C:\WINDOWS\System32\profapi.dll

VM Arguments:
jvm_args: -Djava.awt.headless=true -Xmx4g -Dfile.encoding=windows-1251 -Duser.country=RU -Duser.language=ru -Duser.variant 
java_command: com.android.dx.command.Main --dex --num-threads=4 --multi-dex --main-dex-list C:\Users\User\Documents\GitHub\VKSearch\app\build\intermediates\multi-dex\debug\maindexlist.txt --output C:\Users\User\Documents\GitHub\VKSearch\app\build\intermediates\transforms\dex\debug\folders\1000\1f\main C:\Users\User\Documents\GitHub\VKSearch\app\build\intermediates\transforms\jarMerging\debug\jars\1\1f\combined.jar
java_class_path (initial): C:\Users\User\AppData\Local\Android\sdk\build-tools\25.0.2\lib\dx.jar
Launcher Type: SUN_STANDARD

Environment Variables:
PATH=C:\ProgramData\Oracle\Java\javapath;C:\Program Files\Broadcom\Broadcom 802.11 Network Adapter;C:\Program Files (x86)\NVIDIA Corporation\PhysX\Common;C:\Program Files (x86)\Intel\iCLS Client\;C:\Program Files\Intel\iCLS Client\;C:\Windows\system32;C:\Windows;C:\Windows\System32\Wbem;C:\Windows\System32\WindowsPowerShell\v1.0\;C:\Program Files\Intel\Intel(R) Management Engine Components\DAL;C:\Program Files\Intel\Intel(R) Management Engine Components\IPT;C:\Program Files (x86)\Intel\Intel(R) Management Engine Components\DAL;C:\Program Files (x86)\Intel\Intel(R) Management Engine Components\IPT;C:\Program Files\WIDCOMM\Bluetooth Software\;C:\Program Files\WIDCOMM\Bluetooth Software\syswow64;C:\Program Files\Acer\Remote Files\;C:\Program Files\OpenVPN\bin;C:\WINDOWS\system32;C:\WINDOWS;C:\WINDOWS\System32\Wbem;C:\WINDOWS\System32\WindowsPowerShell\v1.0\;C:\Users\User\AppData\Local\Microsoft\WindowsApps;
USERNAME=User
OS=Windows_NT
PROCESSOR_IDENTIFIER=Intel64 Family 6 Model 69 Stepping 1, GenuineIntel



---------------  S Y S T E M  ---------------

OS: Windows 10.0 , 64 bit Build 14393 (10.0.14393.1198)

CPU:total 4 (2 cores per cpu, 2 threads per core) family 6 model 69 stepping 1, cmov, cx8, fxsr, mmx, sse, sse2, sse3, ssse3, sse4.1, sse4.2, popcnt, avx, avx2, aes, clmul, erms, lzcnt, ht, tsc, tscinvbit, bmi1, bmi2

Memory: 4k page, physical 8310040k(940840k free), swap 12406040k(3252k free)

vm_info: OpenJDK 64-Bit Server VM (25.112-b06) for windows-amd64 JRE (1.8.0_112-release-b06), built on Dec  8 2016 00:54:26 by "builder" with MS VC++ 10.0 (VS2010)

time: Thu May 25 13:46:27 2017
elapsed time: 9 seconds (0d 0h 0m 9s)

