#
# There is insufficient memory for the Java Runtime Environment to continue.
# Native memory allocation (malloc) failed to allocate 435056 bytes for Chunk::new
# Possible reasons:
#   The system is out of physical RAM or swap space
#   In 32 bit mode, the process size limit was hit
# Possible solutions:
#   Reduce memory load on the system
#   Increase physical memory or swap space
#   Check if swap backing store is full
#   Use 64 bit Java on a 64 bit OS
#   Decrease Java heap size (-Xmx/-Xms)
#   Decrease number of Java threads
#   Decrease Java thread stack sizes (-Xss)
#   Set larger code cache with -XX:ReservedCodeCacheSize=
# This output file may be truncated or incomplete.
#
#  Out of Memory Error (allocation.cpp:390), pid=12300, tid=0x00000000000028b4
#
# JRE version: OpenJDK Runtime Environment (8.0_112-b06) (build 1.8.0_112-release-b06)
# Java VM: OpenJDK 64-Bit Server VM (25.112-b06 mixed mode windows-amd64 compressed oops)
# Failed to write core dump. Minidumps are not enabled by default on client versions of Windows
#

---------------  T H R E A D  ---------------

Current thread (0x000000001bafe000):  JavaThread "C2 CompilerThread0" daemon [_thread_in_native, id=10420, stack(0x000000001d150000,0x000000001d250000)]

Stack: [0x000000001d150000,0x000000001d250000]
[error occurred during error reporting (printing stack bounds), id 0xc0000005]

Native frames: (J=compiled Java code, j=interpreted, Vv=VM code, C=native code)


Current CompileTask:
C2:  15710 2387       4       com.android.dx.rop.code.LocalVariableExtractor::processBlock (327 bytes)


---------------  P R O C E S S  ---------------

Java Threads: ( => current thread )
  0x000000001daa3800 JavaThread "pool-2-thread-4" [_thread_in_Java, id=11488, stack(0x000000001e650000,0x000000001e750000)]
  0x000000001ddae800 JavaThread "pool-2-thread-3" [_thread_in_Java, id=10012, stack(0x000000001e550000,0x000000001e650000)]
  0x000000001ddad800 JavaThread "pool-2-thread-2" [_thread_blocked, id=12760, stack(0x000000001e450000,0x000000001e550000)]
  0x000000001d7c6800 JavaThread "pool-3-thread-1" [_thread_blocked, id=6044, stack(0x000000001e350000,0x000000001e450000)]
  0x000000001db7f800 JavaThread "pool-2-thread-1" [_thread_blocked, id=8864, stack(0x000000001e250000,0x000000001e350000)]
  0x000000001d46b000 JavaThread "Service Thread" daemon [_thread_blocked, id=10252, stack(0x000000001d850000,0x000000001d950000)]
  0x000000001bb08000 JavaThread "C1 CompilerThread2" daemon [_thread_blocked, id=16096, stack(0x000000001d350000,0x000000001d450000)]
  0x000000001bb01800 JavaThread "C2 CompilerThread1" daemon [_thread_in_native, id=11192, stack(0x000000001d250000,0x000000001d350000)]
=>0x000000001bafe000 JavaThread "C2 CompilerThread0" daemon [_thread_in_native, id=10420, stack(0x000000001d150000,0x000000001d250000)]
  0x000000001bafc800 JavaThread "Attach Listener" daemon [_thread_blocked, id=10812, stack(0x000000001d050000,0x000000001d150000)]
  0x000000001bafb000 JavaThread "Signal Dispatcher" daemon [_thread_blocked, id=13384, stack(0x000000001cf50000,0x000000001d050000)]
  0x0000000000f8b800 JavaThread "Finalizer" daemon [_thread_blocked, id=16184, stack(0x000000001cd60000,0x000000001ce60000)]
  0x0000000000f80800 JavaThread "Reference Handler" daemon [_thread_blocked, id=13184, stack(0x000000001cc60000,0x000000001cd60000)]
  0x0000000000e90800 JavaThread "main" [_thread_in_Java, id=16952, stack(0x0000000000d90000,0x0000000000e90000)]

Other Threads:
  0x000000001bac5000 VMThread [stack: 0x000000001cb60000,0x000000001cc60000] [id=11184]
  0x000000001d46c800 WatcherThread [stack: 0x000000001d950000,0x000000001da50000] [id=8628]

VM state:not at safepoint (normal execution)

VM Mutex/Monitor currently owned by a thread: None

Heap:
 PSYoungGen      total 558592K, used 113400K [0x000000076ab00000, 0x0000000798800000, 0x00000007c0000000)
  eden space 456192K, 8% used [0x000000076ab00000,0x000000076d056cb0,0x0000000786880000)
  from space 102400K, 73% used [0x0000000786880000,0x000000078b1e7698,0x000000078cc80000)
  to   space 110080K, 0% used [0x0000000791c80000,0x0000000791c80000,0x0000000798800000)
 ParOldGen       total 374272K, used 220603K [0x00000006c0000000, 0x00000006d6d80000, 0x000000076ab00000)
  object space 374272K, 58% used [0x00000006c0000000,0x00000006cd76ecd0,0x00000006d6d80000)
 Metaspace       used 6412K, capacity 7280K, committed 7552K, reserved 1056768K
  class space    used 585K, capacity 616K, committed 640K, reserved 1048576K

Card table byte_map: [0x0000000001350000,0x0000000001b60000] byte_map_base: 0xfffffffffdd50000

Marking Bits: (ParMarkBitMap*) 0x00000000688418f0
 Begin Bits: [0x0000000012960000, 0x0000000016960000)
 End Bits:   [0x0000000016960000, 0x000000001a960000)

Polling page: 0x0000000000950000

CodeCache: size=245760Kb used=10413Kb max_used=10446Kb free=235346Kb
 bounds [0x0000000003400000, 0x0000000003e40000, 0x0000000012400000]
 total_blobs=2488 nmethods=2225 adapters=176
 compilation: enabled

Compilation events (10 events):
Event: 14.837 Thread 0x000000001bb08000 2394       3       com.android.dx.ssa.back.FirstFitLocalCombiningAllocator::ssaSetToSpecs (57 bytes)
Event: 14.839 Thread 0x000000001bb08000 nmethod 2394 0x0000000003e18ed0 code [0x0000000003e19180, 0x0000000003e1a438]
Event: 14.899 Thread 0x000000001bb08000 2395       2       com.android.dx.rop.type.StdTypeList::withAddedType (55 bytes)
Event: 14.900 Thread 0x000000001bb08000 nmethod 2395 0x0000000003e0c950 code [0x0000000003e0cb60, 0x0000000003e0d458]
Event: 14.900 Thread 0x000000001bb08000 2396       2       com.android.dx.rop.code.ThrowingCstInsn::withAddedCatch (34 bytes)
Event: 14.901 Thread 0x000000001bb08000 nmethod 2396 0x0000000003e0c490 code [0x0000000003e0c600, 0x0000000003e0c858]
Event: 15.067 Thread 0x000000001bafe000 nmethod 2340 0x0000000003e24410 code [0x0000000003e249e0, 0x0000000003e2ae40]
Event: 15.068 Thread 0x000000001bafe000 2387       4       com.android.dx.rop.code.LocalVariableExtractor::processBlock (327 bytes)
Event: 15.129 Thread 0x000000001bb08000 2398       3       com.android.dx.rop.code.InsnList::contentEquals (54 bytes)
Event: 15.130 Thread 0x000000001bb08000 nmethod 2398 0x0000000003e23450 code [0x0000000003e23620, 0x0000000003e240c8]

GC Heap History (10 events):
Event: 6.869 GC heap before
{Heap before GC invocations=9 (full 1):
 PSYoungGen      total 295936K, used 265197K [0x000000076ab00000, 0x0000000790f00000, 0x00000007c0000000)
  eden space 262656K, 100% used [0x000000076ab00000,0x000000077ab80000,0x000000077ab80000)
  from space 33280K, 7% used [0x000000077ab80000,0x000000077adfb420,0x000000077cc00000)
  to   space 50688K, 0% used [0x000000078dd80000,0x000000078dd80000,0x0000000790f00000)
 ParOldGen       total 172032K, used 87144K [0x00000006c0000000, 0x00000006ca800000, 0x000000076ab00000)
  object space 172032K, 50% used [0x00000006c0000000,0x00000006c551a288,0x00000006ca800000)
 Metaspace       used 6373K, capacity 7280K, committed 7552K, reserved 1056768K
  class space    used 585K, capacity 616K, committed 640K, reserved 1048576K
Event: 6.969 GC heap after
Heap after GC invocations=9 (full 1):
 PSYoungGen      total 365056K, used 37284K [0x000000076ab00000, 0x0000000790200000, 0x00000007c0000000)
  eden space 327680K, 0% used [0x000000076ab00000,0x000000076ab00000,0x000000077eb00000)
  from space 37376K, 99% used [0x000000078dd80000,0x00000007901e93f8,0x0000000790200000)
  to   space 54784K, 0% used [0x0000000789700000,0x0000000789700000,0x000000078cc80000)
 ParOldGen       total 172032K, used 87152K [0x00000006c0000000, 0x00000006ca800000, 0x000000076ab00000)
  object space 172032K, 50% used [0x00000006c0000000,0x00000006c551c288,0x00000006ca800000)
 Metaspace       used 6373K, capacity 7280K, committed 7552K, reserved 1056768K
  class space    used 585K, capacity 616K, committed 640K, reserved 1048576K
}
Event: 8.462 GC heap before
{Heap before GC invocations=10 (full 1):
 PSYoungGen      total 365056K, used 364964K [0x000000076ab00000, 0x0000000790200000, 0x00000007c0000000)
  eden space 327680K, 100% used [0x000000076ab00000,0x000000077eb00000,0x000000077eb00000)
  from space 37376K, 99% used [0x000000078dd80000,0x00000007901e93f8,0x0000000790200000)
  to   space 54784K, 0% used [0x0000000789700000,0x0000000789700000,0x000000078cc80000)
 ParOldGen       total 172032K, used 87152K [0x00000006c0000000, 0x00000006ca800000, 0x000000076ab00000)
  object space 172032K, 50% used [0x00000006c0000000,0x00000006c551c288,0x00000006ca800000)
 Metaspace       used 6395K, capacity 7280K, committed 7552K, reserved 1056768K
  class space    used 585K, capacity 616K, committed 640K, reserved 1048576K
Event: 8.679 GC heap after
Heap after GC invocations=10 (full 1):
 PSYoungGen      total 441344K, used 54781K [0x000000076ab00000, 0x000000078de00000, 0x00000007c0000000)
  eden space 386560K, 0% used [0x000000076ab00000,0x000000076ab00000,0x0000000782480000)
  from space 54784K, 99% used [0x0000000789700000,0x000000078cc7f540,0x000000078cc80000)
  to   space 17920K, 0% used [0x000000078cc80000,0x000000078cc80000,0x000000078de00000)
 ParOldGen       total 172032K, used 118295K [0x00000006c0000000, 0x00000006ca800000, 0x000000076ab00000)
  object space 172032K, 68% used [0x00000006c0000000,0x00000006c7385ef8,0x00000006ca800000)
 Metaspace       used 6395K, capacity 7280K, committed 7552K, reserved 1056768K
  class space    used 585K, capacity 616K, committed 640K, reserved 1048576K
}
Event: 10.641 GC heap before
{Heap before GC invocations=11 (full 1):
 PSYoungGen      total 441344K, used 441341K [0x000000076ab00000, 0x000000078de00000, 0x00000007c0000000)
  eden space 386560K, 100% used [0x000000076ab00000,0x0000000782480000,0x0000000782480000)
  from space 54784K, 99% used [0x0000000789700000,0x000000078cc7f540,0x000000078cc80000)
  to   space 17920K, 0% used [0x000000078cc80000,0x000000078cc80000,0x000000078de00000)
 ParOldGen       total 172032K, used 118295K [0x00000006c0000000, 0x00000006ca800000, 0x000000076ab00000)
  object space 172032K, 68% used [0x00000006c0000000,0x00000006c7385ef8,0x00000006ca800000)
 Metaspace       used 6405K, capacity 7280K, committed 7552K, reserved 1056768K
  class space    used 585K, capacity 616K, committed 640K, reserved 1048576K
Event: 10.953 GC heap after
Heap after GC invocations=11 (full 1):
 PSYoungGen      total 474112K, used 17919K [0x000000076ab00000, 0x0000000793980000, 0x00000007c0000000)
  eden space 456192K, 0% used [0x000000076ab00000,0x000000076ab00000,0x0000000786880000)
  from space 17920K, 99% used [0x000000078cc80000,0x000000078ddffd10,0x000000078de00000)
  to   space 102400K, 0% used [0x0000000786880000,0x0000000786880000,0x000000078cc80000)
 ParOldGen       total 212480K, used 211613K [0x00000006c0000000, 0x00000006ccf80000, 0x000000076ab00000)
  object space 212480K, 99% used [0x00000006c0000000,0x00000006ccea7758,0x00000006ccf80000)
 Metaspace       used 6405K, capacity 7280K, committed 7552K, reserved 1056768K
  class space    used 585K, capacity 616K, committed 640K, reserved 1048576K
}
Event: 10.953 GC heap before
{Heap before GC invocations=12 (full 2):
 PSYoungGen      total 474112K, used 17919K [0x000000076ab00000, 0x0000000793980000, 0x00000007c0000000)
  eden space 456192K, 0% used [0x000000076ab00000,0x000000076ab00000,0x0000000786880000)
  from space 17920K, 99% used [0x000000078cc80000,0x000000078ddffd10,0x000000078de00000)
  to   space 102400K, 0% used [0x0000000786880000,0x0000000786880000,0x000000078cc80000)
 ParOldGen       total 212480K, used 211613K [0x00000006c0000000, 0x00000006ccf80000, 0x000000076ab00000)
  object space 212480K, 99% used [0x00000006c0000000,0x00000006ccea7758,0x00000006ccf80000)
 Metaspace       used 6405K, capacity 7280K, committed 7552K, reserved 1056768K
  class space    used 585K, capacity 616K, committed 640K, reserved 1048576K
Event: 12.799 GC heap after
Heap after GC invocations=12 (full 2):
 PSYoungGen      total 474112K, used 13746K [0x000000076ab00000, 0x0000000793980000, 0x00000007c0000000)
  eden space 456192K, 0% used [0x000000076ab00000,0x000000076ab00000,0x0000000786880000)
  from space 17920K, 76% used [0x000000078cc80000,0x000000078d9ec900,0x000000078de00000)
  to   space 102400K, 0% used [0x0000000786880000,0x0000000786880000,0x000000078cc80000)
 ParOldGen       total 374272K, used 212423K [0x00000006c0000000, 0x00000006d6d80000, 0x000000076ab00000)
  object space 374272K, 56% used [0x00000006c0000000,0x00000006ccf71f30,0x00000006d6d80000)
 Metaspace       used 6405K, capacity 7280K, committed 7552K, reserved 1056768K
  class space    used 585K, capacity 616K, committed 640K, reserved 1048576K
}
Event: 15.206 GC heap before
{Heap before GC invocations=13 (full 2):
 PSYoungGen      total 474112K, used 469938K [0x000000076ab00000, 0x0000000793980000, 0x00000007c0000000)
  eden space 456192K, 100% used [0x000000076ab00000,0x0000000786880000,0x0000000786880000)
  from space 17920K, 76% used [0x000000078cc80000,0x000000078d9ec900,0x000000078de00000)
  to   space 102400K, 0% used [0x0000000786880000,0x0000000786880000,0x000000078cc80000)
 ParOldGen       total 374272K, used 212423K [0x00000006c0000000, 0x00000006d6d80000, 0x000000076ab00000)
  object space 374272K, 56% used [0x00000006c0000000,0x00000006ccf71f30,0x00000006d6d80000)
 Metaspace       used 6412K, capacity 7280K, committed 7552K, reserved 1056768K
  class space    used 585K, capacity 616K, committed 640K, reserved 1048576K
Event: 15.442 GC heap after
Heap after GC invocations=13 (full 2):
 PSYoungGen      total 558592K, used 75165K [0x000000076ab00000, 0x0000000798800000, 0x00000007c0000000)
  eden space 456192K, 0% used [0x000000076ab00000,0x000000076ab00000,0x0000000786880000)
  from space 102400K, 73% used [0x0000000786880000,0x000000078b1e7698,0x000000078cc80000)
  to   space 110080K, 0% used [0x0000000791c80000,0x0000000791c80000,0x0000000798800000)
 ParOldGen       total 374272K, used 220603K [0x00000006c0000000, 0x00000006d6d80000, 0x000000076ab00000)
  object space 374272K, 58% used [0x00000006c0000000,0x00000006cd76ecd0,0x00000006d6d80000)
 Metaspace       used 6412K, capacity 7280K, committed 7552K, reserved 1056768K
  class space    used 585K, capacity 616K, committed 640K, reserved 1048576K
}

Deoptimization events (10 events):
Event: 7.066 Thread 0x000000001daa3800 Uncommon trap: reason=unstable_if action=reinterpret pc=0x0000000003ad8ef4 method=java.util.HashMap.putVal(ILjava/lang/Object;Ljava/lang/Object;ZZ)Ljava/lang/Object; @ 109
Event: 8.266 Thread 0x000000001ddad800 Uncommon trap: reason=unstable_if action=reinterpret pc=0x0000000003c7b00c method=com.android.dx.rop.code.RegisterSpecSet.<init>(I)V @ 2
Event: 8.266 Thread 0x000000001ddad800 Uncommon trap: reason=unstable_if action=reinterpret pc=0x0000000003a09528 method=com.android.dx.rop.code.RegisterSpecSet.<init>(I)V @ 2
Event: 8.690 Thread 0x000000001db7f800 Uncommon trap: reason=bimorphic action=maybe_recompile pc=0x0000000003af8d34 method=com.android.dx.ssa.LiteralOpUpgrader.tryReplacingWithConstant(Lcom/android/dx/ssa/NormalSsaInsn;)Z @ 62
Event: 8.695 Thread 0x000000001db7f800 Uncommon trap: reason=bimorphic action=maybe_recompile pc=0x0000000003af8d34 method=com.android.dx.ssa.LiteralOpUpgrader.tryReplacingWithConstant(Lcom/android/dx/ssa/NormalSsaInsn;)Z @ 62
Event: 8.726 Thread 0x000000001ddad800 Uncommon trap: reason=unstable_if action=reinterpret pc=0x000000000390ca98 method=com.android.dx.ssa.SsaMethod.getExitBlock()Lcom/android/dx/ssa/SsaBasicBlock; @ 4
Event: 8.726 Thread 0x000000001ddad800 Uncommon trap: reason=unstable_if action=reinterpret pc=0x0000000003739afc method=com.android.dx.ssa.SsaMethod.getExitBlock()Lcom/android/dx/ssa/SsaBasicBlock; @ 4
Event: 8.858 Thread 0x0000000000e90800 Uncommon trap: reason=unstable_if action=reinterpret pc=0x0000000003c57c00 method=java.util.HashMap.putVal(ILjava/lang/Object;Ljava/lang/Object;ZZ)Ljava/lang/Object; @ 109
Event: 9.977 Thread 0x000000001daa3800 Uncommon trap: reason=bimorphic action=maybe_recompile pc=0x0000000003af8d34 method=com.android.dx.ssa.LiteralOpUpgrader.tryReplacingWithConstant(Lcom/android/dx/ssa/NormalSsaInsn;)Z @ 62
Event: 10.017 Thread 0x0000000000e90800 Uncommon trap: reason=bimorphic action=maybe_recompile pc=0x0000000003af8d34 method=com.android.dx.ssa.LiteralOpUpgrader.tryReplacingWithConstant(Lcom/android/dx/ssa/NormalSsaInsn;)Z @ 62

Internal exceptions (8 events):
Event: 0.025 Thread 0x0000000000e90800 Exception <a 'java/lang/NoSuchMethodError': Method sun.misc.Unsafe.defineClass(Ljava/lang/String;[BII)Ljava/lang/Class; name or signature does not match> (0x000000076ab07c78) thrown at [C:\src\android\AOSP-openjdk\external\jetbrains\jdk\hotspot\src\share\v-2Ñ,%š?
Event: 0.025 Thread 0x0000000000e90800 Exception <a 'java/lang/NoSuchMethodError': Method sun.misc.Unsafe.prefetchRead(Ljava/lang/Object;J)V name or signature does not match> (0x000000076ab07f60) thrown at [C:\src\android\AOSP-openjdk\external\jetbrains\jdk\hotspot\src\share\vm\prims\jni.cpp, l«ÕŠ]œê?
Event: 0.832 Thread 0x000000001ddad800 Implicit null exception at 0x0000000003722fa2 to 0x00000000037230a2
Event: 0.939 Thread 0x000000001daa3800 Implicit null exception at 0x00000000038970b6 to 0x0000000003899b25
Event: 1.327 Thread 0x000000001db7f800 Implicit null exception at 0x000000000393dded to 0x000000000393dfb9
Event: 1.587 Thread 0x000000001ddae800 Exception <a 'java/lang/ArrayIndexOutOfBoundsException': 18> (0x000000076c363128) thrown at [C:\src\android\AOSP-openjdk\external\jetbrains\jdk\hotspot\src\share\vm\interpreter\interpreterRuntime.cpp, line 366]
Event: 1.588 Thread 0x000000001ddae800 Exception <a 'java/lang/ArrayIndexOutOfBoundsException': 145> (0x000000076c364ca8) thrown at [C:\src\android\AOSP-openjdk\external\jetbrains\jdk\hotspot\src\share\vm\interpreter\interpreterRuntime.cpp, line 366]
Event: 1.588 Thread 0x000000001ddae800 Exception <a 'java/lang/ArrayIndexOutOfBoundsException'> (0x000000076c365f90) thrown at [C:\src\android\AOSP-openjdk\external\jetbrains\jdk\hotspot\src\share\vm\runtime\sharedRuntime.cpp, line 605]

Events (10 events):
Event: 14.776 Thread 0x0000000000e90800 DEOPT PACKING pc=0x0000000003730164 sp=0x0000000000e8e4b0
Event: 14.776 Thread 0x0000000000e90800 DEOPT UNPACKING pc=0x00000000034475bf sp=0x0000000000e8e1c8 mode 0
Event: 14.837 Thread 0x0000000000e90800 DEOPT PACKING pc=0x0000000003b377de sp=0x0000000000e8df40
Event: 14.837 Thread 0x0000000000e90800 DEOPT UNPACKING pc=0x00000000034475bf sp=0x0000000000e8dc30 mode 0
Event: 15.005 Thread 0x000000001ddae800 DEOPT PACKING pc=0x0000000003730164 sp=0x000000001e64e960
Event: 15.006 Thread 0x000000001ddae800 DEOPT UNPACKING pc=0x00000000034475bf sp=0x000000001e64e678 mode 0
Event: 15.206 Executing VM operation: ParallelGCFailedAllocation
Event: 15.442 Executing VM operation: ParallelGCFailedAllocation done
Event: 15.551 Thread 0x000000001db7f800 DEOPT PACKING pc=0x0000000003730164 sp=0x000000001e34ed20
Event: 15.551 Thread 0x000000001db7f800 DEOPT UNPACKING pc=0x00000000034475bf sp=0x000000001e34ea38 mode 0


Dynamic libraries:
0x00007ff71e720000 - 0x00007ff71e751000 	C:\Program Files\Android\Android Studio\jre\bin\java.exe
0x00007ffacaa50000 - 0x00007ffacac21000 	C:\WINDOWS\SYSTEM32\ntdll.dll
0x00007ffac7fe0000 - 0x00007ffac808c000 	C:\WINDOWS\System32\KERNEL32.DLL
0x00007ffac6f40000 - 0x00007ffac715d000 	C:\WINDOWS\System32\KERNELBASE.dll
0x00007ffaca6f0000 - 0x00007ffaca792000 	C:\WINDOWS\System32\ADVAPI32.dll
0x00007ffaca870000 - 0x00007ffaca90e000 	C:\WINDOWS\System32\msvcrt.dll
0x00007ffac97d0000 - 0x00007ffac9829000 	C:\WINDOWS\System32\sechost.dll
0x00007ffac96a0000 - 0x00007ffac97c1000 	C:\WINDOWS\System32\RPCRT4.dll
0x00007ffac99d0000 - 0x00007ffac9b35000 	C:\WINDOWS\System32\USER32.dll
0x00007ffac7310000 - 0x00007ffac732e000 	C:\WINDOWS\System32\win32u.dll
0x00007ffac9e40000 - 0x00007ffac9e74000 	C:\WINDOWS\System32\GDI32.dll
0x00007ffac7390000 - 0x00007ffac7512000 	C:\WINDOWS\System32\gdi32full.dll
0x00007ffabd490000 - 0x00007ffabd70a000 	C:\WINDOWS\WinSxS\amd64_microsoft.windows.common-controls_6595b64144ccf1df_6.0.14393.953_none_42151e83c686086b\COMCTL32.dll
0x00007ffac9ff0000 - 0x00007ffaca2b8000 	C:\WINDOWS\System32\combase.dll
0x00007ffac7210000 - 0x00007ffac7305000 	C:\WINDOWS\System32\ucrtbase.dll
0x00007ffac77e0000 - 0x00007ffac784a000 	C:\WINDOWS\System32\bcryptPrimitives.dll
0x00007ffaca7a0000 - 0x00007ffaca7ce000 	C:\WINDOWS\System32\IMM32.DLL
0x0000000069b50000 - 0x0000000069c22000 	C:\Program Files\Android\Android Studio\jre\jre\bin\msvcr100.dll
0x0000000068080000 - 0x00000000688bc000 	C:\Program Files\Android\Android Studio\jre\jre\bin\server\jvm.dll
0x00007ffac9900000 - 0x00007ffac9908000 	C:\WINDOWS\System32\PSAPI.DLL
0x00007ffac47f0000 - 0x00007ffac4813000 	C:\WINDOWS\SYSTEM32\WINMM.dll
0x00007ffab88d0000 - 0x00007ffab88da000 	C:\WINDOWS\SYSTEM32\VERSION.dll
0x00007ffabb390000 - 0x00007ffabb399000 	C:\WINDOWS\SYSTEM32\WSOCK32.dll
0x00007ffac9db0000 - 0x00007ffac9e1a000 	C:\WINDOWS\System32\WS2_32.dll
0x0000000000980000 - 0x00000000009ab000 	C:\WINDOWS\SYSTEM32\WINMMBASE.dll
0x00007ffac7520000 - 0x00007ffac7562000 	C:\WINDOWS\System32\cfgmgr32.dll
0x00007ffabb290000 - 0x00007ffabb29f000 	C:\Program Files\Android\Android Studio\jre\jre\bin\verify.dll
0x00007ffaad5a0000 - 0x00007ffaad5c9000 	C:\Program Files\Android\Android Studio\jre\jre\bin\java.dll
0x00007ffabb270000 - 0x00007ffabb286000 	C:\Program Files\Android\Android Studio\jre\jre\bin\zip.dll
0x00007ffac8090000 - 0x00007ffac9598000 	C:\WINDOWS\System32\SHELL32.dll
0x00007ffac7850000 - 0x00007ffac7f2a000 	C:\WINDOWS\System32\windows.storage.dll
0x00007ffac6ec0000 - 0x00007ffac6f0c000 	C:\WINDOWS\System32\powrprof.dll
0x00007ffac98a0000 - 0x00007ffac98f2000 	C:\WINDOWS\System32\shlwapi.dll
0x00007ffac6eb0000 - 0x00007ffac6ebf000 	C:\WINDOWS\System32\kernel.appcore.dll
0x00007ffac7160000 - 0x00007ffac7209000 	C:\WINDOWS\System32\shcore.dll
0x00007ffac6f10000 - 0x00007ffac6f24000 	C:\WINDOWS\System32\profapi.dll

VM Arguments:
jvm_args: -Djava.awt.headless=true -Xmx4g -Dfile.encoding=windows-1251 -Duser.country=RU -Duser.language=ru -Duser.variant 
java_command: com.android.dx.command.Main --dex --num-threads=4 --multi-dex --main-dex-list C:\Users\User\Documents\GitHub\VKSearch\app\build\intermediates\multi-dex\debug\maindexlist.txt --output C:\Users\User\Documents\GitHub\VKSearch\app\build\intermediates\transforms\dex\debug\folders\1000\1f\main C:\Users\User\Documents\GitHub\VKSearch\app\build\intermediates\transforms\jarMerging\debug\jars\1\1f\combined.jar
java_class_path (initial): C:\Users\User\AppData\Local\Android\sdk\build-tools\25.0.2\lib\dx.jar
Launcher Type: SUN_STANDARD

Environment Variables:
PATH=C:\ProgramData\Oracle\Java\javapath;C:\Program Files\Broadcom\Broadcom 802.11 Network Adapter;C:\Program Files (x86)\NVIDIA Corporation\PhysX\Common;C:\Program Files (x86)\Intel\iCLS Client\;C:\Program Files\Intel\iCLS Client\;C:\Windows\system32;C:\Windows;C:\Windows\System32\Wbem;C:\Windows\System32\WindowsPowerShell\v1.0\;C:\Program Files\Intel\Intel(R) Management Engine Components\DAL;C:\Program Files\Intel\Intel(R) Management Engine Components\IPT;C:\Program Files (x86)\Intel\Intel(R) Management Engine Components\DAL;C:\Program Files (x86)\Intel\Intel(R) Management Engine Components\IPT;C:\Program Files\WIDCOMM\Bluetooth Software\;C:\Program Files\WIDCOMM\Bluetooth Software\syswow64;C:\Program Files\Acer\Remote Files\;C:\Program Files\OpenVPN\bin;C:\WINDOWS\system32;C:\WINDOWS;C:\WINDOWS\System32\Wbem;C:\WINDOWS\System32\WindowsPowerShell\v1.0\;C:\Users\User\AppData\Local\Microsoft\WindowsApps;
USERNAME=User
OS=Windows_NT
PROCESSOR_IDENTIFIER=Intel64 Family 6 Model 69 Stepping 1, GenuineIntel



---------------  S Y S T E M  ---------------

OS: Windows 10.0 , 64 bit Build 14393 (10.0.14393.1198)

CPU:total 4 (2 cores per cpu, 2 threads per core) family 6 model 69 stepping 1, cmov, cx8, fxsr, mmx, sse, sse2, sse3, ssse3, sse4.1, sse4.2, popcnt, avx, avx2, aes, clmul, erms, lzcnt, ht, tsc, tscinvbit, bmi1, bmi2

Memory: 4k page, physical 8310040k(891240k free), swap 12406040k(5196k free)

vm_info: OpenJDK 64-Bit Server VM (25.112-b06) for windows-amd64 JRE (1.8.0_112-release-b06), built on Dec  8 2016 00:54:26 by "builder" with MS VC++ 10.0 (VS2010)

time: Thu May 25 14:03:46 2017
elapsed time: 15 seconds (0d 0h 0m 15s)

