#
# There is insufficient memory for the Java Runtime Environment to continue.
# Native memory allocation (malloc) failed to allocate 764976 bytes for Chunk::new
# Possible reasons:
#   The system is out of physical RAM or swap space
#   In 32 bit mode, the process size limit was hit
# Possible solutions:
#   Reduce memory load on the system
#   Increase physical memory or swap space
#   Check if swap backing store is full
#   Use 64 bit Java on a 64 bit OS
#   Decrease Java heap size (-Xmx/-Xms)
#   Decrease number of Java threads
#   Decrease Java thread stack sizes (-Xss)
#   Set larger code cache with -XX:ReservedCodeCacheSize=
# This output file may be truncated or incomplete.
#
#  Out of Memory Error (allocation.cpp:390), pid=13496, tid=0x0000000000001154
#
# JRE version: OpenJDK Runtime Environment (8.0_112-b06) (build 1.8.0_112-release-b06)
# Java VM: OpenJDK 64-Bit Server VM (25.112-b06 mixed mode windows-amd64 compressed oops)
# Failed to write core dump. Minidumps are not enabled by default on client versions of Windows
#

---------------  T H R E A D  ---------------

Current thread (0x000000001c40c800):  JavaThread "C2 CompilerThread0" daemon [_thread_in_native, id=4436, stack(0x000000001da50000,0x000000001db50000)]

Stack: [0x000000001da50000,0x000000001db50000]
[error occurred during error reporting (printing stack bounds), id 0xc0000005]

Native frames: (J=compiled Java code, j=interpreted, Vv=VM code, C=native code)


Current CompileTask:
C2:  14521 2349       4       com.android.dx.ssa.back.SsaToRop::convertBasicBlocks (151 bytes)


---------------  P R O C E S S  ---------------

Java Threads: ( => current thread )
  0x000000001e080800 JavaThread "pool-2-thread-4" [_thread_in_Java, id=3796, stack(0x000000001ef50000,0x000000001f050000)]
  0x000000001e4c0000 JavaThread "pool-2-thread-3" [_thread_blocked, id=1812, stack(0x000000001ee50000,0x000000001ef50000)]
  0x000000001e4bf000 JavaThread "pool-2-thread-2" [_thread_in_Java, id=15280, stack(0x000000001ed50000,0x000000001ee50000)]
  0x000000001e0e1800 JavaThread "pool-3-thread-1" [_thread_blocked, id=15048, stack(0x000000001ec50000,0x000000001ed50000)]
  0x000000001e08d800 JavaThread "pool-2-thread-1" [_thread_in_Java, id=3464, stack(0x000000001eb50000,0x000000001ec50000)]
  0x000000001dd78800 JavaThread "Service Thread" daemon [_thread_blocked, id=7976, stack(0x000000001e150000,0x000000001e250000)]
  0x000000001c413000 JavaThread "C1 CompilerThread2" daemon [_thread_blocked, id=14996, stack(0x000000001dc50000,0x000000001dd50000)]
  0x000000001c410000 JavaThread "C2 CompilerThread1" daemon [_thread_in_native, id=16464, stack(0x000000001db50000,0x000000001dc50000)]
=>0x000000001c40c800 JavaThread "C2 CompilerThread0" daemon [_thread_in_native, id=4436, stack(0x000000001da50000,0x000000001db50000)]
  0x000000001c40b000 JavaThread "Attach Listener" daemon [_thread_blocked, id=4676, stack(0x000000001d950000,0x000000001da50000)]
  0x000000001c40a000 JavaThread "Signal Dispatcher" daemon [_thread_blocked, id=5724, stack(0x000000001d850000,0x000000001d950000)]
  0x000000000190c000 JavaThread "Finalizer" daemon [_thread_blocked, id=8820, stack(0x000000001d660000,0x000000001d760000)]
  0x0000000001900800 JavaThread "Reference Handler" daemon [_thread_blocked, id=16748, stack(0x000000001d560000,0x000000001d660000)]
  0x0000000001810800 JavaThread "main" [_thread_in_Java, id=1716, stack(0x0000000001690000,0x0000000001790000)]

Other Threads:
  0x000000001c3d5000 VMThread [stack: 0x000000001d460000,0x000000001d560000] [id=12840]
  0x000000001c46e800 WatcherThread [stack: 0x000000001e250000,0x000000001e350000] [id=12884]

VM state:not at safepoint (normal execution)

VM Mutex/Monitor currently owned by a thread: None

Heap:
 PSYoungGen      total 292352K, used 102997K [0x000000076ab00000, 0x000000077f000000, 0x00000007c0000000)
  eden space 262656K, 39% used [0x000000076ab00000,0x0000000770f95740,0x000000077ab80000)
  from space 29696K, 0% used [0x000000077cc00000,0x000000077cc00000,0x000000077e900000)
  to   space 33280K, 0% used [0x000000077ab80000,0x000000077ab80000,0x000000077cc00000)
 ParOldGen       total 176640K, used 176610K [0x00000006c0000000, 0x00000006cac80000, 0x000000076ab00000)
  object space 176640K, 99% used [0x00000006c0000000,0x00000006cac78840,0x00000006cac80000)
 Metaspace       used 6402K, capacity 7280K, committed 7552K, reserved 1056768K
  class space    used 586K, capacity 616K, committed 640K, reserved 1048576K

Card table byte_map: [0x0000000012400000,0x0000000012c10000] byte_map_base: 0x000000000ee00000

Marking Bits: (ParMarkBitMap*) 0x00000000688418f0
 Begin Bits: [0x0000000013270000, 0x0000000017270000)
 End Bits:   [0x0000000017270000, 0x000000001b270000)

Polling page: 0x0000000001280000

CodeCache: size=245760Kb used=10071Kb max_used=10098Kb free=235688Kb
 bounds [0x0000000003400000, 0x0000000003df0000, 0x0000000012400000]
 total_blobs=2481 nmethods=2218 adapters=176
 compilation: enabled

Compilation events (10 events):
Event: 14.316 Thread 0x000000001c40c800 nmethod 2289 0x0000000003dc6f90 code [0x0000000003dc7700, 0x0000000003dce688]
Event: 14.316 Thread 0x000000001c40c800 2336       4       com.android.dx.rop.code.RegisterSpecSet::mutableCopy (57 bytes)
Event: 14.326 Thread 0x000000001c40c800 nmethod 2336 0x0000000003da2150 code [0x0000000003da22c0, 0x0000000003da27f8]
Event: 14.326 Thread 0x000000001c40c800 2341       4       com.android.dx.ssa.LocalVariableExtractor::doit (59 bytes)
Event: 14.334 Thread 0x000000001c40c800 nmethod 2341 0x0000000003da5710 code [0x0000000003da5860, 0x0000000003da5ba8]
Event: 14.334 Thread 0x000000001c40c800 2338 %     4       com.android.dx.ssa.SsaMethod::makeExitBlock @ 69 (134 bytes)
Event: 14.348 Thread 0x000000001c413000 2360       2       com.android.dx.cf.attrib.AttExceptions::byteLength (15 bytes)
Event: 14.349 Thread 0x000000001c413000 nmethod 2360 0x0000000003da5390 code [0x0000000003da5500, 0x0000000003da5688]
Event: 14.371 Thread 0x000000001c40c800 nmethod 2338% 0x0000000003dc53d0 code [0x0000000003dc5580, 0x0000000003dc62e8]
Event: 14.371 Thread 0x000000001c40c800 2349       4       com.android.dx.ssa.back.SsaToRop::convertBasicBlocks (151 bytes)

GC Heap History (10 events):
Event: 6.721 GC heap before
{Heap before GC invocations=9 (full 1):
 PSYoungGen      total 295936K, used 265201K [0x000000076ab00000, 0x000000077f000000, 0x00000007c0000000)
  eden space 262656K, 100% used [0x000000076ab00000,0x000000077ab80000,0x000000077ab80000)
  from space 33280K, 7% used [0x000000077ab80000,0x000000077adfc4f8,0x000000077cc00000)
  to   space 29696K, 0% used [0x000000077cc00000,0x000000077cc00000,0x000000077e900000)
 ParOldGen       total 171520K, used 87249K [0x00000006c0000000, 0x00000006ca780000, 0x000000076ab00000)
  object space 171520K, 50% used [0x00000006c0000000,0x00000006c55347d0,0x00000006ca780000)
 Metaspace       used 6369K, capacity 7280K, committed 7552K, reserved 1056768K
  class space    used 586K, capacity 616K, committed 640K, reserved 1048576K
Event: 6.818 GC heap after
Heap after GC invocations=9 (full 1):
 PSYoungGen      total 292352K, used 29669K [0x000000076ab00000, 0x000000077f000000, 0x00000007c0000000)
  eden space 262656K, 0% used [0x000000076ab00000,0x000000076ab00000,0x000000077ab80000)
  from space 29696K, 99% used [0x000000077cc00000,0x000000077e8f95f0,0x000000077e900000)
  to   space 33280K, 0% used [0x000000077ab80000,0x000000077ab80000,0x000000077cc00000)
 ParOldGen       total 171520K, used 95549K [0x00000006c0000000, 0x00000006ca780000, 0x000000076ab00000)
  object space 171520K, 55% used [0x00000006c0000000,0x00000006c5d4f640,0x00000006ca780000)
 Metaspace       used 6369K, capacity 7280K, committed 7552K, reserved 1056768K
  class space    used 586K, capacity 616K, committed 640K, reserved 1048576K
}
Event: 8.014 GC heap before
{Heap before GC invocations=10 (full 1):
 PSYoungGen      total 292352K, used 292325K [0x000000076ab00000, 0x000000077f000000, 0x00000007c0000000)
  eden space 262656K, 100% used [0x000000076ab00000,0x000000077ab80000,0x000000077ab80000)
  from space 29696K, 99% used [0x000000077cc00000,0x000000077e8f95f0,0x000000077e900000)
  to   space 33280K, 0% used [0x000000077ab80000,0x000000077ab80000,0x000000077cc00000)
 ParOldGen       total 171520K, used 95549K [0x00000006c0000000, 0x00000006ca780000, 0x000000076ab00000)
  object space 171520K, 55% used [0x00000006c0000000,0x00000006c5d4f640,0x00000006ca780000)
 Metaspace       used 6385K, capacity 7280K, committed 7552K, reserved 1056768K
  class space    used 586K, capacity 616K, committed 640K, reserved 1048576K
Event: 8.160 GC heap after
Heap after GC invocations=10 (full 1):
 PSYoungGen      total 295936K, used 33279K [0x000000076ab00000, 0x000000077f000000, 0x00000007c0000000)
  eden space 262656K, 0% used [0x000000076ab00000,0x000000076ab00000,0x000000077ab80000)
  from space 33280K, 99% used [0x000000077ab80000,0x000000077cbfffb0,0x000000077cc00000)
  to   space 29696K, 0% used [0x000000077cc00000,0x000000077cc00000,0x000000077e900000)
 ParOldGen       total 171520K, used 132802K [0x00000006c0000000, 0x00000006ca780000, 0x000000076ab00000)
  object space 171520K, 77% used [0x00000006c0000000,0x00000006c81b0980,0x00000006ca780000)
 Metaspace       used 6385K, capacity 7280K, committed 7552K, reserved 1056768K
  class space    used 586K, capacity 616K, committed 640K, reserved 1048576K
}
Event: 9.420 GC heap before
{Heap before GC invocations=11 (full 1):
 PSYoungGen      total 295936K, used 295935K [0x000000076ab00000, 0x000000077f000000, 0x00000007c0000000)
  eden space 262656K, 100% used [0x000000076ab00000,0x000000077ab80000,0x000000077ab80000)
  from space 33280K, 99% used [0x000000077ab80000,0x000000077cbfffb0,0x000000077cc00000)
  to   space 29696K, 0% used [0x000000077cc00000,0x000000077cc00000,0x000000077e900000)
 ParOldGen       total 171520K, used 132802K [0x00000006c0000000, 0x00000006ca780000, 0x000000076ab00000)
  object space 171520K, 77% used [0x00000006c0000000,0x00000006c81b0980,0x00000006ca780000)
 Metaspace       used 6398K, capacity 7280K, committed 7552K, reserved 1056768K
  class space    used 586K, capacity 616K, committed 640K, reserved 1048576K
Event: 9.589 GC heap after
Heap after GC invocations=11 (full 1):
 PSYoungGen      total 292352K, used 29686K [0x000000076ab00000, 0x000000077f000000, 0x00000007c0000000)
  eden space 262656K, 0% used [0x000000076ab00000,0x000000076ab00000,0x000000077ab80000)
  from space 29696K, 99% used [0x000000077cc00000,0x000000077e8fdb90,0x000000077e900000)
  to   space 33280K, 0% used [0x000000077ab80000,0x000000077ab80000,0x000000077cc00000)
 ParOldGen       total 176640K, used 176485K [0x00000006c0000000, 0x00000006cac80000, 0x000000076ab00000)
  object space 176640K, 99% used [0x00000006c0000000,0x00000006cac59498,0x00000006cac80000)
 Metaspace       used 6398K, capacity 7280K, committed 7552K, reserved 1056768K
  class space    used 586K, capacity 616K, committed 640K, reserved 1048576K
}
Event: 9.589 GC heap before
{Heap before GC invocations=12 (full 2):
 PSYoungGen      total 292352K, used 29686K [0x000000076ab00000, 0x000000077f000000, 0x00000007c0000000)
  eden space 262656K, 0% used [0x000000076ab00000,0x000000076ab00000,0x000000077ab80000)
  from space 29696K, 99% used [0x000000077cc00000,0x000000077e8fdb90,0x000000077e900000)
  to   space 33280K, 0% used [0x000000077ab80000,0x000000077ab80000,0x000000077cc00000)
 ParOldGen       total 176640K, used 176485K [0x00000006c0000000, 0x00000006cac80000, 0x000000076ab00000)
  object space 176640K, 99% used [0x00000006c0000000,0x00000006cac59498,0x00000006cac80000)
 Metaspace       used 6398K, capacity 7280K, committed 7552K, reserved 1056768K
  class space    used 586K, capacity 616K, committed 640K, reserved 1048576K
Event: 11.235 GC heap after
Heap after GC invocations=12 (full 2):
 PSYoungGen      total 292352K, used 24451K [0x000000076ab00000, 0x000000077f000000, 0x00000007c0000000)
  eden space 262656K, 0% used [0x000000076ab00000,0x000000076ab00000,0x000000077ab80000)
  from space 29696K, 82% used [0x000000077cc00000,0x000000077e3e0ff8,0x000000077e900000)
  to   space 33280K, 0% used [0x000000077ab80000,0x000000077ab80000,0x000000077cc00000)
 ParOldGen       total 176640K, used 176315K [0x00000006c0000000, 0x00000006cac80000, 0x000000076ab00000)
  object space 176640K, 99% used [0x00000006c0000000,0x00000006cac2ede0,0x00000006cac80000)
 Metaspace       used 6398K, capacity 7280K, committed 7552K, reserved 1056768K
  class space    used 586K, capacity 616K, committed 640K, reserved 1048576K
}
Event: 12.519 GC heap before
{Heap before GC invocations=13 (full 3):
 PSYoungGen      total 292352K, used 287107K [0x000000076ab00000, 0x000000077f000000, 0x00000007c0000000)
  eden space 262656K, 100% used [0x000000076ab00000,0x000000077ab80000,0x000000077ab80000)
  from space 29696K, 82% used [0x000000077cc00000,0x000000077e3e0ff8,0x000000077e900000)
  to   space 33280K, 0% used [0x000000077ab80000,0x000000077ab80000,0x000000077cc00000)
 ParOldGen       total 176640K, used 176315K [0x00000006c0000000, 0x00000006cac80000, 0x000000076ab00000)
  object space 176640K, 99% used [0x00000006c0000000,0x00000006cac2ede0,0x00000006cac80000)
 Metaspace       used 6402K, capacity 7280K, committed 7552K, reserved 1056768K
  class space    used 586K, capacity 616K, committed 640K, reserved 1048576K
Event: 14.300 GC heap after
Heap after GC invocations=13 (full 3):
 PSYoungGen      total 292352K, used 57508K [0x000000076ab00000, 0x000000077f000000, 0x00000007c0000000)
  eden space 262656K, 21% used [0x000000076ab00000,0x000000076e329390,0x000000077ab80000)
  from space 29696K, 0% used [0x000000077cc00000,0x000000077cc00000,0x000000077e900000)
  to   space 33280K, 0% used [0x000000077ab80000,0x000000077ab80000,0x000000077cc00000)
 ParOldGen       total 176640K, used 176610K [0x00000006c0000000, 0x00000006cac80000, 0x000000076ab00000)
  object space 176640K, 99% used [0x00000006c0000000,0x00000006cac78840,0x00000006cac80000)
 Metaspace       used 6402K, capacity 7280K, committed 7552K, reserved 1056768K
  class space    used 586K, capacity 616K, committed 640K, reserved 1048576K
}

Deoptimization events (10 events):
Event: 3.672 Thread 0x000000001e4c0000 Uncommon trap: reason=unstable_if action=reinterpret pc=0x0000000003bc3660 method=java.util.HashMap.putVal(ILjava/lang/Object;Ljava/lang/Object;ZZ)Ljava/lang/Object; @ 109
Event: 6.540 Thread 0x000000001e08d800 Uncommon trap: reason=unstable_if action=reinterpret pc=0x0000000003c06a28 method=com.android.dx.ssa.SCCP.simulateBranch(Lcom/android/dx/ssa/SsaInsn;)V @ 548
Event: 8.229 Thread 0x0000000001810800 Uncommon trap: reason=unstable_if action=reinterpret pc=0x0000000003c13e68 method=com.android.dx.rop.code.RegisterSpecSet.<init>(I)V @ 2
Event: 8.229 Thread 0x0000000001810800 Uncommon trap: reason=unstable_if action=reinterpret pc=0x00000000039c3fe4 method=com.android.dx.rop.code.RegisterSpecSet.<init>(I)V @ 2
Event: 8.460 Thread 0x000000001e080800 Uncommon trap: reason=unstable_if action=reinterpret pc=0x0000000003ad7220 method=com.android.dx.ssa.MoveParamCombiner$1.visitNonMoveInsn(Lcom/android/dx/ssa/NormalSsaInsn;)V @ 27
Event: 8.545 Thread 0x000000001e4bf000 Uncommon trap: reason=unstable_if action=reinterpret pc=0x00000000038a75c8 method=com.android.dx.ssa.SsaMethod.getExitBlock()Lcom/android/dx/ssa/SsaBasicBlock; @ 4
Event: 8.546 Thread 0x000000001e4bf000 Uncommon trap: reason=unstable_if action=reinterpret pc=0x000000000373493c method=com.android.dx.ssa.SsaMethod.getExitBlock()Lcom/android/dx/ssa/SsaBasicBlock; @ 4
Event: 8.699 Thread 0x000000001e4c0000 Uncommon trap: reason=unstable_if action=reinterpret pc=0x0000000003c225f4 method=java.util.HashMap.putVal(ILjava/lang/Object;Ljava/lang/Object;ZZ)Ljava/lang/Object; @ 109
Event: 12.176 Thread 0x000000001e4bf000 Uncommon trap: reason=class_check action=maybe_recompile pc=0x0000000003daad00 method=com.android.dx.ssa.SCCP.simulateBranch(Lcom/android/dx/ssa/SsaInsn;)V @ 145
Event: 12.376 Thread 0x000000001e4bf000 Uncommon trap: reason=unstable_if action=reinterpret pc=0x000000000373cf7c method=com.android.dx.rop.code.RegisterSpec.equals(ILcom/android/dx/rop/type/TypeBearer;Lcom/android/dx/rop/code/LocalItem;)Z @ 42

Internal exceptions (8 events):
Event: 0.028 Thread 0x0000000001810800 Exception <a 'java/lang/NoSuchMethodError': Method sun.misc.Unsafe.defineClass(Ljava/lang/String;[BII)Ljava/lang/Class; name or signature does not match> (0x000000076ab07c78) thrown at [C:\src\android\AOSP-openjdk\external\jetbrains\jdk\hotspot\src\share\vÉ6º,ù?
Event: 0.028 Thread 0x0000000001810800 Exception <a 'java/lang/NoSuchMethodError': Method sun.misc.Unsafe.prefetchRead(Ljava/lang/Object;J)V name or signature does not match> (0x000000076ab07f60) thrown at [C:\src\android\AOSP-openjdk\external\jetbrains\jdk\hotspot\src\share\vm\prims\jni.cpp, láÅö	ÏÊ?
Event: 0.688 Thread 0x000000001e4c0000 Implicit null exception at 0x00000000037350a2 to 0x00000000037351a2
Event: 1.238 Thread 0x000000001e080800 Implicit null exception at 0x00000000038d082c to 0x00000000038d2109
Event: 1.437 Thread 0x000000001e08d800 Implicit null exception at 0x00000000038afd70 to 0x00000000038aff35
Event: 1.507 Thread 0x000000001e4c0000 Exception <a 'java/lang/ArrayIndexOutOfBoundsException': 18> (0x000000076bf62948) thrown at [C:\src\android\AOSP-openjdk\external\jetbrains\jdk\hotspot\src\share\vm\interpreter\interpreterRuntime.cpp, line 366]
Event: 1.507 Thread 0x000000001e4c0000 Exception <a 'java/lang/ArrayIndexOutOfBoundsException': 145> (0x000000076bf644c8) thrown at [C:\src\android\AOSP-openjdk\external\jetbrains\jdk\hotspot\src\share\vm\interpreter\interpreterRuntime.cpp, line 366]
Event: 1.508 Thread 0x000000001e4c0000 Exception <a 'java/lang/ArrayIndexOutOfBoundsException'> (0x000000076bf657b0) thrown at [C:\src\android\AOSP-openjdk\external\jetbrains\jdk\hotspot\src\share\vm\runtime\sharedRuntime.cpp, line 605]

Events (10 events):
Event: 12.217 Thread 0x000000001e08d800 DEOPT UNPACKING pc=0x00000000034475bf sp=0x000000001ec4e1b8 mode 0
Event: 12.376 Thread 0x000000001e4bf000 Uncommon trap: trap_request=0xffffff65 fr.pc=0x000000000373cf7c
Event: 12.376 Thread 0x000000001e4bf000 DEOPT PACKING pc=0x000000000373cf7c sp=0x000000001ee4e900
Event: 12.376 Thread 0x000000001e4bf000 DEOPT UNPACKING pc=0x000000000344556a sp=0x000000001ee4e7b0 mode 2
Event: 12.519 Executing VM operation: ParallelGCFailedAllocation
Event: 14.300 Executing VM operation: ParallelGCFailedAllocation done
Event: 14.334 Thread 0x000000001e080800 DEOPT PACKING pc=0x000000000372a724 sp=0x000000001f04ec80
Event: 14.334 Thread 0x000000001e080800 DEOPT UNPACKING pc=0x00000000034475bf sp=0x000000001f04e998 mode 0
Event: 14.514 Thread 0x000000001e4c0000 DEOPT PACKING pc=0x0000000003d76a2f sp=0x000000001ef4eb10
Event: 14.514 Thread 0x000000001e4c0000 DEOPT UNPACKING pc=0x00000000034475bf sp=0x000000001ef4e8d0 mode 0


Dynamic libraries:
0x00007ff71e720000 - 0x00007ff71e751000 	C:\Program Files\Android\Android Studio\jre\bin\java.exe
0x00007ffacaa50000 - 0x00007ffacac21000 	C:\WINDOWS\SYSTEM32\ntdll.dll
0x00007ffac7fe0000 - 0x00007ffac808c000 	C:\WINDOWS\System32\KERNEL32.DLL
0x00007ffac6f40000 - 0x00007ffac715d000 	C:\WINDOWS\System32\KERNELBASE.dll
0x00007ffaca6f0000 - 0x00007ffaca792000 	C:\WINDOWS\System32\ADVAPI32.dll
0x00007ffaca870000 - 0x00007ffaca90e000 	C:\WINDOWS\System32\msvcrt.dll
0x00007ffac97d0000 - 0x00007ffac9829000 	C:\WINDOWS\System32\sechost.dll
0x00007ffac96a0000 - 0x00007ffac97c1000 	C:\WINDOWS\System32\RPCRT4.dll
0x00007ffac99d0000 - 0x00007ffac9b35000 	C:\WINDOWS\System32\USER32.dll
0x00007ffac7310000 - 0x00007ffac732e000 	C:\WINDOWS\System32\win32u.dll
0x00007ffac9e40000 - 0x00007ffac9e74000 	C:\WINDOWS\System32\GDI32.dll
0x00007ffac7390000 - 0x00007ffac7512000 	C:\WINDOWS\System32\gdi32full.dll
0x00007ffabd490000 - 0x00007ffabd70a000 	C:\WINDOWS\WinSxS\amd64_microsoft.windows.common-controls_6595b64144ccf1df_6.0.14393.953_none_42151e83c686086b\COMCTL32.dll
0x00007ffac9ff0000 - 0x00007ffaca2b8000 	C:\WINDOWS\System32\combase.dll
0x00007ffac7210000 - 0x00007ffac7305000 	C:\WINDOWS\System32\ucrtbase.dll
0x00007ffac77e0000 - 0x00007ffac784a000 	C:\WINDOWS\System32\bcryptPrimitives.dll
0x00007ffaca7a0000 - 0x00007ffaca7ce000 	C:\WINDOWS\System32\IMM32.DLL
0x0000000069b50000 - 0x0000000069c22000 	C:\Program Files\Android\Android Studio\jre\jre\bin\msvcr100.dll
0x0000000068080000 - 0x00000000688bc000 	C:\Program Files\Android\Android Studio\jre\jre\bin\server\jvm.dll
0x00007ffac9900000 - 0x00007ffac9908000 	C:\WINDOWS\System32\PSAPI.DLL
0x00007ffabb390000 - 0x00007ffabb399000 	C:\WINDOWS\SYSTEM32\WSOCK32.dll
0x00007ffac47f0000 - 0x00007ffac4813000 	C:\WINDOWS\SYSTEM32\WINMM.dll
0x00007ffab88d0000 - 0x00007ffab88da000 	C:\WINDOWS\SYSTEM32\VERSION.dll
0x00007ffac9db0000 - 0x00007ffac9e1a000 	C:\WINDOWS\System32\WS2_32.dll
0x00007ffac47c0000 - 0x00007ffac47eb000 	C:\WINDOWS\SYSTEM32\WINMMBASE.dll
0x00007ffac7520000 - 0x00007ffac7562000 	C:\WINDOWS\System32\cfgmgr32.dll
0x00007ffabb290000 - 0x00007ffabb29f000 	C:\Program Files\Android\Android Studio\jre\jre\bin\verify.dll
0x00007ffaad5a0000 - 0x00007ffaad5c9000 	C:\Program Files\Android\Android Studio\jre\jre\bin\java.dll
0x00007ffabb270000 - 0x00007ffabb286000 	C:\Program Files\Android\Android Studio\jre\jre\bin\zip.dll
0x00007ffac8090000 - 0x00007ffac9598000 	C:\WINDOWS\System32\SHELL32.dll
0x00007ffac7850000 - 0x00007ffac7f2a000 	C:\WINDOWS\System32\windows.storage.dll
0x00007ffac6ec0000 - 0x00007ffac6f0c000 	C:\WINDOWS\System32\powrprof.dll
0x00007ffac98a0000 - 0x00007ffac98f2000 	C:\WINDOWS\System32\shlwapi.dll
0x00007ffac6eb0000 - 0x00007ffac6ebf000 	C:\WINDOWS\System32\kernel.appcore.dll
0x00007ffac7160000 - 0x00007ffac7209000 	C:\WINDOWS\System32\shcore.dll
0x00007ffac6f10000 - 0x00007ffac6f24000 	C:\WINDOWS\System32\profapi.dll

VM Arguments:
jvm_args: -Djava.awt.headless=true -Xmx4g -Dfile.encoding=windows-1251 -Duser.country=RU -Duser.language=ru -Duser.variant 
java_command: com.android.dx.command.Main --dex --num-threads=4 --multi-dex --main-dex-list C:\Users\User\Documents\GitHub\VKSearch\app\build\intermediates\multi-dex\debug\maindexlist.txt --output C:\Users\User\Documents\GitHub\VKSearch\app\build\intermediates\transforms\dex\debug\folders\1000\1f\main C:\Users\User\Documents\GitHub\VKSearch\app\build\intermediates\transforms\jarMerging\debug\jars\1\1f\combined.jar
java_class_path (initial): C:\Users\User\AppData\Local\Android\sdk\build-tools\25.0.2\lib\dx.jar
Launcher Type: SUN_STANDARD

Environment Variables:
PATH=C:\ProgramData\Oracle\Java\javapath;C:\Program Files\Broadcom\Broadcom 802.11 Network Adapter;C:\Program Files (x86)\NVIDIA Corporation\PhysX\Common;C:\Program Files (x86)\Intel\iCLS Client\;C:\Program Files\Intel\iCLS Client\;C:\Windows\system32;C:\Windows;C:\Windows\System32\Wbem;C:\Windows\System32\WindowsPowerShell\v1.0\;C:\Program Files\Intel\Intel(R) Management Engine Components\DAL;C:\Program Files\Intel\Intel(R) Management Engine Components\IPT;C:\Program Files (x86)\Intel\Intel(R) Management Engine Components\DAL;C:\Program Files (x86)\Intel\Intel(R) Management Engine Components\IPT;C:\Program Files\WIDCOMM\Bluetooth Software\;C:\Program Files\WIDCOMM\Bluetooth Software\syswow64;C:\Program Files\Acer\Remote Files\;C:\Program Files\OpenVPN\bin;C:\WINDOWS\system32;C:\WINDOWS;C:\WINDOWS\System32\Wbem;C:\WINDOWS\System32\WindowsPowerShell\v1.0\;C:\Users\User\AppData\Local\Microsoft\WindowsApps;
USERNAME=User
OS=Windows_NT
PROCESSOR_IDENTIFIER=Intel64 Family 6 Model 69 Stepping 1, GenuineIntel



---------------  S Y S T E M  ---------------

OS: Windows 10.0 , 64 bit Build 14393 (10.0.14393.1198)

CPU:total 4 (2 cores per cpu, 2 threads per core) family 6 model 69 stepping 1, cmov, cx8, fxsr, mmx, sse, sse2, sse3, ssse3, sse4.1, sse4.2, popcnt, avx, avx2, aes, clmul, erms, lzcnt, ht, tsc, tscinvbit, bmi1, bmi2

Memory: 4k page, physical 8310040k(909984k free), swap 12406040k(5768k free)

vm_info: OpenJDK 64-Bit Server VM (25.112-b06) for windows-amd64 JRE (1.8.0_112-release-b06), built on Dec  8 2016 00:54:26 by "builder" with MS VC++ 10.0 (VS2010)

time: Thu May 25 13:39:05 2017
elapsed time: 14 seconds (0d 0h 0m 14s)

