#
# There is insufficient memory for the Java Runtime Environment to continue.
# Native memory allocation (malloc) failed to allocate 1118224 bytes for Chunk::new
# Possible reasons:
#   The system is out of physical RAM or swap space
#   In 32 bit mode, the process size limit was hit
# Possible solutions:
#   Reduce memory load on the system
#   Increase physical memory or swap space
#   Check if swap backing store is full
#   Use 64 bit Java on a 64 bit OS
#   Decrease Java heap size (-Xmx/-Xms)
#   Decrease number of Java threads
#   Decrease Java thread stack sizes (-Xss)
#   Set larger code cache with -XX:ReservedCodeCacheSize=
# This output file may be truncated or incomplete.
#
#  Out of Memory Error (allocation.cpp:390), pid=14628, tid=0x00000000000038a4
#
# JRE version: OpenJDK Runtime Environment (8.0_112-b06) (build 1.8.0_112-release-b06)
# Java VM: OpenJDK 64-Bit Server VM (25.112-b06 mixed mode windows-amd64 compressed oops)
# Failed to write core dump. Minidumps are not enabled by default on client versions of Windows
#

---------------  T H R E A D  ---------------

Current thread (0x000000001c10b800):  JavaThread "C2 CompilerThread1" daemon [_thread_in_native, id=14500, stack(0x000000001d7f0000,0x000000001d8f0000)]

Stack: [0x000000001d7f0000,0x000000001d8f0000]
[error occurred during error reporting (printing stack bounds), id 0xc0000005]

Native frames: (J=compiled Java code, j=interpreted, Vv=VM code, C=native code)


Current CompileTask:
C2:  18632 2310       4       com.android.dx.ssa.SsaConverter::placePhiFunctions (394 bytes)


---------------  P R O C E S S  ---------------

Java Threads: ( => current thread )
  0x000000001dd83800 JavaThread "pool-2-thread-4" [_thread_blocked, id=6784, stack(0x000000001ebf0000,0x000000001ecf0000)]
  0x000000001dd83000 JavaThread "pool-2-thread-3" [_thread_blocked, id=9732, stack(0x000000001eaf0000,0x000000001ebf0000)]
  0x000000001e11c000 JavaThread "pool-2-thread-2" [_thread_blocked, id=13384, stack(0x000000001e9f0000,0x000000001eaf0000)]
  0x000000001e11b000 JavaThread "pool-3-thread-1" [_thread_blocked, id=11756, stack(0x000000001e8f0000,0x000000001e9f0000)]
  0x000000001dc45000 JavaThread "pool-2-thread-1" [_thread_blocked, id=12712, stack(0x000000001e7f0000,0x000000001e8f0000)]
  0x000000001d9f4000 JavaThread "Service Thread" daemon [_thread_blocked, id=12080, stack(0x000000001ddf0000,0x000000001def0000)]
  0x000000001c10e800 JavaThread "C1 CompilerThread2" daemon [_thread_blocked, id=11528, stack(0x000000001d8f0000,0x000000001d9f0000)]
=>0x000000001c10b800 JavaThread "C2 CompilerThread1" daemon [_thread_in_native, id=14500, stack(0x000000001d7f0000,0x000000001d8f0000)]
  0x000000001c0af000 JavaThread "C2 CompilerThread0" daemon [_thread_in_native, id=11128, stack(0x000000001d6f0000,0x000000001d7f0000)]
  0x000000001c0ad800 JavaThread "Attach Listener" daemon [_thread_blocked, id=9496, stack(0x000000001d5f0000,0x000000001d6f0000)]
  0x000000001c0ac800 JavaThread "Signal Dispatcher" daemon [_thread_blocked, id=16208, stack(0x000000001d4f0000,0x000000001d5f0000)]
  0x000000000156d000 JavaThread "Finalizer" daemon [_thread_blocked, id=9112, stack(0x000000001d300000,0x000000001d400000)]
  0x0000000001562800 JavaThread "Reference Handler" daemon [_thread_blocked, id=15580, stack(0x000000001d200000,0x000000001d300000)]
  0x0000000001470800 JavaThread "main" [_thread_blocked, id=7836, stack(0x0000000001350000,0x0000000001450000)]

Other Threads:
  0x000000001c075000 VMThread [stack: 0x000000001d100000,0x000000001d200000] [id=13428]
  0x000000001d9f6800 WatcherThread [stack: 0x000000001def0000,0x000000001dff0000] [id=15448]

VM state:at safepoint (normal execution)

VM Mutex/Monitor currently owned by a thread:  ([mutex/lock_event])
[0x000000000146c230] Threads_lock - owner thread: 0x000000001c075000
[0x000000000146cab0] Heap_lock - owner thread: 0x000000001dd83800

Heap:
 PSYoungGen      total 306176K, used 249856K [0x000000076ab00000, 0x0000000789f80000, 0x00000007c0000000)
  eden space 249856K, 100% used [0x000000076ab00000,0x0000000779f00000,0x0000000779f00000)
  from space 56320K, 0% used [0x0000000786880000,0x0000000786880000,0x0000000789f80000)
  to   space 41984K, 0% used [0x0000000779f00000,0x0000000779f00000,0x000000077c800000)
 ParOldGen       total 87552K, used 87472K [0x00000006c0000000, 0x00000006c5580000, 0x000000076ab00000)
  object space 87552K, 99% used [0x00000006c0000000,0x00000006c556c268,0x00000006c5580000)
 Metaspace       used 6399K, capacity 7280K, committed 7552K, reserved 1056768K
  class space    used 585K, capacity 616K, committed 640K, reserved 1048576K

Card table byte_map: [0x0000000012400000,0x0000000012c10000] byte_map_base: 0x000000000ee00000

Marking Bits: (ParMarkBitMap*) 0x00000000688418f0
 Begin Bits: [0x0000000012f10000, 0x0000000016f10000)
 End Bits:   [0x0000000016f10000, 0x000000001af10000)

Polling page: 0x0000000000b40000

CodeCache: size=245760Kb used=11030Kb max_used=11030Kb free=234729Kb
 bounds [0x0000000003400000, 0x0000000003ee0000, 0x0000000012400000]
 total_blobs=2460 nmethods=2197 adapters=176
 compilation: enabled

Compilation events (10 events):
Event: 18.327 Thread 0x000000001c10e800 2365       2       com.android.dx.cf.code.Simulator$SimVisitor::visitSwitch (54 bytes)
Event: 18.327 Thread 0x000000001c10e800 nmethod 2365 0x0000000003569e50 code [0x0000000003569fe0, 0x000000000356a348]
Event: 18.328 Thread 0x000000001c10e800 2366       2       com.android.dx.rop.code.Insn$BaseVisitor::visitSwitchInsn (1 bytes)
Event: 18.328 Thread 0x000000001c10e800 nmethod 2366 0x000000000350ca90 code [0x000000000350cbe0, 0x000000000350cd30]
Event: 18.328 Thread 0x000000001c10e800 2367       2       com.android.dx.dex.code.RopTranslator$LocalVariableAwareTranslationVisitor::visitSwitchInsn (11 bytes)
Event: 18.329 Thread 0x000000001c10e800 nmethod 2367 0x0000000003568510 code [0x00000000035686c0, 0x0000000003568ad8]
Event: 18.329 Thread 0x000000001c10e800 2368       2       com.android.dx.dex.code.SwitchData::shouldPack (50 bytes)
Event: 18.329 Thread 0x000000001c10e800 nmethod 2368 0x00000000035602d0 code [0x0000000003560440, 0x0000000003560668]
Event: 18.342 Thread 0x000000001c10e800 2370   !   3       com.android.dx.dex.cf.CfTranslator::processMethods (583 bytes)
Event: 18.349 Thread 0x000000001c10e800 nmethod 2370 0x0000000003ed3c90 code [0x0000000003ed4420, 0x0000000003eda2a8]

GC Heap History (10 events):
Event: 8.335 GC heap after
Heap after GC invocations=10 (full 0):
 PSYoungGen      total 306176K, used 56301K [0x000000076ab00000, 0x0000000789f80000, 0x00000007c0000000)
  eden space 249856K, 0% used [0x000000076ab00000,0x000000076ab00000,0x0000000779f00000)
  from space 56320K, 99% used [0x0000000786880000,0x0000000789f7b530,0x0000000789f80000)
  to   space 41984K, 0% used [0x0000000779f00000,0x0000000779f00000,0x000000077c800000)
 ParOldGen       total 87552K, used 78770K [0x00000006c0000000, 0x00000006c5580000, 0x000000076ab00000)
  object space 87552K, 89% used [0x00000006c0000000,0x00000006c4cec920,0x00000006c5580000)
 Metaspace       used 6368K, capacity 7280K, committed 7552K, reserved 1056768K
  class space    used 585K, capacity 616K, committed 640K, reserved 1048576K
}
Event: 8.335 GC heap before
{Heap before GC invocations=11 (full 1):
 PSYoungGen      total 306176K, used 56301K [0x000000076ab00000, 0x0000000789f80000, 0x00000007c0000000)
  eden space 249856K, 0% used [0x000000076ab00000,0x000000076ab00000,0x0000000779f00000)
  from space 56320K, 99% used [0x0000000786880000,0x0000000789f7b530,0x0000000789f80000)
  to   space 41984K, 0% used [0x0000000779f00000,0x0000000779f00000,0x000000077c800000)
 ParOldGen       total 87552K, used 78770K [0x00000006c0000000, 0x00000006c5580000, 0x000000076ab00000)
  object space 87552K, 89% used [0x00000006c0000000,0x00000006c4cec920,0x00000006c5580000)
 Metaspace       used 6368K, capacity 7280K, committed 7552K, reserved 1056768K
  class space    used 585K, capacity 616K, committed 640K, reserved 1048576K
Event: 10.129 GC heap after
Heap after GC invocations=11 (full 1):
 PSYoungGen      total 306176K, used 40218K [0x000000076ab00000, 0x0000000789f80000, 0x00000007c0000000)
  eden space 249856K, 0% used [0x000000076ab00000,0x000000076ab00000,0x0000000779f00000)
  from space 56320K, 71% used [0x0000000786880000,0x0000000788fc69f8,0x0000000789f80000)
  to   space 41984K, 0% used [0x0000000779f00000,0x0000000779f00000,0x000000077c800000)
 ParOldGen       total 87552K, used 87355K [0x00000006c0000000, 0x00000006c5580000, 0x000000076ab00000)
  object space 87552K, 99% used [0x00000006c0000000,0x00000006c554ec10,0x00000006c5580000)
 Metaspace       used 6368K, capacity 7280K, committed 7552K, reserved 1056768K
  class space    used 585K, capacity 616K, committed 640K, reserved 1048576K
}
Event: 11.857 GC heap before
{Heap before GC invocations=12 (full 2):
 PSYoungGen      total 306176K, used 290074K [0x000000076ab00000, 0x0000000789f80000, 0x00000007c0000000)
  eden space 249856K, 100% used [0x000000076ab00000,0x0000000779f00000,0x0000000779f00000)
  from space 56320K, 71% used [0x0000000786880000,0x0000000788fc69f8,0x0000000789f80000)
  to   space 41984K, 0% used [0x0000000779f00000,0x0000000779f00000,0x000000077c800000)
 ParOldGen       total 87552K, used 87355K [0x00000006c0000000, 0x00000006c5580000, 0x000000076ab00000)
  object space 87552K, 99% used [0x00000006c0000000,0x00000006c554ec10,0x00000006c5580000)
 Metaspace       used 6388K, capacity 7280K, committed 7552K, reserved 1056768K
  class space    used 585K, capacity 616K, committed 640K, reserved 1048576K
Event: 13.205 GC heap after
Heap after GC invocations=12 (full 2):
 PSYoungGen      total 306176K, used 75493K [0x000000076ab00000, 0x0000000789f80000, 0x00000007c0000000)
  eden space 249856K, 30% used [0x000000076ab00000,0x000000076f4b97e0,0x0000000779f00000)
  from space 56320K, 0% used [0x0000000786880000,0x0000000786880000,0x0000000789f80000)
  to   space 41984K, 0% used [0x0000000779f00000,0x0000000779f00000,0x000000077c800000)
 ParOldGen       total 87552K, used 87506K [0x00000006c0000000, 0x00000006c5580000, 0x000000076ab00000)
  object space 87552K, 99% used [0x00000006c0000000,0x00000006c5574b48,0x00000006c5580000)
 Metaspace       used 6388K, capacity 7280K, committed 7552K, reserved 1056768K
  class space    used 585K, capacity 616K, committed 640K, reserved 1048576K
}
Event: 14.314 GC heap before
{Heap before GC invocations=13 (full 3):
 PSYoungGen      total 306176K, used 249856K [0x000000076ab00000, 0x0000000789f80000, 0x00000007c0000000)
  eden space 249856K, 100% used [0x000000076ab00000,0x0000000779f00000,0x0000000779f00000)
  from space 56320K, 0% used [0x0000000786880000,0x0000000786880000,0x0000000789f80000)
  to   space 41984K, 0% used [0x0000000779f00000,0x0000000779f00000,0x000000077c800000)
 ParOldGen       total 87552K, used 87506K [0x00000006c0000000, 0x00000006c5580000, 0x000000076ab00000)
  object space 87552K, 99% used [0x00000006c0000000,0x00000006c5574b48,0x00000006c5580000)
 Metaspace       used 6391K, capacity 7280K, committed 7552K, reserved 1056768K
  class space    used 585K, capacity 616K, committed 640K, reserved 1048576K
Event: 15.449 GC heap after
Heap after GC invocations=13 (full 3):
 PSYoungGen      total 306176K, used 99735K [0x000000076ab00000, 0x0000000789f80000, 0x00000007c0000000)
  eden space 249856K, 39% used [0x000000076ab00000,0x0000000770c65ed8,0x0000000779f00000)
  from space 56320K, 0% used [0x0000000786880000,0x0000000786880000,0x0000000789f80000)
  to   space 41984K, 0% used [0x0000000779f00000,0x0000000779f00000,0x000000077c800000)
 ParOldGen       total 87552K, used 87473K [0x00000006c0000000, 0x00000006c5580000, 0x000000076ab00000)
  object space 87552K, 99% used [0x00000006c0000000,0x00000006c556c578,0x00000006c5580000)
 Metaspace       used 6391K, capacity 7280K, committed 7552K, reserved 1056768K
  class space    used 585K, capacity 616K, committed 640K, reserved 1048576K
}
Event: 16.373 GC heap before
{Heap before GC invocations=14 (full 4):
 PSYoungGen      total 306176K, used 249856K [0x000000076ab00000, 0x0000000789f80000, 0x00000007c0000000)
  eden space 249856K, 100% used [0x000000076ab00000,0x0000000779f00000,0x0000000779f00000)
  from space 56320K, 0% used [0x0000000786880000,0x0000000786880000,0x0000000789f80000)
  to   space 41984K, 0% used [0x0000000779f00000,0x0000000779f00000,0x000000077c800000)
 ParOldGen       total 87552K, used 87473K [0x00000006c0000000, 0x00000006c5580000, 0x000000076ab00000)
  object space 87552K, 99% used [0x00000006c0000000,0x00000006c556c578,0x00000006c5580000)
 Metaspace       used 6396K, capacity 7280K, committed 7552K, reserved 1056768K
  class space    used 585K, capacity 616K, committed 640K, reserved 1048576K
Event: 17.566 GC heap after
Heap after GC invocations=14 (full 4):
 PSYoungGen      total 306176K, used 120633K [0x000000076ab00000, 0x0000000789f80000, 0x00000007c0000000)
  eden space 249856K, 48% used [0x000000076ab00000,0x00000007720ce750,0x0000000779f00000)
  from space 56320K, 0% used [0x0000000786880000,0x0000000786880000,0x0000000789f80000)
  to   space 41984K, 0% used [0x0000000779f00000,0x0000000779f00000,0x000000077c800000)
 ParOldGen       total 87552K, used 87472K [0x00000006c0000000, 0x00000006c5580000, 0x000000076ab00000)
  object space 87552K, 99% used [0x00000006c0000000,0x00000006c556c268,0x00000006c5580000)
 Metaspace       used 6396K, capacity 7280K, committed 7552K, reserved 1056768K
  class space    used 585K, capacity 616K, committed 640K, reserved 1048576K
}
Event: 18.411 GC heap before
{Heap before GC invocations=15 (full 5):
 PSYoungGen      total 306176K, used 249856K [0x000000076ab00000, 0x0000000789f80000, 0x00000007c0000000)
  eden space 249856K, 100% used [0x000000076ab00000,0x0000000779f00000,0x0000000779f00000)
  from space 56320K, 0% used [0x0000000786880000,0x0000000786880000,0x0000000789f80000)
  to   space 41984K, 0% used [0x0000000779f00000,0x0000000779f00000,0x000000077c800000)
 ParOldGen       total 87552K, used 87472K [0x00000006c0000000, 0x00000006c5580000, 0x000000076ab00000)
  object space 87552K, 99% used [0x00000006c0000000,0x00000006c556c268,0x00000006c5580000)
 Metaspace       used 6399K, capacity 7280K, committed 7552K, reserved 1056768K
  class space    used 585K, capacity 616K, committed 640K, reserved 1048576K

Deoptimization events (10 events):
Event: 8.124 Thread 0x0000000001470800 Uncommon trap: reason=bimorphic action=maybe_recompile pc=0x0000000003d155a4 method=com.android.dx.cf.code.BytecodeArray.parseInstruction(ILcom/android/dx/cf/code/BytecodeArray$Visitor;)I @ 1477
Event: 10.187 Thread 0x000000001dd83000 Uncommon trap: reason=unstable_if action=reinterpret pc=0x0000000003c3b57c method=java.util.HashMap.putVal(ILjava/lang/Object;Ljava/lang/Object;ZZ)Ljava/lang/Object; @ 109
Event: 10.214 Thread 0x000000001dd83800 Uncommon trap: reason=unstable_if action=reinterpret pc=0x0000000003cd006c method=java.util.HashMap.putVal(ILjava/lang/Object;Ljava/lang/Object;ZZ)Ljava/lang/Object; @ 109
Event: 10.257 Thread 0x0000000001470800 Uncommon trap: reason=unstable_if action=reinterpret pc=0x0000000003b7fa8c method=java.util.HashMap.putVal(ILjava/lang/Object;Ljava/lang/Object;ZZ)Ljava/lang/Object; @ 109
Event: 13.441 Thread 0x000000001dd83800 Uncommon trap: reason=unstable_if action=reinterpret pc=0x0000000003bf9fc4 method=com.android.dx.rop.code.RegisterSpecSet.<init>(I)V @ 2
Event: 13.441 Thread 0x000000001dd83800 Uncommon trap: reason=unstable_if action=reinterpret pc=0x0000000003a5e2e4 method=com.android.dx.rop.code.RegisterSpecSet.<init>(I)V @ 2
Event: 13.865 Thread 0x000000001dc45000 Uncommon trap: reason=unstable_if action=reinterpret pc=0x0000000003a51500 method=com.android.dx.ssa.SsaMethod.getExitBlock()Lcom/android/dx/ssa/SsaBasicBlock; @ 4
Event: 13.865 Thread 0x000000001dc45000 Uncommon trap: reason=unstable_if action=reinterpret pc=0x00000000037189bc method=com.android.dx.ssa.SsaMethod.getExitBlock()Lcom/android/dx/ssa/SsaBasicBlock; @ 4
Event: 14.075 Thread 0x0000000001470800 Uncommon trap: reason=unstable_if action=reinterpret pc=0x0000000003c65630 method=java.util.HashMap.putVal(ILjava/lang/Object;Ljava/lang/Object;ZZ)Ljava/lang/Object; @ 109
Event: 15.888 Thread 0x0000000001470800 Uncommon trap: reason=unstable_if action=reinterpret pc=0x0000000003e22f1c method=com.android.dx.ssa.SCCP.simulateBranch(Lcom/android/dx/ssa/SsaInsn;)V @ 140

Internal exceptions (8 events):
Event: 0.030 Thread 0x0000000001470800 Exception <a 'java/lang/NoSuchMethodError': Method sun.misc.Unsafe.defineClass(Ljava/lang/String;[BII)Ljava/lang/Class; name or signature does not match> (0x000000076ab07c78) thrown at [C:\src\android\AOSP-openjdk\external\jetbrains\jdk\hotspot\src\share\vF·è#QCŸ?
Event: 0.031 Thread 0x0000000001470800 Exception <a 'java/lang/NoSuchMethodError': Method sun.misc.Unsafe.prefetchRead(Ljava/lang/Object;J)V name or signature does not match> (0x000000076ab07f60) thrown at [C:\src\android\AOSP-openjdk\external\jetbrains\jdk\hotspot\src\share\vm\prims\jni.cpp, leöªÓ£ð?
Event: 1.040 Thread 0x000000001e11c000 Implicit null exception at 0x00000000037104e2 to 0x00000000037105e2
Event: 1.091 Thread 0x0000000001470800 Implicit null exception at 0x00000000037c449a to 0x00000000037c7561
Event: 1.537 Thread 0x000000001dd83800 Implicit null exception at 0x0000000003801638 to 0x0000000003803be1
Event: 2.016 Thread 0x000000001dc45000 Exception <a 'java/lang/ArrayIndexOutOfBoundsException': 18> (0x000000076c9bf200) thrown at [C:\src\android\AOSP-openjdk\external\jetbrains\jdk\hotspot\src\share\vm\interpreter\interpreterRuntime.cpp, line 366]
Event: 2.017 Thread 0x000000001dc45000 Exception <a 'java/lang/ArrayIndexOutOfBoundsException'> (0x000000076c9c0d80) thrown at [C:\src\android\AOSP-openjdk\external\jetbrains\jdk\hotspot\src\share\vm\runtime\sharedRuntime.cpp, line 605]
Event: 2.018 Thread 0x000000001dc45000 Exception <a 'java/lang/ArrayIndexOutOfBoundsException'> (0x000000076c9c2068) thrown at [C:\src\android\AOSP-openjdk\external\jetbrains\jdk\hotspot\src\share\vm\runtime\sharedRuntime.cpp, line 605]

Events (10 events):
Event: 18.298 Thread 0x000000001dd83800 DEOPT UNPACKING pc=0x00000000034475bf sp=0x000000001ecee9d0 mode 0
Event: 18.315 Thread 0x000000001e11c000 DEOPT PACKING pc=0x000000000380e8e4 sp=0x000000001eaee6f0
Event: 18.315 Thread 0x000000001e11c000 DEOPT UNPACKING pc=0x00000000034475bf sp=0x000000001eaee408 mode 0
Event: 18.329 Thread 0x000000001dc45000 DEOPT PACKING pc=0x000000000384a6e1 sp=0x000000001e8ee7b0
Event: 18.329 Thread 0x000000001dc45000 DEOPT UNPACKING pc=0x00000000034475bf sp=0x000000001e8ee5e0 mode 0
Event: 18.340 Thread 0x000000001dd83800 DEOPT PACKING pc=0x00000000037bf06d sp=0x000000001eceec60
Event: 18.340 Thread 0x000000001dd83800 DEOPT UNPACKING pc=0x00000000034475bf sp=0x000000001eceea00 mode 0
Event: 18.359 Thread 0x000000001e11c000 DEOPT PACKING pc=0x000000000384aa99 sp=0x000000001eaee680
Event: 18.359 Thread 0x000000001e11c000 DEOPT UNPACKING pc=0x00000000034475bf sp=0x000000001eaee4b0 mode 0
Event: 18.410 Executing VM operation: ParallelGCFailedAllocation


Dynamic libraries:
0x00007ff71e720000 - 0x00007ff71e751000 	C:\Program Files\Android\Android Studio\jre\bin\java.exe
0x00007ffacaa50000 - 0x00007ffacac21000 	C:\WINDOWS\SYSTEM32\ntdll.dll
0x00007ffac7fe0000 - 0x00007ffac808c000 	C:\WINDOWS\System32\KERNEL32.DLL
0x00007ffac6f40000 - 0x00007ffac715d000 	C:\WINDOWS\System32\KERNELBASE.dll
0x00007ffaca6f0000 - 0x00007ffaca792000 	C:\WINDOWS\System32\ADVAPI32.dll
0x00007ffaca870000 - 0x00007ffaca90e000 	C:\WINDOWS\System32\msvcrt.dll
0x00007ffac97d0000 - 0x00007ffac9829000 	C:\WINDOWS\System32\sechost.dll
0x00007ffac96a0000 - 0x00007ffac97c1000 	C:\WINDOWS\System32\RPCRT4.dll
0x00007ffac99d0000 - 0x00007ffac9b35000 	C:\WINDOWS\System32\USER32.dll
0x00007ffac7310000 - 0x00007ffac732e000 	C:\WINDOWS\System32\win32u.dll
0x00007ffac9e40000 - 0x00007ffac9e74000 	C:\WINDOWS\System32\GDI32.dll
0x00007ffac7390000 - 0x00007ffac7512000 	C:\WINDOWS\System32\gdi32full.dll
0x00007ffabd490000 - 0x00007ffabd70a000 	C:\WINDOWS\WinSxS\amd64_microsoft.windows.common-controls_6595b64144ccf1df_6.0.14393.953_none_42151e83c686086b\COMCTL32.dll
0x00007ffac9ff0000 - 0x00007ffaca2b8000 	C:\WINDOWS\System32\combase.dll
0x00007ffac7210000 - 0x00007ffac7305000 	C:\WINDOWS\System32\ucrtbase.dll
0x00007ffac77e0000 - 0x00007ffac784a000 	C:\WINDOWS\System32\bcryptPrimitives.dll
0x00007ffaca7a0000 - 0x00007ffaca7ce000 	C:\WINDOWS\System32\IMM32.DLL
0x0000000069b50000 - 0x0000000069c22000 	C:\Program Files\Android\Android Studio\jre\jre\bin\msvcr100.dll
0x0000000068080000 - 0x00000000688bc000 	C:\Program Files\Android\Android Studio\jre\jre\bin\server\jvm.dll
0x00007ffac9900000 - 0x00007ffac9908000 	C:\WINDOWS\System32\PSAPI.DLL
0x00007ffac47f0000 - 0x00007ffac4813000 	C:\WINDOWS\SYSTEM32\WINMM.dll
0x00007ffabb390000 - 0x00007ffabb399000 	C:\WINDOWS\SYSTEM32\WSOCK32.dll
0x00007ffab88d0000 - 0x00007ffab88da000 	C:\WINDOWS\SYSTEM32\VERSION.dll
0x00007ffac9db0000 - 0x00007ffac9e1a000 	C:\WINDOWS\System32\WS2_32.dll
0x00007ffac47c0000 - 0x00007ffac47eb000 	C:\WINDOWS\SYSTEM32\WINMMBASE.dll
0x00007ffac7520000 - 0x00007ffac7562000 	C:\WINDOWS\System32\cfgmgr32.dll
0x00007ffabb290000 - 0x00007ffabb29f000 	C:\Program Files\Android\Android Studio\jre\jre\bin\verify.dll
0x00007ffaad5a0000 - 0x00007ffaad5c9000 	C:\Program Files\Android\Android Studio\jre\jre\bin\java.dll
0x00007ffabb270000 - 0x00007ffabb286000 	C:\Program Files\Android\Android Studio\jre\jre\bin\zip.dll
0x00007ffac8090000 - 0x00007ffac9598000 	C:\WINDOWS\System32\SHELL32.dll
0x00007ffac7850000 - 0x00007ffac7f2a000 	C:\WINDOWS\System32\windows.storage.dll
0x00007ffac6ec0000 - 0x00007ffac6f0c000 	C:\WINDOWS\System32\powrprof.dll
0x00007ffac98a0000 - 0x00007ffac98f2000 	C:\WINDOWS\System32\shlwapi.dll
0x00007ffac6eb0000 - 0x00007ffac6ebf000 	C:\WINDOWS\System32\kernel.appcore.dll
0x00007ffac7160000 - 0x00007ffac7209000 	C:\WINDOWS\System32\shcore.dll
0x00007ffac6f10000 - 0x00007ffac6f24000 	C:\WINDOWS\System32\profapi.dll

VM Arguments:
jvm_args: -Djava.awt.headless=true -Xmx4g -Dfile.encoding=windows-1251 -Duser.country=RU -Duser.language=ru -Duser.variant 
java_command: com.android.dx.command.Main --dex --num-threads=4 --multi-dex --main-dex-list C:\Users\User\Documents\GitHub\VKSearch\app\build\intermediates\multi-dex\debug\maindexlist.txt --output C:\Users\User\Documents\GitHub\VKSearch\app\build\intermediates\transforms\dex\debug\folders\1000\1f\main C:\Users\User\Documents\GitHub\VKSearch\app\build\intermediates\transforms\jarMerging\debug\jars\1\1f\combined.jar
java_class_path (initial): C:\Users\User\AppData\Local\Android\sdk\build-tools\25.0.2\lib\dx.jar
Launcher Type: SUN_STANDARD

Environment Variables:
PATH=C:\ProgramData\Oracle\Java\javapath;C:\Program Files\Broadcom\Broadcom 802.11 Network Adapter;C:\Program Files (x86)\NVIDIA Corporation\PhysX\Common;C:\Program Files (x86)\Intel\iCLS Client\;C:\Program Files\Intel\iCLS Client\;C:\Windows\system32;C:\Windows;C:\Windows\System32\Wbem;C:\Windows\System32\WindowsPowerShell\v1.0\;C:\Program Files\Intel\Intel(R) Management Engine Components\DAL;C:\Program Files\Intel\Intel(R) Management Engine Components\IPT;C:\Program Files (x86)\Intel\Intel(R) Management Engine Components\DAL;C:\Program Files (x86)\Intel\Intel(R) Management Engine Components\IPT;C:\Program Files\WIDCOMM\Bluetooth Software\;C:\Program Files\WIDCOMM\Bluetooth Software\syswow64;C:\Program Files\Acer\Remote Files\;C:\Program Files\OpenVPN\bin;C:\WINDOWS\system32;C:\WINDOWS;C:\WINDOWS\System32\Wbem;C:\WINDOWS\System32\WindowsPowerShell\v1.0\;C:\Users\User\AppData\Local\Microsoft\WindowsApps;
USERNAME=User
OS=Windows_NT
PROCESSOR_IDENTIFIER=Intel64 Family 6 Model 69 Stepping 1, GenuineIntel



---------------  S Y S T E M  ---------------

OS: Windows 10.0 , 64 bit Build 14393 (10.0.14393.1198)

CPU:total 4 (2 cores per cpu, 2 threads per core) family 6 model 69 stepping 1, cmov, cx8, fxsr, mmx, sse, sse2, sse3, ssse3, sse4.1, sse4.2, popcnt, avx, avx2, aes, clmul, erms, lzcnt, ht, tsc, tscinvbit, bmi1, bmi2

Memory: 4k page, physical 8310040k(530080k free), swap 12406040k(5576k free)

vm_info: OpenJDK 64-Bit Server VM (25.112-b06) for windows-amd64 JRE (1.8.0_112-release-b06), built on Dec  8 2016 00:54:26 by "builder" with MS VC++ 10.0 (VS2010)

time: Thu May 25 11:12:41 2017
elapsed time: 18 seconds (0d 0h 0m 18s)

