#
# There is insufficient memory for the Java Runtime Environment to continue.
# Native memory allocation (malloc) failed to allocate 1003616 bytes for Chunk::new
# Possible reasons:
#   The system is out of physical RAM or swap space
#   In 32 bit mode, the process size limit was hit
# Possible solutions:
#   Reduce memory load on the system
#   Increase physical memory or swap space
#   Check if swap backing store is full
#   Use 64 bit Java on a 64 bit OS
#   Decrease Java heap size (-Xmx/-Xms)
#   Decrease number of Java threads
#   Decrease Java thread stack sizes (-Xss)
#   Set larger code cache with -XX:ReservedCodeCacheSize=
# This output file may be truncated or incomplete.
#
#  Out of Memory Error (allocation.cpp:390), pid=6444, tid=0x0000000000000904
#
# JRE version: OpenJDK Runtime Environment (8.0_112-b06) (build 1.8.0_112-release-b06)
# Java VM: OpenJDK 64-Bit Server VM (25.112-b06 mixed mode windows-amd64 compressed oops)
# Failed to write core dump. Minidumps are not enabled by default on client versions of Windows
#

---------------  T H R E A D  ---------------

Current thread (0x000000001c30d800):  JavaThread "C2 CompilerThread0" daemon [_thread_in_native, id=2308, stack(0x000000001d860000,0x000000001d960000)]

Stack: [0x000000001d860000,0x000000001d960000]
[error occurred during error reporting (printing stack bounds), id 0xc0000005]

Native frames: (J=compiled Java code, j=interpreted, Vv=VM code, C=native code)


Current CompileTask:
C2:   3131 1984   !   4       com.android.dx.cf.code.BytecodeArray::parseInstruction (2764 bytes)


---------------  P R O C E S S  ---------------

Java Threads: ( => current thread )
  0x000000001e173000 JavaThread "pool-2-thread-4" [_thread_in_Java, id=12300, stack(0x000000001ed60000,0x000000001ee60000)]
  0x000000001e171000 JavaThread "pool-2-thread-3" [_thread_in_native, id=15092, stack(0x000000001ec60000,0x000000001ed60000)]
  0x000000001e170800 JavaThread "pool-2-thread-2" [_thread_in_Java, id=4208, stack(0x000000001eb60000,0x000000001ec60000)]
  0x000000001e2c0800 JavaThread "pool-3-thread-1" [_thread_blocked, id=16320, stack(0x000000001ea60000,0x000000001eb60000)]
  0x000000001e2c0000 JavaThread "pool-2-thread-1" [_thread_in_Java, id=12184, stack(0x000000001e960000,0x000000001ea60000)]
  0x000000001db88800 JavaThread "Service Thread" daemon [_thread_blocked, id=5532, stack(0x000000001df60000,0x000000001e060000)]
  0x000000001c318000 JavaThread "C1 CompilerThread2" daemon [_thread_blocked, id=14928, stack(0x000000001da60000,0x000000001db60000)]
  0x000000001c311000 JavaThread "C2 CompilerThread1" daemon [_thread_in_native, id=14320, stack(0x000000001d960000,0x000000001da60000)]
=>0x000000001c30d800 JavaThread "C2 CompilerThread0" daemon [_thread_in_native, id=2308, stack(0x000000001d860000,0x000000001d960000)]
  0x000000001c30c000 JavaThread "Attach Listener" daemon [_thread_blocked, id=7640, stack(0x000000001d760000,0x000000001d860000)]
  0x000000001c30a800 JavaThread "Signal Dispatcher" daemon [_thread_blocked, id=10084, stack(0x000000001d660000,0x000000001d760000)]
  0x000000000171b800 JavaThread "Finalizer" daemon [_thread_blocked, id=16344, stack(0x000000001d560000,0x000000001d660000)]
  0x0000000001710800 JavaThread "Reference Handler" daemon [_thread_blocked, id=15888, stack(0x000000001d460000,0x000000001d560000)]
  0x0000000001620800 JavaThread "main" [_thread_in_Java, id=14644, stack(0x0000000001520000,0x0000000001620000)]

Other Threads:
  0x000000001c2d5000 VMThread [stack: 0x000000001d360000,0x000000001d460000] [id=15108]
  0x000000001c36e000 WatcherThread [stack: 0x000000001e060000,0x000000001e160000] [id=15480]

VM state:not at safepoint (normal execution)

VM Mutex/Monitor currently owned by a thread: None

Heap:
 PSYoungGen      total 138240K, used 79182K [0x000000076ab00000, 0x000000077ea00000, 0x00000007c0000000)
  eden space 133120K, 55% used [0x000000076ab00000,0x000000076f354798,0x0000000772d00000)
  from space 5120K, 99% used [0x0000000772d00000,0x00000007731ff210,0x0000000773200000)
  to   space 30208K, 0% used [0x000000077cc80000,0x000000077cc80000,0x000000077ea00000)
 ParOldGen       total 87552K, used 40751K [0x00000006c0000000, 0x00000006c5580000, 0x000000076ab00000)
  object space 87552K, 46% used [0x00000006c0000000,0x00000006c27cbf38,0x00000006c5580000)
 Metaspace       used 6337K, capacity 7216K, committed 7296K, reserved 1056768K
  class space    used 585K, capacity 616K, committed 640K, reserved 1048576K

Card table byte_map: [0x0000000012400000,0x0000000012c10000] byte_map_base: 0x000000000ee00000

Marking Bits: (ParMarkBitMap*) 0x00000000688418f0
 Begin Bits: [0x0000000013170000, 0x0000000017170000)
 End Bits:   [0x0000000017170000, 0x000000001b170000)

Polling page: 0x0000000000c00000

CodeCache: size=245760Kb used=7722Kb max_used=7722Kb free=238037Kb
 bounds [0x0000000003400000, 0x0000000003ba0000, 0x0000000012400000]
 total_blobs=2210 nmethods=1947 adapters=176
 compilation: enabled

Compilation events (10 events):
Event: 3.057 Thread 0x000000001c318000 2015       2       com.android.dx.ssa.back.FirstFitLocalCombiningAllocator$Alignment$2::nextClearBit (26 bytes)
Event: 3.058 Thread 0x000000001c318000 nmethod 2015 0x0000000003b7bb90 code [0x0000000003b7bd00, 0x0000000003b7bf18]
Event: 3.063 Thread 0x000000001c318000 2016       1       com.android.dx.cf.code.SwitchList::size (5 bytes)
Event: 3.063 Thread 0x000000001c318000 nmethod 2016 0x0000000003b7b8d0 code [0x0000000003b7ba20, 0x0000000003b7bb30]
Event: 3.083 Thread 0x000000001c318000 2018       2       java.util.Arrays::sort (19 bytes)
Event: 3.083 Thread 0x000000001c318000 nmethod 2018 0x0000000003b7b410 code [0x0000000003b7b580, 0x0000000003b7b738]
Event: 3.083 Thread 0x000000001c318000 2019       2       java.util.DualPivotQuicksort::sort (1195 bytes)
Event: 3.086 Thread 0x000000001c318000 nmethod 2019 0x0000000003b77490 code [0x0000000003b77780, 0x0000000003b78c68]
Event: 3.112 Thread 0x000000001c318000 2020       2       com.android.dx.ssa.back.FirstFitLocalCombiningAllocator::fitPlanForRange (250 bytes)
Event: 3.114 Thread 0x000000001c318000 nmethod 2020 0x0000000003b8eed0 code [0x0000000003b8f160, 0x0000000003b8fc58]

GC Heap History (10 events):
Event: 0.206 GC heap before
{Heap before GC invocations=1 (full 0):
 PSYoungGen      total 38400K, used 33280K [0x000000076ab00000, 0x000000076d580000, 0x00000007c0000000)
  eden space 33280K, 100% used [0x000000076ab00000,0x000000076cb80000,0x000000076cb80000)
  from space 5120K, 0% used [0x000000076d080000,0x000000076d080000,0x000000076d580000)
  to   space 5120K, 0% used [0x000000076cb80000,0x000000076cb80000,0x000000076d080000)
 ParOldGen       total 87552K, used 0K [0x00000006c0000000, 0x00000006c5580000, 0x000000076ab00000)
  object space 87552K, 0% used [0x00000006c0000000,0x00000006c0000000,0x00000006c5580000)
 Metaspace       used 3365K, capacity 4720K, committed 4864K, reserved 1056768K
  class space    used 352K, capacity 424K, committed 512K, reserved 1048576K
Event: 0.208 GC heap after
Heap after GC invocations=1 (full 0):
 PSYoungGen      total 38400K, used 1726K [0x000000076ab00000, 0x000000076f600000, 0x00000007c0000000)
  eden space 33280K, 0% used [0x000000076ab00000,0x000000076ab00000,0x000000076cb80000)
  from space 5120K, 33% used [0x000000076cb80000,0x000000076cd2f9c8,0x000000076d080000)
  to   space 5120K, 0% used [0x000000076f100000,0x000000076f100000,0x000000076f600000)
 ParOldGen       total 87552K, used 8K [0x00000006c0000000, 0x00000006c5580000, 0x000000076ab00000)
  object space 87552K, 0% used [0x00000006c0000000,0x00000006c0002000,0x00000006c5580000)
 Metaspace       used 3365K, capacity 4720K, committed 4864K, reserved 1056768K
  class space    used 352K, capacity 424K, committed 512K, reserved 1048576K
}
Event: 0.542 GC heap before
{Heap before GC invocations=2 (full 0):
 PSYoungGen      total 38400K, used 35006K [0x000000076ab00000, 0x000000076f600000, 0x00000007c0000000)
  eden space 33280K, 100% used [0x000000076ab00000,0x000000076cb80000,0x000000076cb80000)
  from space 5120K, 33% used [0x000000076cb80000,0x000000076cd2f9c8,0x000000076d080000)
  to   space 5120K, 0% used [0x000000076f100000,0x000000076f100000,0x000000076f600000)
 ParOldGen       total 87552K, used 8K [0x00000006c0000000, 0x00000006c5580000, 0x000000076ab00000)
  object space 87552K, 0% used [0x00000006c0000000,0x00000006c0002000,0x00000006c5580000)
 Metaspace       used 5548K, capacity 6704K, committed 6784K, reserved 1056768K
  class space    used 562K, capacity 616K, committed 640K, reserved 1048576K
Event: 0.549 GC heap after
Heap after GC invocations=2 (full 0):
 PSYoungGen      total 71680K, used 5089K [0x000000076ab00000, 0x000000076f600000, 0x00000007c0000000)
  eden space 66560K, 0% used [0x000000076ab00000,0x000000076ab00000,0x000000076ec00000)
  from space 5120K, 99% used [0x000000076f100000,0x000000076f5f8670,0x000000076f600000)
  to   space 5120K, 0% used [0x000000076ec00000,0x000000076ec00000,0x000000076f100000)
 ParOldGen       total 87552K, used 571K [0x00000006c0000000, 0x00000006c5580000, 0x000000076ab00000)
  object space 87552K, 0% used [0x00000006c0000000,0x00000006c008ec80,0x00000006c5580000)
 Metaspace       used 5548K, capacity 6704K, committed 6784K, reserved 1056768K
  class space    used 562K, capacity 616K, committed 640K, reserved 1048576K
}
Event: 1.382 GC heap before
{Heap before GC invocations=3 (full 0):
 PSYoungGen      total 71680K, used 71649K [0x000000076ab00000, 0x000000076f600000, 0x00000007c0000000)
  eden space 66560K, 100% used [0x000000076ab00000,0x000000076ec00000,0x000000076ec00000)
  from space 5120K, 99% used [0x000000076f100000,0x000000076f5f8670,0x000000076f600000)
  to   space 5120K, 0% used [0x000000076ec00000,0x000000076ec00000,0x000000076f100000)
 ParOldGen       total 87552K, used 571K [0x00000006c0000000, 0x00000006c5580000, 0x000000076ab00000)
  object space 87552K, 0% used [0x00000006c0000000,0x00000006c008ec80,0x00000006c5580000)
 Metaspace       used 6069K, capacity 7152K, committed 7296K, reserved 1056768K
  class space    used 566K, capacity 616K, committed 640K, reserved 1048576K
Event: 1.416 GC heap after
Heap after GC invocations=3 (full 0):
 PSYoungGen      total 71680K, used 5099K [0x000000076ab00000, 0x0000000773700000, 0x00000007c0000000)
  eden space 66560K, 0% used [0x000000076ab00000,0x000000076ab00000,0x000000076ec00000)
  from space 5120K, 99% used [0x000000076ec00000,0x000000076f0face8,0x000000076f100000)
  to   space 5120K, 0% used [0x0000000773200000,0x0000000773200000,0x0000000773700000)
 ParOldGen       total 87552K, used 9446K [0x00000006c0000000, 0x00000006c5580000, 0x000000076ab00000)
  object space 87552K, 10% used [0x00000006c0000000,0x00000006c09399e8,0x00000006c5580000)
 Metaspace       used 6069K, capacity 7152K, committed 7296K, reserved 1056768K
  class space    used 566K, capacity 616K, committed 640K, reserved 1048576K
}
Event: 1.827 GC heap before
{Heap before GC invocations=4 (full 0):
 PSYoungGen      total 71680K, used 71659K [0x000000076ab00000, 0x0000000773700000, 0x00000007c0000000)
  eden space 66560K, 100% used [0x000000076ab00000,0x000000076ec00000,0x000000076ec00000)
  from space 5120K, 99% used [0x000000076ec00000,0x000000076f0face8,0x000000076f100000)
  to   space 5120K, 0% used [0x0000000773200000,0x0000000773200000,0x0000000773700000)
 ParOldGen       total 87552K, used 9446K [0x00000006c0000000, 0x00000006c5580000, 0x000000076ab00000)
  object space 87552K, 10% used [0x00000006c0000000,0x00000006c09399e8,0x00000006c5580000)
 Metaspace       used 6213K, capacity 7152K, committed 7296K, reserved 1056768K
  class space    used 585K, capacity 616K, committed 640K, reserved 1048576K
Event: 1.855 GC heap after
Heap after GC invocations=4 (full 0):
 PSYoungGen      total 138240K, used 5096K [0x000000076ab00000, 0x0000000773700000, 0x00000007c0000000)
  eden space 133120K, 0% used [0x000000076ab00000,0x000000076ab00000,0x0000000772d00000)
  from space 5120K, 99% used [0x0000000773200000,0x00000007736fa240,0x0000000773700000)
  to   space 5120K, 0% used [0x0000000772d00000,0x0000000772d00000,0x0000000773200000)
 ParOldGen       total 87552K, used 19812K [0x00000006c0000000, 0x00000006c5580000, 0x000000076ab00000)
  object space 87552K, 22% used [0x00000006c0000000,0x00000006c1359128,0x00000006c5580000)
 Metaspace       used 6213K, capacity 7152K, committed 7296K, reserved 1056768K
  class space    used 585K, capacity 616K, committed 640K, reserved 1048576K
}
Event: 2.653 GC heap before
{Heap before GC invocations=5 (full 0):
 PSYoungGen      total 138240K, used 138216K [0x000000076ab00000, 0x0000000773700000, 0x00000007c0000000)
  eden space 133120K, 100% used [0x000000076ab00000,0x0000000772d00000,0x0000000772d00000)
  from space 5120K, 99% used [0x0000000773200000,0x00000007736fa240,0x0000000773700000)
  to   space 5120K, 0% used [0x0000000772d00000,0x0000000772d00000,0x0000000773200000)
 ParOldGen       total 87552K, used 19812K [0x00000006c0000000, 0x00000006c5580000, 0x000000076ab00000)
  object space 87552K, 22% used [0x00000006c0000000,0x00000006c1359128,0x00000006c5580000)
 Metaspace       used 6320K, capacity 7216K, committed 7296K, reserved 1056768K
  class space    used 585K, capacity 616K, committed 640K, reserved 1048576K
Event: 2.707 GC heap after
Heap after GC invocations=5 (full 0):
 PSYoungGen      total 138240K, used 5116K [0x000000076ab00000, 0x000000077ea00000, 0x00000007c0000000)
  eden space 133120K, 0% used [0x000000076ab00000,0x000000076ab00000,0x0000000772d00000)
  from space 5120K, 99% used [0x0000000772d00000,0x00000007731ff210,0x0000000773200000)
  to   space 30208K, 0% used [0x000000077cc80000,0x000000077cc80000,0x000000077ea00000)
 ParOldGen       total 87552K, used 40751K [0x00000006c0000000, 0x00000006c5580000, 0x000000076ab00000)
  object space 87552K, 46% used [0x00000006c0000000,0x00000006c27cbf38,0x00000006c5580000)
 Metaspace       used 6320K, capacity 7216K, committed 7296K, reserved 1056768K
  class space    used 585K, capacity 616K, committed 640K, reserved 1048576K
}

Deoptimization events (10 events):
Event: 1.673 Thread 0x000000001e173000 Uncommon trap: reason=unstable_if action=reinterpret pc=0x000000000373cd58 method=java.util.HashMap.putVal(ILjava/lang/Object;Ljava/lang/Object;ZZ)Ljava/lang/Object; @ 162
Event: 1.723 Thread 0x000000001e171000 Uncommon trap: reason=unstable_if action=reinterpret pc=0x0000000003a3cf28 method=java.util.HashMap.getNode(ILjava/lang/Object;)Ljava/util/HashMap$Node; @ 84
Event: 1.860 Thread 0x000000001e171000 Uncommon trap: reason=unstable_if action=reinterpret pc=0x0000000003ab5be4 method=com.android.dx.ssa.SCCP.simulateBranch(Lcom/android/dx/ssa/SsaInsn;)V @ 64
Event: 1.901 Thread 0x000000001e2c0000 Uncommon trap: reason=class_check action=maybe_recompile pc=0x0000000003a88bcc method=com.android.dx.cf.code.BytecodeArray.parseInstruction(ILcom/android/dx/cf/code/BytecodeArray$Visitor;)I @ 1258
Event: 1.901 Thread 0x000000001e2c0000 Uncommon trap: reason=class_check action=maybe_recompile pc=0x0000000003a88bcc method=com.android.dx.cf.code.BytecodeArray.parseInstruction(ILcom/android/dx/cf/code/BytecodeArray$Visitor;)I @ 1258
Event: 1.902 Thread 0x000000001e2c0000 Uncommon trap: reason=class_check action=maybe_recompile pc=0x0000000003a88bcc method=com.android.dx.cf.code.BytecodeArray.parseInstruction(ILcom/android/dx/cf/code/BytecodeArray$Visitor;)I @ 1258
Event: 1.902 Thread 0x000000001e2c0000 Uncommon trap: reason=class_check action=maybe_recompile pc=0x0000000003a88bcc method=com.android.dx.cf.code.BytecodeArray.parseInstruction(ILcom/android/dx/cf/code/BytecodeArray$Visitor;)I @ 1258
Event: 2.421 Thread 0x000000001e173000 Uncommon trap: reason=unstable_if action=reinterpret pc=0x0000000003825a9c method=com.android.dx.ssa.SsaMethod.updateOneDefinition(Lcom/android/dx/ssa/SsaInsn;Lcom/android/dx/rop/code/RegisterSpec;)V @ 4
Event: 2.768 Thread 0x000000001e170800 Uncommon trap: reason=bimorphic action=maybe_recompile pc=0x0000000003b5a828 method=com.android.dx.cf.code.BytecodeArray.parseInstruction(ILcom/android/dx/cf/code/BytecodeArray$Visitor;)I @ 1051
Event: 2.768 Thread 0x000000001e170800 Uncommon trap: reason=bimorphic action=maybe_recompile pc=0x0000000003b5a828 method=com.android.dx.cf.code.BytecodeArray.parseInstruction(ILcom/android/dx/cf/code/BytecodeArray$Visitor;)I @ 1051

Internal exceptions (8 events):
Event: 0.026 Thread 0x0000000001620800 Exception <a 'java/lang/NoSuchMethodError': Method sun.misc.Unsafe.defineClass(Ljava/lang/String;[BII)Ljava/lang/Class; name or signature does not match> (0x000000076ab07c78) thrown at [C:\src\android\AOSP-openjdk\external\jetbrains\jdk\hotspot\src\share\v*c³V@!›?
Event: 0.026 Thread 0x0000000001620800 Exception <a 'java/lang/NoSuchMethodError': Method sun.misc.Unsafe.prefetchRead(Ljava/lang/Object;J)V name or signature does not match> (0x000000076ab07f60) thrown at [C:\src\android\AOSP-openjdk\external\jetbrains\jdk\hotspot\src\share\vm\prims\jni.cpp, l¯Ùž˜|!è?
Event: 0.754 Thread 0x000000001e2c0000 Implicit null exception at 0x00000000037992a2 to 0x00000000037993a2
Event: 0.948 Thread 0x000000001e173000 Implicit null exception at 0x00000000037809ea to 0x0000000003783069
Event: 1.206 Thread 0x000000001e170800 Implicit null exception at 0x00000000037ac50b to 0x00000000037adaa1
Event: 1.676 Thread 0x000000001e173000 Exception <a 'java/lang/ArrayIndexOutOfBoundsException': 18> (0x000000076d19e650) thrown at [C:\src\android\AOSP-openjdk\external\jetbrains\jdk\hotspot\src\share\vm\interpreter\interpreterRuntime.cpp, line 366]
Event: 1.677 Thread 0x000000001e173000 Exception <a 'java/lang/ArrayIndexOutOfBoundsException': 145> (0x000000076d1a01d0) thrown at [C:\src\android\AOSP-openjdk\external\jetbrains\jdk\hotspot\src\share\vm\interpreter\interpreterRuntime.cpp, line 366]
Event: 1.678 Thread 0x000000001e173000 Exception <a 'java/lang/ArrayIndexOutOfBoundsException'> (0x000000076d1a14b8) thrown at [C:\src\android\AOSP-openjdk\external\jetbrains\jdk\hotspot\src\share\vm\runtime\sharedRuntime.cpp, line 605]

Events (10 events):
Event: 2.653 Executing VM operation: ParallelGCFailedAllocation
Event: 2.707 Executing VM operation: ParallelGCFailedAllocation done
Event: 2.753 Thread 0x000000001e2c0000 DEOPT PACKING pc=0x0000000003a804b1 sp=0x000000001ea5e980
Event: 2.754 Thread 0x000000001e2c0000 DEOPT UNPACKING pc=0x00000000034475bf sp=0x000000001ea5e6c8 mode 0
Event: 2.768 Thread 0x000000001e170800 Uncommon trap: trap_request=0xffffffc6 fr.pc=0x0000000003b5a828
Event: 2.768 Thread 0x000000001e170800 DEOPT PACKING pc=0x0000000003b5a828 sp=0x000000001ec5e690
Event: 2.768 Thread 0x000000001e170800 DEOPT UNPACKING pc=0x000000000344556a sp=0x000000001ec5e648 mode 2
Event: 2.768 Thread 0x000000001e170800 Uncommon trap: trap_request=0xffffffc6 fr.pc=0x0000000003b5a828
Event: 2.768 Thread 0x000000001e170800 DEOPT PACKING pc=0x0000000003b5a828 sp=0x000000001ec5e690
Event: 2.768 Thread 0x000000001e170800 DEOPT UNPACKING pc=0x000000000344556a sp=0x000000001ec5e648 mode 2


Dynamic libraries:
0x00007ff71e720000 - 0x00007ff71e751000 	C:\Program Files\Android\Android Studio\jre\bin\java.exe
0x00007ffacaa50000 - 0x00007ffacac21000 	C:\WINDOWS\SYSTEM32\ntdll.dll
0x00007ffac7fe0000 - 0x00007ffac808c000 	C:\WINDOWS\System32\KERNEL32.DLL
0x00007ffac6f40000 - 0x00007ffac715d000 	C:\WINDOWS\System32\KERNELBASE.dll
0x00007ffaca6f0000 - 0x00007ffaca792000 	C:\WINDOWS\System32\ADVAPI32.dll
0x00007ffaca870000 - 0x00007ffaca90e000 	C:\WINDOWS\System32\msvcrt.dll
0x00007ffac97d0000 - 0x00007ffac9829000 	C:\WINDOWS\System32\sechost.dll
0x00007ffac96a0000 - 0x00007ffac97c1000 	C:\WINDOWS\System32\RPCRT4.dll
0x00007ffac99d0000 - 0x00007ffac9b35000 	C:\WINDOWS\System32\USER32.dll
0x00007ffac7310000 - 0x00007ffac732e000 	C:\WINDOWS\System32\win32u.dll
0x00007ffac9e40000 - 0x00007ffac9e74000 	C:\WINDOWS\System32\GDI32.dll
0x00007ffac7390000 - 0x00007ffac7512000 	C:\WINDOWS\System32\gdi32full.dll
0x00007ffabd490000 - 0x00007ffabd70a000 	C:\WINDOWS\WinSxS\amd64_microsoft.windows.common-controls_6595b64144ccf1df_6.0.14393.953_none_42151e83c686086b\COMCTL32.dll
0x00007ffac9ff0000 - 0x00007ffaca2b8000 	C:\WINDOWS\System32\combase.dll
0x00007ffac7210000 - 0x00007ffac7305000 	C:\WINDOWS\System32\ucrtbase.dll
0x00007ffac77e0000 - 0x00007ffac784a000 	C:\WINDOWS\System32\bcryptPrimitives.dll
0x00007ffaca7a0000 - 0x00007ffaca7ce000 	C:\WINDOWS\System32\IMM32.DLL
0x0000000069b50000 - 0x0000000069c22000 	C:\Program Files\Android\Android Studio\jre\jre\bin\msvcr100.dll
0x0000000068080000 - 0x00000000688bc000 	C:\Program Files\Android\Android Studio\jre\jre\bin\server\jvm.dll
0x00007ffac9900000 - 0x00007ffac9908000 	C:\WINDOWS\System32\PSAPI.DLL
0x00007ffabb390000 - 0x00007ffabb399000 	C:\WINDOWS\SYSTEM32\WSOCK32.dll
0x00007ffab88d0000 - 0x00007ffab88da000 	C:\WINDOWS\SYSTEM32\VERSION.dll
0x00007ffac47f0000 - 0x00007ffac4813000 	C:\WINDOWS\SYSTEM32\WINMM.dll
0x00007ffac9db0000 - 0x00007ffac9e1a000 	C:\WINDOWS\System32\WS2_32.dll
0x00007ffac47c0000 - 0x00007ffac47eb000 	C:\WINDOWS\SYSTEM32\WINMMBASE.dll
0x00007ffac7520000 - 0x00007ffac7562000 	C:\WINDOWS\System32\cfgmgr32.dll
0x00007ffabb290000 - 0x00007ffabb29f000 	C:\Program Files\Android\Android Studio\jre\jre\bin\verify.dll
0x00007ffaad5a0000 - 0x00007ffaad5c9000 	C:\Program Files\Android\Android Studio\jre\jre\bin\java.dll
0x00007ffabb270000 - 0x00007ffabb286000 	C:\Program Files\Android\Android Studio\jre\jre\bin\zip.dll
0x00007ffac8090000 - 0x00007ffac9598000 	C:\WINDOWS\System32\SHELL32.dll
0x00007ffac7850000 - 0x00007ffac7f2a000 	C:\WINDOWS\System32\windows.storage.dll
0x00007ffac6ec0000 - 0x00007ffac6f0c000 	C:\WINDOWS\System32\powrprof.dll
0x00007ffac98a0000 - 0x00007ffac98f2000 	C:\WINDOWS\System32\shlwapi.dll
0x00007ffac6eb0000 - 0x00007ffac6ebf000 	C:\WINDOWS\System32\kernel.appcore.dll
0x00007ffac7160000 - 0x00007ffac7209000 	C:\WINDOWS\System32\shcore.dll
0x00007ffac6f10000 - 0x00007ffac6f24000 	C:\WINDOWS\System32\profapi.dll

VM Arguments:
jvm_args: -Djava.awt.headless=true -Xmx4g -Dfile.encoding=windows-1251 -Duser.country=RU -Duser.language=ru -Duser.variant 
java_command: com.android.dx.command.Main --dex --num-threads=4 --multi-dex --main-dex-list C:\Users\User\Documents\GitHub\VKSearch\app\build\intermediates\multi-dex\debug\maindexlist.txt --output C:\Users\User\Documents\GitHub\VKSearch\app\build\intermediates\transforms\dex\debug\folders\1000\1f\main C:\Users\User\Documents\GitHub\VKSearch\app\build\intermediates\transforms\jarMerging\debug\jars\1\1f\combined.jar
java_class_path (initial): C:\Users\User\AppData\Local\Android\sdk\build-tools\25.0.2\lib\dx.jar
Launcher Type: SUN_STANDARD

Environment Variables:
PATH=C:\ProgramData\Oracle\Java\javapath;C:\Program Files\Broadcom\Broadcom 802.11 Network Adapter;C:\Program Files (x86)\NVIDIA Corporation\PhysX\Common;C:\Program Files (x86)\Intel\iCLS Client\;C:\Program Files\Intel\iCLS Client\;C:\Windows\system32;C:\Windows;C:\Windows\System32\Wbem;C:\Windows\System32\WindowsPowerShell\v1.0\;C:\Program Files\Intel\Intel(R) Management Engine Components\DAL;C:\Program Files\Intel\Intel(R) Management Engine Components\IPT;C:\Program Files (x86)\Intel\Intel(R) Management Engine Components\DAL;C:\Program Files (x86)\Intel\Intel(R) Management Engine Components\IPT;C:\Program Files\WIDCOMM\Bluetooth Software\;C:\Program Files\WIDCOMM\Bluetooth Software\syswow64;C:\Program Files\Acer\Remote Files\;C:\Program Files\OpenVPN\bin;C:\WINDOWS\system32;C:\WINDOWS;C:\WINDOWS\System32\Wbem;C:\WINDOWS\System32\WindowsPowerShell\v1.0\;C:\Users\User\AppData\Local\Microsoft\WindowsApps;
USERNAME=User
OS=Windows_NT
PROCESSOR_IDENTIFIER=Intel64 Family 6 Model 69 Stepping 1, GenuineIntel



---------------  S Y S T E M  ---------------

OS: Windows 10.0 , 64 bit Build 14393 (10.0.14393.1198)

CPU:total 4 (2 cores per cpu, 2 threads per core) family 6 model 69 stepping 1, cmov, cx8, fxsr, mmx, sse, sse2, sse3, ssse3, sse4.1, sse4.2, popcnt, avx, avx2, aes, clmul, erms, lzcnt, ht, tsc, tscinvbit, bmi1, bmi2

Memory: 4k page, physical 8310040k(1535092k free), swap 12406040k(5860k free)

vm_info: OpenJDK 64-Bit Server VM (25.112-b06) for windows-amd64 JRE (1.8.0_112-release-b06), built on Dec  8 2016 00:54:26 by "builder" with MS VC++ 10.0 (VS2010)

time: Thu May 25 13:59:03 2017
elapsed time: 3 seconds (0d 0h 0m 3s)

