#
# There is insufficient memory for the Java Runtime Environment to continue.
# Native memory allocation (malloc) failed to allocate 1267056 bytes for Chunk::new
# Possible reasons:
#   The system is out of physical RAM or swap space
#   In 32 bit mode, the process size limit was hit
# Possible solutions:
#   Reduce memory load on the system
#   Increase physical memory or swap space
#   Check if swap backing store is full
#   Use 64 bit Java on a 64 bit OS
#   Decrease Java heap size (-Xmx/-Xms)
#   Decrease number of Java threads
#   Decrease Java thread stack sizes (-Xss)
#   Set larger code cache with -XX:ReservedCodeCacheSize=
# This output file may be truncated or incomplete.
#
#  Out of Memory Error (allocation.cpp:390), pid=16532, tid=0x0000000000002de0
#
# JRE version: OpenJDK Runtime Environment (8.0_112-b06) (build 1.8.0_112-release-b06)
# Java VM: OpenJDK 64-Bit Server VM (25.112-b06 mixed mode windows-amd64 compressed oops)
# Failed to write core dump. Minidumps are not enabled by default on client versions of Windows
#

---------------  T H R E A D  ---------------

Current thread (0x000000001c7ce000):  JavaThread "C2 CompilerThread0" daemon [_thread_in_native, id=11744, stack(0x000000001de20000,0x000000001df20000)]

Stack: [0x000000001de20000,0x000000001df20000]
[error occurred during error reporting (printing stack bounds), id 0xc0000005]

Native frames: (J=compiled Java code, j=interpreted, Vv=VM code, C=native code)


Current CompileTask:
C2:  14643 2321   !   4       com.android.dx.cf.code.Ropper::processBlock (1101 bytes)


---------------  P R O C E S S  ---------------

Java Threads: ( => current thread )
  0x000000001e90d800 JavaThread "pool-2-thread-4" [_thread_in_Java, id=14288, stack(0x000000001f320000,0x000000001f420000)]
  0x000000001eab1000 JavaThread "pool-2-thread-3" [_thread_in_Java, id=16804, stack(0x000000001f220000,0x000000001f320000)]
  0x000000001eab0800 JavaThread "pool-2-thread-2" [_thread_in_Java, id=15552, stack(0x000000001f120000,0x000000001f220000)]
  0x000000001e4f6000 JavaThread "pool-3-thread-1" [_thread_blocked, id=15416, stack(0x000000001f020000,0x000000001f120000)]
  0x000000001e436000 JavaThread "pool-2-thread-1" [_thread_in_Java, id=6344, stack(0x000000001ef20000,0x000000001f020000)]
  0x000000001e123800 JavaThread "Service Thread" daemon [_thread_blocked, id=16952, stack(0x000000001e520000,0x000000001e620000)]
  0x000000001c82d800 JavaThread "C1 CompilerThread2" daemon [_thread_blocked, id=14260, stack(0x000000001e020000,0x000000001e120000)]
  0x000000001c81f800 JavaThread "C2 CompilerThread1" daemon [_thread_in_native, id=10532, stack(0x000000001df20000,0x000000001e020000)]
=>0x000000001c7ce000 JavaThread "C2 CompilerThread0" daemon [_thread_in_native, id=11744, stack(0x000000001de20000,0x000000001df20000)]
  0x000000001c7cc800 JavaThread "Attach Listener" daemon [_thread_blocked, id=8776, stack(0x000000001dd20000,0x000000001de20000)]
  0x000000001c7cb800 JavaThread "Signal Dispatcher" daemon [_thread_blocked, id=16672, stack(0x000000001dc20000,0x000000001dd20000)]
  0x0000000001c5d000 JavaThread "Finalizer" daemon [_thread_blocked, id=12764, stack(0x000000001da30000,0x000000001db30000)]
  0x0000000001c52800 JavaThread "Reference Handler" daemon [_thread_blocked, id=10012, stack(0x000000001d930000,0x000000001da30000)]
  0x0000000001b60800 JavaThread "main" [_thread_in_native, id=15448, stack(0x0000000001a60000,0x0000000001b60000)]

Other Threads:
  0x000000001c795000 VMThread [stack: 0x000000001d830000,0x000000001d930000] [id=13440]
  0x000000001e125800 WatcherThread [stack: 0x000000001e620000,0x000000001e720000] [id=8592]

VM state:not at safepoint (normal execution)

VM Mutex/Monitor currently owned by a thread: None

Heap:
 PSYoungGen      total 282112K, used 131974K [0x000000076ab00000, 0x000000077fb00000, 0x00000007c0000000)
  eden space 250880K, 52% used [0x000000076ab00000,0x0000000772be1b18,0x000000077a000000)
  from space 31232K, 0% used [0x000000077c880000,0x000000077c880000,0x000000077e700000)
  to   space 41472K, 0% used [0x000000077a000000,0x000000077a000000,0x000000077c880000)
 ParOldGen       total 104960K, used 104917K [0x00000006c0000000, 0x00000006c6680000, 0x000000076ab00000)
  object space 104960K, 99% used [0x00000006c0000000,0x00000006c6675408,0x00000006c6680000)
 Metaspace       used 6382K, capacity 7280K, committed 7552K, reserved 1056768K
  class space    used 586K, capacity 616K, committed 640K, reserved 1048576K

Card table byte_map: [0x00000000127c0000,0x0000000012fd0000] byte_map_base: 0x000000000f1c0000

Marking Bits: (ParMarkBitMap*) 0x00000000688418f0
 Begin Bits: [0x0000000013630000, 0x0000000017630000)
 End Bits:   [0x0000000017630000, 0x000000001b630000)

Polling page: 0x00000000015e0000

CodeCache: size=245760Kb used=10520Kb max_used=10544Kb free=235239Kb
 bounds [0x0000000003400000, 0x0000000003e80000, 0x0000000012400000]
 total_blobs=2390 nmethods=2127 adapters=176
 compilation: enabled

Compilation events (10 events):
Event: 14.439 Thread 0x000000001c82d800 2334 %     3       com.android.dx.ssa.SsaMethod::deleteInsns @ 42 (239 bytes)
Event: 14.443 Thread 0x000000001c82d800 nmethod 2334% 0x0000000003e64410 code [0x0000000003e64820, 0x0000000003e66f28]
Event: 14.443 Thread 0x000000001c82d800 2335       3       com.android.dx.ssa.SsaMethod::deleteInsns (239 bytes)
Event: 14.447 Thread 0x000000001c82d800 nmethod 2335 0x0000000003e727d0 code [0x0000000003e72bc0, 0x0000000003e75098]
Event: 14.454 Thread 0x000000001c82d800 2336       3       com.android.dx.ssa.SsaMethod::makeExitBlock (134 bytes)
Event: 14.456 Thread 0x000000001c82d800 nmethod 2336 0x0000000003e388d0 code [0x0000000003e38b40, 0x0000000003e39988]
Event: 14.465 Thread 0x000000001c82d800 2339       2       com.android.dx.rop.code.BasicBlock::getSecondarySuccessor (49 bytes)
Event: 14.466 Thread 0x000000001c82d800 nmethod 2339 0x000000000363db50 code [0x000000000363dce0, 0x000000000363df68]
Event: 14.475 Thread 0x000000001c82d800 2340   !   2       java.util.concurrent.locks.AbstractQueuedSynchronizer::doAcquireInterruptibly (97 bytes)
Event: 14.476 Thread 0x000000001c82d800 nmethod 2340 0x0000000003558cd0 code [0x0000000003558ec0, 0x00000000035594b8]

GC Heap History (10 events):
Event: 5.806 GC heap before
{Heap before GC invocations=8 (full 0):
 PSYoungGen      total 151552K, used 151530K [0x000000076ab00000, 0x000000077e700000, 0x00000007c0000000)
  eden space 130560K, 100% used [0x000000076ab00000,0x0000000772a80000,0x0000000772a80000)
  from space 20992K, 99% used [0x0000000772a80000,0x0000000773efaa48,0x0000000773f00000)
  to   space 31232K, 0% used [0x000000077c880000,0x000000077c880000,0x000000077e700000)
 ParOldGen       total 87552K, used 32823K [0x00000006c0000000, 0x00000006c5580000, 0x000000076ab00000)
  object space 87552K, 37% used [0x00000006c0000000,0x00000006c200deb0,0x00000006c5580000)
 Metaspace       used 6340K, capacity 7216K, committed 7296K, reserved 1056768K
  class space    used 585K, capacity 616K, committed 640K, reserved 1048576K
Event: 5.908 GC heap after
Heap after GC invocations=8 (full 0):
 PSYoungGen      total 282112K, used 31223K [0x000000076ab00000, 0x000000077fb00000, 0x00000007c0000000)
  eden space 250880K, 0% used [0x000000076ab00000,0x000000076ab00000,0x000000077a000000)
  from space 31232K, 99% used [0x000000077c880000,0x000000077e6fddd8,0x000000077e700000)
  to   space 41472K, 0% used [0x000000077a000000,0x000000077a000000,0x000000077c880000)
 ParOldGen       total 87552K, used 42327K [0x00000006c0000000, 0x00000006c5580000, 0x000000076ab00000)
  object space 87552K, 48% used [0x00000006c0000000,0x00000006c2955ff0,0x00000006c5580000)
 Metaspace       used 6340K, capacity 7216K, committed 7296K, reserved 1056768K
  class space    used 585K, capacity 616K, committed 640K, reserved 1048576K
}
Event: 7.570 GC heap before
{Heap before GC invocations=9 (full 0):
 PSYoungGen      total 282112K, used 282103K [0x000000076ab00000, 0x000000077fb00000, 0x00000007c0000000)
  eden space 250880K, 100% used [0x000000076ab00000,0x000000077a000000,0x000000077a000000)
  from space 31232K, 99% used [0x000000077c880000,0x000000077e6fddd8,0x000000077e700000)
  to   space 41472K, 0% used [0x000000077a000000,0x000000077a000000,0x000000077c880000)
 ParOldGen       total 87552K, used 42327K [0x00000006c0000000, 0x00000006c5580000, 0x000000076ab00000)
  object space 87552K, 48% used [0x00000006c0000000,0x00000006c2955ff0,0x00000006c5580000)
 Metaspace       used 6359K, capacity 7280K, committed 7552K, reserved 1056768K
  class space    used 586K, capacity 616K, committed 640K, reserved 1048576K
Event: 7.742 GC heap after
Heap after GC invocations=9 (full 0):
 PSYoungGen      total 292352K, used 41460K [0x000000076ab00000, 0x000000077fb00000, 0x00000007c0000000)
  eden space 250880K, 0% used [0x000000076ab00000,0x000000076ab00000,0x000000077a000000)
  from space 41472K, 99% used [0x000000077a000000,0x000000077c87d368,0x000000077c880000)
  to   space 31232K, 0% used [0x000000077c880000,0x000000077c880000,0x000000077e700000)
 ParOldGen       total 87552K, used 60048K [0x00000006c0000000, 0x00000006c5580000, 0x000000076ab00000)
  object space 87552K, 68% used [0x00000006c0000000,0x00000006c3aa4318,0x00000006c5580000)
 Metaspace       used 6359K, capacity 7280K, committed 7552K, reserved 1056768K
  class space    used 586K, capacity 616K, committed 640K, reserved 1048576K
}
Event: 9.590 GC heap before
{Heap before GC invocations=10 (full 0):
 PSYoungGen      total 292352K, used 292340K [0x000000076ab00000, 0x000000077fb00000, 0x00000007c0000000)
  eden space 250880K, 100% used [0x000000076ab00000,0x000000077a000000,0x000000077a000000)
  from space 41472K, 99% used [0x000000077a000000,0x000000077c87d368,0x000000077c880000)
  to   space 31232K, 0% used [0x000000077c880000,0x000000077c880000,0x000000077e700000)
 ParOldGen       total 87552K, used 60048K [0x00000006c0000000, 0x00000006c5580000, 0x000000076ab00000)
  object space 87552K, 68% used [0x00000006c0000000,0x00000006c3aa4318,0x00000006c5580000)
 Metaspace       used 6364K, capacity 7280K, committed 7552K, reserved 1056768K
  class space    used 586K, capacity 616K, committed 640K, reserved 1048576K
Event: 9.773 GC heap after
Heap after GC invocations=10 (full 0):
 PSYoungGen      total 282112K, used 31200K [0x000000076ab00000, 0x000000077fb00000, 0x00000007c0000000)
  eden space 250880K, 0% used [0x000000076ab00000,0x000000076ab00000,0x000000077a000000)
  from space 31232K, 99% used [0x000000077c880000,0x000000077e6f80e0,0x000000077e700000)
  to   space 41472K, 0% used [0x000000077a000000,0x000000077a000000,0x000000077c880000)
 ParOldGen       total 104960K, used 104784K [0x00000006c0000000, 0x00000006c6680000, 0x000000076ab00000)
  object space 104960K, 99% used [0x00000006c0000000,0x00000006c6654160,0x00000006c6680000)
 Metaspace       used 6364K, capacity 7280K, committed 7552K, reserved 1056768K
  class space    used 586K, capacity 616K, committed 640K, reserved 1048576K
}
Event: 9.773 GC heap before
{Heap before GC invocations=11 (full 1):
 PSYoungGen      total 282112K, used 31200K [0x000000076ab00000, 0x000000077fb00000, 0x00000007c0000000)
  eden space 250880K, 0% used [0x000000076ab00000,0x000000076ab00000,0x000000077a000000)
  from space 31232K, 99% used [0x000000077c880000,0x000000077e6f80e0,0x000000077e700000)
  to   space 41472K, 0% used [0x000000077a000000,0x000000077a000000,0x000000077c880000)
 ParOldGen       total 104960K, used 104784K [0x00000006c0000000, 0x00000006c6680000, 0x000000076ab00000)
  object space 104960K, 99% used [0x00000006c0000000,0x00000006c6654160,0x00000006c6680000)
 Metaspace       used 6364K, capacity 7280K, committed 7552K, reserved 1056768K
  class space    used 586K, capacity 616K, committed 640K, reserved 1048576K
Event: 11.079 GC heap after
Heap after GC invocations=11 (full 1):
 PSYoungGen      total 282112K, used 24934K [0x000000076ab00000, 0x000000077fb00000, 0x00000007c0000000)
  eden space 250880K, 0% used [0x000000076ab00000,0x000000076ab00000,0x000000077a000000)
  from space 31232K, 79% used [0x000000077c880000,0x000000077e0d9800,0x000000077e700000)
  to   space 41472K, 0% used [0x000000077a000000,0x000000077a000000,0x000000077c880000)
 ParOldGen       total 104960K, used 104519K [0x00000006c0000000, 0x00000006c6680000, 0x000000076ab00000)
  object space 104960K, 99% used [0x00000006c0000000,0x00000006c6611e78,0x00000006c6680000)
 Metaspace       used 6364K, capacity 7280K, committed 7552K, reserved 1056768K
  class space    used 586K, capacity 616K, committed 640K, reserved 1048576K
}
Event: 12.544 GC heap before
{Heap before GC invocations=12 (full 2):
 PSYoungGen      total 282112K, used 275814K [0x000000076ab00000, 0x000000077fb00000, 0x00000007c0000000)
  eden space 250880K, 100% used [0x000000076ab00000,0x000000077a000000,0x000000077a000000)
  from space 31232K, 79% used [0x000000077c880000,0x000000077e0d9800,0x000000077e700000)
  to   space 41472K, 0% used [0x000000077a000000,0x000000077a000000,0x000000077c880000)
 ParOldGen       total 104960K, used 104519K [0x00000006c0000000, 0x00000006c6680000, 0x000000076ab00000)
  object space 104960K, 99% used [0x00000006c0000000,0x00000006c6611e78,0x00000006c6680000)
 Metaspace       used 6381K, capacity 7280K, committed 7552K, reserved 1056768K
  class space    used 586K, capacity 616K, committed 640K, reserved 1048576K
Event: 14.034 GC heap after
Heap after GC invocations=12 (full 2):
 PSYoungGen      total 282112K, used 62098K [0x000000076ab00000, 0x000000077fb00000, 0x00000007c0000000)
  eden space 250880K, 24% used [0x000000076ab00000,0x000000076e7a4af0,0x000000077a000000)
  from space 31232K, 0% used [0x000000077c880000,0x000000077c880000,0x000000077e700000)
  to   space 41472K, 0% used [0x000000077a000000,0x000000077a000000,0x000000077c880000)
 ParOldGen       total 104960K, used 104917K [0x00000006c0000000, 0x00000006c6680000, 0x000000076ab00000)
  object space 104960K, 99% used [0x00000006c0000000,0x00000006c6675408,0x00000006c6680000)
 Metaspace       used 6381K, capacity 7280K, committed 7552K, reserved 1056768K
  class space    used 586K, capacity 616K, committed 640K, reserved 1048576K
}

Deoptimization events (10 events):
Event: 14.173 Thread 0x000000001eab1000 Uncommon trap: reason=unstable_if action=reinterpret pc=0x0000000003d509e0 method=com.android.dx.ssa.MoveParamCombiner$1.visitNonMoveInsn(Lcom/android/dx/ssa/NormalSsaInsn;)V @ 27
Event: 14.181 Thread 0x000000001eab1000 Uncommon trap: reason=class_check action=maybe_recompile pc=0x0000000003d61090 method=com.android.dx.cf.code.Ropper.processBlock(Lcom/android/dx/cf/code/ByteBlock;Lcom/android/dx/cf/code/Frame;[I)V @ 711
Event: 14.182 Thread 0x000000001eab1000 Uncommon trap: reason=class_check action=maybe_recompile pc=0x0000000003d61090 method=com.android.dx.cf.code.Ropper.processBlock(Lcom/android/dx/cf/code/ByteBlock;Lcom/android/dx/cf/code/Frame;[I)V @ 711
Event: 14.182 Thread 0x000000001eab1000 Uncommon trap: reason=class_check action=maybe_recompile pc=0x0000000003d61090 method=com.android.dx.cf.code.Ropper.processBlock(Lcom/android/dx/cf/code/ByteBlock;Lcom/android/dx/cf/code/Frame;[I)V @ 711
Event: 14.182 Thread 0x000000001eab1000 Uncommon trap: reason=class_check action=maybe_recompile pc=0x0000000003d61090 method=com.android.dx.cf.code.Ropper.processBlock(Lcom/android/dx/cf/code/ByteBlock;Lcom/android/dx/cf/code/Frame;[I)V @ 711
Event: 14.265 Thread 0x000000001eab0800 Uncommon trap: reason=bimorphic action=maybe_recompile pc=0x0000000003e13584 method=com.android.dx.ssa.LiteralOpUpgrader.tryReplacingWithConstant(Lcom/android/dx/ssa/NormalSsaInsn;)Z @ 62
Event: 14.271 Thread 0x000000001eab0800 Uncommon trap: reason=bimorphic action=maybe_recompile pc=0x0000000003e13584 method=com.android.dx.ssa.LiteralOpUpgrader.tryReplacingWithConstant(Lcom/android/dx/ssa/NormalSsaInsn;)Z @ 62
Event: 14.407 Thread 0x000000001eab1000 Uncommon trap: reason=unstable_if action=reinterpret pc=0x0000000003d9704c method=com.android.dx.ssa.SsaMethod.makeExitBlock()V @ 103
Event: 14.407 Thread 0x000000001eab1000 Uncommon trap: reason=unstable_if action=reinterpret pc=0x00000000038dbe5c method=com.android.dx.ssa.SsaMethod.getExitBlock()Lcom/android/dx/ssa/SsaBasicBlock; @ 4
Event: 14.407 Thread 0x000000001eab1000 Uncommon trap: reason=unstable_if action=reinterpret pc=0x00000000037052fc method=com.android.dx.ssa.SsaMethod.getExitBlock()Lcom/android/dx/ssa/SsaBasicBlock; @ 4

Internal exceptions (9 events):
Event: 0.037 Thread 0x0000000001b60800 Exception <a 'java/lang/NoSuchMethodError': Method sun.misc.Unsafe.defineClass(Ljava/lang/String;[BII)Ljava/lang/Class; name or signature does not match> (0x000000076ab07c78) thrown at [C:\src\android\AOSP-openjdk\external\jetbrains\jdk\hotspot\src\share\vÌº&"£?
Event: 0.037 Thread 0x0000000001b60800 Exception <a 'java/lang/NoSuchMethodError': Method sun.misc.Unsafe.prefetchRead(Ljava/lang/Object;J)V name or signature does not match> (0x000000076ab07f60) thrown at [C:\src\android\AOSP-openjdk\external\jetbrains\jdk\hotspot\src\share\vm\prims\jni.cpp, lÞxÞãp÷?
Event: 1.465 Thread 0x000000001e436000 Implicit null exception at 0x000000000370b962 to 0x000000000370ba62
Event: 1.740 Thread 0x000000001e90d800 Implicit null exception at 0x00000000037c29ca to 0x00000000037c4021
Event: 2.246 Thread 0x000000001eab0800 Implicit null exception at 0x00000000038ba675 to 0x00000000038ba83d
Event: 2.628 Thread 0x000000001e90d800 Exception <a 'java/lang/ArrayIndexOutOfBoundsException': 18> (0x000000076bf74788) thrown at [C:\src\android\AOSP-openjdk\external\jetbrains\jdk\hotspot\src\share\vm\interpreter\interpreterRuntime.cpp, line 366]
Event: 2.630 Thread 0x000000001e90d800 Exception <a 'java/lang/ArrayIndexOutOfBoundsException': 145> (0x000000076bf76308) thrown at [C:\src\android\AOSP-openjdk\external\jetbrains\jdk\hotspot\src\share\vm\interpreter\interpreterRuntime.cpp, line 366]
Event: 2.631 Thread 0x000000001e90d800 Exception <a 'java/lang/ArrayIndexOutOfBoundsException'> (0x000000076bf775f0) thrown at [C:\src\android\AOSP-openjdk\external\jetbrains\jdk\hotspot\src\share\vm\runtime\sharedRuntime.cpp, line 605]
Event: 7.493 Thread 0x000000001eab1000 Implicit null exception at 0x0000000003cfeff8 to 0x0000000003d07e91

Events (10 events):
Event: 14.407 Thread 0x000000001eab1000 DEOPT UNPACKING pc=0x000000000344556a sp=0x000000001f31eac8 mode 2
Event: 14.407 Thread 0x000000001eab1000 Uncommon trap: trap_request=0xffffff65 fr.pc=0x00000000037052fc
Event: 14.407 Thread 0x000000001eab1000 DEOPT PACKING pc=0x00000000037052fc sp=0x000000001f31eb00
Event: 14.407 Thread 0x000000001eab1000 DEOPT UNPACKING pc=0x000000000344556a sp=0x000000001f31eab8 mode 2
Event: 14.443 Thread 0x000000001eab1000 DEOPT PACKING pc=0x00000000035cc1c8 sp=0x000000001f31eaa0
Event: 14.443 Thread 0x000000001eab1000 DEOPT UNPACKING pc=0x00000000034475bf sp=0x000000001f31e880 mode 0
Event: 14.455 Thread 0x000000001eab1000 DEOPT PACKING pc=0x00000000038e4c01 sp=0x000000001f31eb40
Event: 14.455 Thread 0x000000001eab1000 DEOPT UNPACKING pc=0x00000000034475bf sp=0x000000001f31e8d0 mode 0
Event: 14.469 Thread 0x000000001e436000 DEOPT PACKING pc=0x00000000038ec9e0 sp=0x000000001f01e990
Event: 14.469 Thread 0x000000001e436000 DEOPT UNPACKING pc=0x00000000034475bf sp=0x000000001f01e7c0 mode 0


Dynamic libraries:
0x00007ff71e720000 - 0x00007ff71e751000 	C:\Program Files\Android\Android Studio\jre\bin\java.exe
0x00007ffacaa50000 - 0x00007ffacac21000 	C:\WINDOWS\SYSTEM32\ntdll.dll
0x00007ffac7fe0000 - 0x00007ffac808c000 	C:\WINDOWS\System32\KERNEL32.DLL
0x00007ffac6f40000 - 0x00007ffac715d000 	C:\WINDOWS\System32\KERNELBASE.dll
0x00007ffaca6f0000 - 0x00007ffaca792000 	C:\WINDOWS\System32\ADVAPI32.dll
0x00007ffaca870000 - 0x00007ffaca90e000 	C:\WINDOWS\System32\msvcrt.dll
0x00007ffac97d0000 - 0x00007ffac9829000 	C:\WINDOWS\System32\sechost.dll
0x00007ffac96a0000 - 0x00007ffac97c1000 	C:\WINDOWS\System32\RPCRT4.dll
0x00007ffac99d0000 - 0x00007ffac9b35000 	C:\WINDOWS\System32\USER32.dll
0x00007ffac7310000 - 0x00007ffac732e000 	C:\WINDOWS\System32\win32u.dll
0x00007ffac9e40000 - 0x00007ffac9e74000 	C:\WINDOWS\System32\GDI32.dll
0x00007ffac7390000 - 0x00007ffac7512000 	C:\WINDOWS\System32\gdi32full.dll
0x00007ffabd490000 - 0x00007ffabd70a000 	C:\WINDOWS\WinSxS\amd64_microsoft.windows.common-controls_6595b64144ccf1df_6.0.14393.953_none_42151e83c686086b\COMCTL32.dll
0x00007ffac9ff0000 - 0x00007ffaca2b8000 	C:\WINDOWS\System32\combase.dll
0x00007ffac7210000 - 0x00007ffac7305000 	C:\WINDOWS\System32\ucrtbase.dll
0x00007ffac77e0000 - 0x00007ffac784a000 	C:\WINDOWS\System32\bcryptPrimitives.dll
0x00007ffaca7a0000 - 0x00007ffaca7ce000 	C:\WINDOWS\System32\IMM32.DLL
0x0000000069b50000 - 0x0000000069c22000 	C:\Program Files\Android\Android Studio\jre\jre\bin\msvcr100.dll
0x0000000068080000 - 0x00000000688bc000 	C:\Program Files\Android\Android Studio\jre\jre\bin\server\jvm.dll
0x00007ffac9900000 - 0x00007ffac9908000 	C:\WINDOWS\System32\PSAPI.DLL
0x00007ffac47f0000 - 0x00007ffac4813000 	C:\WINDOWS\SYSTEM32\WINMM.dll
0x00007ffabb390000 - 0x00007ffabb399000 	C:\WINDOWS\SYSTEM32\WSOCK32.dll
0x00007ffab88d0000 - 0x00007ffab88da000 	C:\WINDOWS\SYSTEM32\VERSION.dll
0x00007ffac9db0000 - 0x00007ffac9e1a000 	C:\WINDOWS\System32\WS2_32.dll
0x00007ffac47c0000 - 0x00007ffac47eb000 	C:\WINDOWS\SYSTEM32\WINMMBASE.dll
0x00007ffac7520000 - 0x00007ffac7562000 	C:\WINDOWS\System32\cfgmgr32.dll
0x00007ffabb290000 - 0x00007ffabb29f000 	C:\Program Files\Android\Android Studio\jre\jre\bin\verify.dll
0x00007ffaad5a0000 - 0x00007ffaad5c9000 	C:\Program Files\Android\Android Studio\jre\jre\bin\java.dll
0x00007ffabb270000 - 0x00007ffabb286000 	C:\Program Files\Android\Android Studio\jre\jre\bin\zip.dll
0x00007ffac8090000 - 0x00007ffac9598000 	C:\WINDOWS\System32\SHELL32.dll
0x00007ffac7850000 - 0x00007ffac7f2a000 	C:\WINDOWS\System32\windows.storage.dll
0x00007ffac6ec0000 - 0x00007ffac6f0c000 	C:\WINDOWS\System32\powrprof.dll
0x00007ffac98a0000 - 0x00007ffac98f2000 	C:\WINDOWS\System32\shlwapi.dll
0x00007ffac6eb0000 - 0x00007ffac6ebf000 	C:\WINDOWS\System32\kernel.appcore.dll
0x00007ffac7160000 - 0x00007ffac7209000 	C:\WINDOWS\System32\shcore.dll
0x00007ffac6f10000 - 0x00007ffac6f24000 	C:\WINDOWS\System32\profapi.dll

VM Arguments:
jvm_args: -Djava.awt.headless=true -Xmx4g -Dfile.encoding=windows-1251 -Duser.country=RU -Duser.language=ru -Duser.variant 
java_command: com.android.dx.command.Main --dex --num-threads=4 --multi-dex --main-dex-list C:\Users\User\Documents\GitHub\VKSearch\app\build\intermediates\multi-dex\debug\maindexlist.txt --output C:\Users\User\Documents\GitHub\VKSearch\app\build\intermediates\transforms\dex\debug\folders\1000\1f\main C:\Users\User\Documents\GitHub\VKSearch\app\build\intermediates\transforms\jarMerging\debug\jars\1\1f\combined.jar
java_class_path (initial): C:\Users\User\AppData\Local\Android\sdk\build-tools\25.0.2\lib\dx.jar
Launcher Type: SUN_STANDARD

Environment Variables:
PATH=C:\ProgramData\Oracle\Java\javapath;C:\Program Files\Broadcom\Broadcom 802.11 Network Adapter;C:\Program Files (x86)\NVIDIA Corporation\PhysX\Common;C:\Program Files (x86)\Intel\iCLS Client\;C:\Program Files\Intel\iCLS Client\;C:\Windows\system32;C:\Windows;C:\Windows\System32\Wbem;C:\Windows\System32\WindowsPowerShell\v1.0\;C:\Program Files\Intel\Intel(R) Management Engine Components\DAL;C:\Program Files\Intel\Intel(R) Management Engine Components\IPT;C:\Program Files (x86)\Intel\Intel(R) Management Engine Components\DAL;C:\Program Files (x86)\Intel\Intel(R) Management Engine Components\IPT;C:\Program Files\WIDCOMM\Bluetooth Software\;C:\Program Files\WIDCOMM\Bluetooth Software\syswow64;C:\Program Files\Acer\Remote Files\;C:\Program Files\OpenVPN\bin;C:\WINDOWS\system32;C:\WINDOWS;C:\WINDOWS\System32\Wbem;C:\WINDOWS\System32\WindowsPowerShell\v1.0\;C:\Users\User\AppData\Local\Microsoft\WindowsApps;
USERNAME=User
OS=Windows_NT
PROCESSOR_IDENTIFIER=Intel64 Family 6 Model 69 Stepping 1, GenuineIntel



---------------  S Y S T E M  ---------------

OS: Windows 10.0 , 64 bit Build 14393 (10.0.14393.1198)

CPU:total 4 (2 cores per cpu, 2 threads per core) family 6 model 69 stepping 1, cmov, cx8, fxsr, mmx, sse, sse2, sse3, ssse3, sse4.1, sse4.2, popcnt, avx, avx2, aes, clmul, erms, lzcnt, ht, tsc, tscinvbit, bmi1, bmi2

Memory: 4k page, physical 8310040k(479832k free), swap 12406040k(8416k free)

vm_info: OpenJDK 64-Bit Server VM (25.112-b06) for windows-amd64 JRE (1.8.0_112-release-b06), built on Dec  8 2016 00:54:26 by "builder" with MS VC++ 10.0 (VS2010)

time: Thu May 25 13:17:16 2017
elapsed time: 14 seconds (0d 0h 0m 14s)

