#
# There is insufficient memory for the Java Runtime Environment to continue.
# Native memory allocation (malloc) failed to allocate 1582256 bytes for Chunk::new
# Possible reasons:
#   The system is out of physical RAM or swap space
#   In 32 bit mode, the process size limit was hit
# Possible solutions:
#   Reduce memory load on the system
#   Increase physical memory or swap space
#   Check if swap backing store is full
#   Use 64 bit Java on a 64 bit OS
#   Decrease Java heap size (-Xmx/-Xms)
#   Decrease number of Java threads
#   Decrease Java thread stack sizes (-Xss)
#   Set larger code cache with -XX:ReservedCodeCacheSize=
# This output file may be truncated or incomplete.
#
#  Out of Memory Error (allocation.cpp:390), pid=8984, tid=0x0000000000004398
#
# JRE version: OpenJDK Runtime Environment (8.0_112-b06) (build 1.8.0_112-release-b06)
# Java VM: OpenJDK 64-Bit Server VM (25.112-b06 mixed mode windows-amd64 compressed oops)
# Failed to write core dump. Minidumps are not enabled by default on client versions of Windows
#

---------------  T H R E A D  ---------------

Current thread (0x000000001c1ae800):  JavaThread "C2 CompilerThread1" daemon [_thread_in_native, id=17304, stack(0x000000001d900000,0x000000001da00000)]

Stack: [0x000000001d900000,0x000000001da00000]
[error occurred during error reporting (printing stack bounds), id 0xc0000005]

Native frames: (J=compiled Java code, j=interpreted, Vv=VM code, C=native code)


Current CompileTask:
C2:  23110 2881       4       com.android.dx.dex.code.LocalList::make (102 bytes)


---------------  P R O C E S S  ---------------

Java Threads: ( => current thread )
  0x000000001de75000 JavaThread "pool-1-thread-1" [_thread_in_Java, id=12956, stack(0x0000000020da0000,0x0000000020ea0000)]
  0x000000001db28800 JavaThread "Service Thread" daemon [_thread_blocked, id=1888, stack(0x000000001df00000,0x000000001e000000)]
  0x000000001c1b8800 JavaThread "C1 CompilerThread2" daemon [_thread_in_vm, id=14224, stack(0x000000001da00000,0x000000001db00000)]
=>0x000000001c1ae800 JavaThread "C2 CompilerThread1" daemon [_thread_in_native, id=17304, stack(0x000000001d900000,0x000000001da00000)]
  0x000000001c1ab000 JavaThread "C2 CompilerThread0" daemon [_thread_in_native, id=15320, stack(0x000000001d800000,0x000000001d900000)]
  0x000000001c1a9000 JavaThread "Attach Listener" daemon [_thread_blocked, id=11804, stack(0x000000001d700000,0x000000001d800000)]
  0x000000001c1a8000 JavaThread "Signal Dispatcher" daemon [_thread_blocked, id=12800, stack(0x000000001d600000,0x000000001d700000)]
  0x000000000162c000 JavaThread "Finalizer" daemon [_thread_blocked, id=13856, stack(0x000000001d410000,0x000000001d510000)]
  0x0000000001620800 JavaThread "Reference Handler" daemon [_thread_blocked, id=11508, stack(0x000000001d310000,0x000000001d410000)]
  0x0000000001530800 JavaThread "main" [_thread_blocked, id=14468, stack(0x0000000001340000,0x0000000001440000)]

Other Threads:
  0x000000001c175000 VMThread [stack: 0x000000001d210000,0x000000001d310000] [id=11584]
  0x000000001c1ec000 WatcherThread [stack: 0x000000001e000000,0x000000001e100000] [id=11672]

VM state:not at safepoint (normal execution)

VM Mutex/Monitor currently owned by a thread: None

Heap:
 PSYoungGen      total 537600K, used 269328K [0x000000076ab00000, 0x0000000796a00000, 0x00000007c0000000)
  eden space 432128K, 46% used [0x000000076ab00000,0x0000000776e5db88,0x0000000785100000)
  from space 105472K, 65% used [0x0000000785100000,0x00000007894a66a0,0x000000078b800000)
  to   space 110592K, 0% used [0x000000078fe00000,0x000000078fe00000,0x0000000796a00000)
 ParOldGen       total 302080K, used 237403K [0x00000006c0000000, 0x00000006d2700000, 0x000000076ab00000)
  object space 302080K, 78% used [0x00000006c0000000,0x00000006ce7d6e38,0x00000006d2700000)
 Metaspace       used 6748K, capacity 7536K, committed 7808K, reserved 1056768K
  class space    used 603K, capacity 616K, committed 640K, reserved 1048576K

Card table byte_map: [0x0000000012400000,0x0000000012c10000] byte_map_base: 0x000000000ee00000

Marking Bits: (ParMarkBitMap*) 0x00000000688418f0
 Begin Bits: [0x0000000013010000, 0x0000000017010000)
 End Bits:   [0x0000000017010000, 0x000000001b010000)

Polling page: 0x0000000001310000

CodeCache: size=245760Kb used=10853Kb max_used=10853Kb free=234906Kb
 bounds [0x0000000003400000, 0x0000000003ee0000, 0x0000000012400000]
 total_blobs=2735 nmethods=2472 adapters=176
 compilation: enabled

Compilation events (10 events):
Event: 23.063 Thread 0x000000001c1b8800 2910       2       java.util.ComparableTimSort::minRunLength (43 bytes)
Event: 23.064 Thread 0x000000001c1b8800 nmethod 2910 0x0000000003a9ad10 code [0x0000000003a9ae60, 0x0000000003a9aff0]
Event: 23.064 Thread 0x000000001c1b8800 2911       2       java.util.ComparableTimSort::mergeForceCollapse (50 bytes)
Event: 23.064 Thread 0x000000001c1b8800 nmethod 2911 0x0000000003a9a810 code [0x0000000003a9a980, 0x0000000003a9abc8]
Event: 23.073 Thread 0x000000001c1b8800 2912 %     3       com.android.dx.dex.code.HighRegisterPrefix::codeSize @ 17 (45 bytes)
Event: 23.073 Thread 0x000000001c1b8800 nmethod 2912% 0x0000000003a956d0 code [0x0000000003a95860, 0x0000000003a95e38]
Event: 23.073 Thread 0x000000001c1b8800 2913       3       com.android.dx.dex.code.HighRegisterPrefix::codeSize (45 bytes)
Event: 23.074 Thread 0x000000001c1b8800 nmethod 2913 0x0000000003a94d90 code [0x0000000003a94f20, 0x0000000003a95478]
Event: 23.083 Thread 0x000000001c1b8800 2914       2       com.android.dx.rop.cst.CstLiteral64::getLongBits (5 bytes)
Event: 23.083 Thread 0x000000001c1b8800 nmethod 2914 0x0000000003a9a4d0 code [0x0000000003a9a620, 0x0000000003a9a770]

GC Heap History (10 events):
Event: 7.464 GC heap before
{Heap before GC invocations=11 (full 1):
 PSYoungGen      total 440320K, used 55799K [0x000000076ab00000, 0x000000078bf80000, 0x00000007c0000000)
  eden space 384512K, 0% used [0x000000076ab00000,0x000000076ab00000,0x0000000782280000)
  from space 55808K, 99% used [0x0000000786900000,0x0000000789f7dfe0,0x0000000789f80000)
  to   space 72192K, 0% used [0x0000000782280000,0x0000000782280000,0x0000000786900000)
 ParOldGen       total 87552K, used 78356K [0x00000006c0000000, 0x00000006c5580000, 0x000000076ab00000)
  object space 87552K, 89% used [0x00000006c0000000,0x00000006c4c853f0,0x00000006c5580000)
 Metaspace       used 6372K, capacity 7280K, committed 7552K, reserved 1056768K
  class space    used 585K, capacity 616K, committed 640K, reserved 1048576K
Event: 9.169 GC heap after
Heap after GC invocations=11 (full 1):
 PSYoungGen      total 440320K, used 41282K [0x000000076ab00000, 0x000000078bf80000, 0x00000007c0000000)
  eden space 384512K, 0% used [0x000000076ab00000,0x000000076ab00000,0x0000000782280000)
  from space 55808K, 73% used [0x0000000786900000,0x0000000789150a80,0x0000000789f80000)
  to   space 72192K, 0% used [0x0000000782280000,0x0000000782280000,0x0000000786900000)
 ParOldGen       total 165888K, used 87334K [0x00000006c0000000, 0x00000006ca200000, 0x000000076ab00000)
  object space 165888K, 52% used [0x00000006c0000000,0x00000006c5549940,0x00000006ca200000)
 Metaspace       used 6372K, capacity 7280K, committed 7552K, reserved 1056768K
  class space    used 585K, capacity 616K, committed 640K, reserved 1048576K
}
Event: 11.201 GC heap before
{Heap before GC invocations=12 (full 1):
 PSYoungGen      total 440320K, used 425794K [0x000000076ab00000, 0x000000078bf80000, 0x00000007c0000000)
  eden space 384512K, 100% used [0x000000076ab00000,0x0000000782280000,0x0000000782280000)
  from space 55808K, 73% used [0x0000000786900000,0x0000000789150a80,0x0000000789f80000)
  to   space 72192K, 0% used [0x0000000782280000,0x0000000782280000,0x0000000786900000)
 ParOldGen       total 165888K, used 87334K [0x00000006c0000000, 0x00000006ca200000, 0x000000076ab00000)
  object space 165888K, 52% used [0x00000006c0000000,0x00000006c5549940,0x00000006ca200000)
 Metaspace       used 6385K, capacity 7280K, committed 7552K, reserved 1056768K
  class space    used 585K, capacity 616K, committed 640K, reserved 1048576K
Event: 11.497 GC heap after
Heap after GC invocations=12 (full 1):
 PSYoungGen      total 456704K, used 59076K [0x000000076ab00000, 0x0000000790600000, 0x00000007c0000000)
  eden space 384512K, 0% used [0x000000076ab00000,0x000000076ab00000,0x0000000782280000)
  from space 72192K, 81% used [0x0000000782280000,0x0000000785c311a8,0x0000000786900000)
  to   space 79872K, 0% used [0x000000078b800000,0x000000078b800000,0x0000000790600000)
 ParOldGen       total 165888K, used 127895K [0x00000006c0000000, 0x00000006ca200000, 0x000000076ab00000)
  object space 165888K, 77% used [0x00000006c0000000,0x00000006c7ce5de8,0x00000006ca200000)
 Metaspace       used 6385K, capacity 7280K, committed 7552K, reserved 1056768K
  class space    used 585K, capacity 616K, committed 640K, reserved 1048576K
}
Event: 13.499 GC heap before
{Heap before GC invocations=13 (full 1):
 PSYoungGen      total 456704K, used 443588K [0x000000076ab00000, 0x0000000790600000, 0x00000007c0000000)
  eden space 384512K, 100% used [0x000000076ab00000,0x0000000782280000,0x0000000782280000)
  from space 72192K, 81% used [0x0000000782280000,0x0000000785c311a8,0x0000000786900000)
  to   space 79872K, 0% used [0x000000078b800000,0x000000078b800000,0x0000000790600000)
 ParOldGen       total 165888K, used 127895K [0x00000006c0000000, 0x00000006ca200000, 0x000000076ab00000)
  object space 165888K, 77% used [0x00000006c0000000,0x00000006c7ce5de8,0x00000006ca200000)
 Metaspace       used 6394K, capacity 7280K, committed 7552K, reserved 1056768K
  class space    used 585K, capacity 616K, committed 640K, reserved 1048576K
Event: 13.736 GC heap after
Heap after GC invocations=13 (full 1):
 PSYoungGen      total 512000K, used 79843K [0x000000076ab00000, 0x0000000793a80000, 0x00000007c0000000)
  eden space 432128K, 0% used [0x000000076ab00000,0x000000076ab00000,0x0000000785100000)
  from space 79872K, 99% used [0x000000078b800000,0x00000007905f8d48,0x0000000790600000)
  to   space 105472K, 0% used [0x0000000785100000,0x0000000785100000,0x000000078b800000)
 ParOldGen       total 165888K, used 160811K [0x00000006c0000000, 0x00000006ca200000, 0x000000076ab00000)
  object space 165888K, 96% used [0x00000006c0000000,0x00000006c9d0afc0,0x00000006ca200000)
 Metaspace       used 6394K, capacity 7280K, committed 7552K, reserved 1056768K
  class space    used 585K, capacity 616K, committed 640K, reserved 1048576K
}
Event: 13.736 GC heap before
{Heap before GC invocations=14 (full 2):
 PSYoungGen      total 512000K, used 79843K [0x000000076ab00000, 0x0000000793a80000, 0x00000007c0000000)
  eden space 432128K, 0% used [0x000000076ab00000,0x000000076ab00000,0x0000000785100000)
  from space 79872K, 99% used [0x000000078b800000,0x00000007905f8d48,0x0000000790600000)
  to   space 105472K, 0% used [0x0000000785100000,0x0000000785100000,0x000000078b800000)
 ParOldGen       total 165888K, used 160811K [0x00000006c0000000, 0x00000006ca200000, 0x000000076ab00000)
  object space 165888K, 96% used [0x00000006c0000000,0x00000006c9d0afc0,0x00000006ca200000)
 Metaspace       used 6394K, capacity 7280K, committed 7552K, reserved 1056768K
  class space    used 585K, capacity 616K, committed 640K, reserved 1048576K
Event: 15.797 GC heap after
Heap after GC invocations=14 (full 2):
 PSYoungGen      total 512000K, used 71865K [0x000000076ab00000, 0x0000000793a80000, 0x00000007c0000000)
  eden space 432128K, 0% used [0x000000076ab00000,0x000000076ab00000,0x0000000785100000)
  from space 79872K, 89% used [0x000000078b800000,0x000000078fe2e530,0x0000000790600000)
  to   space 105472K, 0% used [0x0000000785100000,0x0000000785100000,0x000000078b800000)
 ParOldGen       total 302080K, used 165881K [0x00000006c0000000, 0x00000006d2700000, 0x000000076ab00000)
  object space 302080K, 54% used [0x00000006c0000000,0x00000006ca1fe710,0x00000006d2700000)
 Metaspace       used 6394K, capacity 7280K, committed 7552K, reserved 1056768K
  class space    used 585K, capacity 616K, committed 640K, reserved 1048576K
}
Event: 18.251 GC heap before
{Heap before GC invocations=15 (full 2):
 PSYoungGen      total 512000K, used 503993K [0x000000076ab00000, 0x0000000793a80000, 0x00000007c0000000)
  eden space 432128K, 100% used [0x000000076ab00000,0x0000000785100000,0x0000000785100000)
  from space 79872K, 89% used [0x000000078b800000,0x000000078fe2e530,0x0000000790600000)
  to   space 105472K, 0% used [0x0000000785100000,0x0000000785100000,0x000000078b800000)
 ParOldGen       total 302080K, used 165881K [0x00000006c0000000, 0x00000006d2700000, 0x000000076ab00000)
  object space 302080K, 54% used [0x00000006c0000000,0x00000006ca1fe710,0x00000006d2700000)
 Metaspace       used 6401K, capacity 7280K, committed 7552K, reserved 1056768K
  class space    used 585K, capacity 616K, committed 640K, reserved 1048576K
Event: 18.577 GC heap after
Heap after GC invocations=15 (full 2):
 PSYoungGen      total 537600K, used 69273K [0x000000076ab00000, 0x0000000796a00000, 0x00000007c0000000)
  eden space 432128K, 0% used [0x000000076ab00000,0x000000076ab00000,0x0000000785100000)
  from space 105472K, 65% used [0x0000000785100000,0x00000007894a66a0,0x000000078b800000)
  to   space 110592K, 0% used [0x000000078fe00000,0x000000078fe00000,0x0000000796a00000)
 ParOldGen       total 302080K, used 237403K [0x00000006c0000000, 0x00000006d2700000, 0x000000076ab00000)
  object space 302080K, 78% used [0x00000006c0000000,0x00000006ce7d6e38,0x00000006d2700000)
 Metaspace       used 6401K, capacity 7280K, committed 7552K, reserved 1056768K
  class space    used 585K, capacity 616K, committed 640K, reserved 1048576K
}

Deoptimization events (10 events):
Event: 21.467 Thread 0x000000001de75000 Uncommon trap: reason=speculate_class_check action=maybe_recompile pc=0x0000000003898f28 method=com.android.dx.util.FixedSizeList.equals(Ljava/lang/Object;)Z @ 25
Event: 21.467 Thread 0x000000001de75000 Uncommon trap: reason=class_check action=maybe_recompile pc=0x000000000386c990 method=java.util.Arrays.equals([Ljava/lang/Object;[Ljava/lang/Object;)Z @ 62
Event: 21.467 Thread 0x000000001de75000 Uncommon trap: reason=speculate_class_check action=maybe_recompile pc=0x0000000003898f28 method=com.android.dx.util.FixedSizeList.equals(Ljava/lang/Object;)Z @ 25
Event: 21.467 Thread 0x000000001de75000 Uncommon trap: reason=class_check action=maybe_recompile pc=0x000000000386c990 method=java.util.Arrays.equals([Ljava/lang/Object;[Ljava/lang/Object;)Z @ 62
Event: 21.468 Thread 0x000000001de75000 Uncommon trap: reason=speculate_class_check action=maybe_recompile pc=0x0000000003898f28 method=com.android.dx.util.FixedSizeList.equals(Ljava/lang/Object;)Z @ 25
Event: 21.468 Thread 0x000000001de75000 Uncommon trap: reason=class_check action=maybe_recompile pc=0x000000000386c990 method=java.util.Arrays.equals([Ljava/lang/Object;[Ljava/lang/Object;)Z @ 62
Event: 21.468 Thread 0x000000001de75000 Uncommon trap: reason=unstable_if action=reinterpret pc=0x00000000036bfd8c method=java.util.TreeMap.put(Ljava/lang/Object;Ljava/lang/Object;)Ljava/lang/Object; @ 163
Event: 21.889 Thread 0x000000001de75000 Uncommon trap: reason=unstable_if action=reinterpret pc=0x0000000003b3f218 method=com.android.dx.rop.code.RegisterSpec.equalsUsingSimpleType(Lcom/android/dx/rop/code/RegisterSpec;)Z @ 5
Event: 22.299 Thread 0x000000001de75000 Uncommon trap: reason=unstable_if action=reinterpret pc=0x0000000003bd0e2c method=com.android.dx.dex.code.LocalList$MakeState.filterSpec(Lcom/android/dx/rop/code/RegisterSpec;)Lcom/android/dx/rop/code/RegisterSpec; @ 11
Event: 23.003 Thread 0x000000001de75000 Uncommon trap: reason=unstable_if action=reinterpret pc=0x0000000003d28cd4 method=com.android.dx.dex.code.OutputFinisher.align64bits([Lcom/android/dx/dex/code/Dop;)V @ 237

Internal exceptions (9 events):
Event: 0.097 Thread 0x0000000001530800 Exception <a 'java/lang/NoSuchMethodError': Method sun.misc.Unsafe.defineClass(Ljava/lang/String;[BII)Ljava/lang/Class; name or signature does not match> (0x000000076ab07c78) thrown at [C:\src\android\AOSP-openjdk\external\jetbrains\jdk\hotspot\src\share\vÿ?æAÉÌ¸?
Event: 0.097 Thread 0x0000000001530800 Exception <a 'java/lang/NoSuchMethodError': Method sun.misc.Unsafe.prefetchRead(Ljava/lang/Object;J)V name or signature does not match> (0x000000076ab07f60) thrown at [C:\src\android\AOSP-openjdk\external\jetbrains\jdk\hotspot\src\share\vm\prims\jni.cpp, l2JoTÝ4ô?
Event: 1.263 Thread 0x000000001de78000 Implicit null exception at 0x00000000037f4b62 to 0x00000000037f4c62
Event: 1.402 Thread 0x000000001de78800 Implicit null exception at 0x00000000037be621 to 0x00000000037c0e9d
Event: 1.773 Thread 0x000000001de78000 Implicit null exception at 0x00000000037cce5c to 0x00000000037cf9e5
Event: 1.885 Thread 0x0000000001530800 Implicit null exception at 0x000000000391236d to 0x0000000003912539
Event: 2.133 Thread 0x000000001de1d000 Exception <a 'java/lang/ArrayIndexOutOfBoundsException': 18> (0x000000076c1e3b28) thrown at [C:\src\android\AOSP-openjdk\external\jetbrains\jdk\hotspot\src\share\vm\interpreter\interpreterRuntime.cpp, line 366]
Event: 2.134 Thread 0x000000001de1d000 Exception <a 'java/lang/ArrayIndexOutOfBoundsException': 145> (0x000000076c1e56a8) thrown at [C:\src\android\AOSP-openjdk\external\jetbrains\jdk\hotspot\src\share\vm\interpreter\interpreterRuntime.cpp, line 366]
Event: 2.135 Thread 0x000000001de1d000 Exception <a 'java/lang/ArrayIndexOutOfBoundsException'> (0x000000076c1e6990) thrown at [C:\src\android\AOSP-openjdk\external\jetbrains\jdk\hotspot\src\share\vm\runtime\sharedRuntime.cpp, line 605]

Events (10 events):
Event: 23.074 Thread 0x000000001de75000 DEOPT PACKING pc=0x000000000358f7d9 sp=0x0000000020e9ea70
Event: 23.074 Thread 0x000000001de75000 DEOPT UNPACKING pc=0x00000000034475bf sp=0x0000000020e9e7a0 mode 0
Event: 23.078 Thread 0x000000001de75000 DEOPT PACKING pc=0x0000000003a9e97b sp=0x0000000020e9ea60
Event: 23.078 Thread 0x000000001de75000 DEOPT UNPACKING pc=0x00000000034475bf sp=0x0000000020e9e7b0 mode 0
Event: 23.087 Thread 0x000000001de75000 DEOPT PACKING pc=0x0000000003a9e97b sp=0x0000000020e9ea60
Event: 23.087 Thread 0x000000001de75000 DEOPT UNPACKING pc=0x00000000034475bf sp=0x0000000020e9e7b0 mode 0
Event: 23.091 Thread 0x000000001de75000 DEOPT PACKING pc=0x0000000003a9e97b sp=0x0000000020e9ea60
Event: 23.091 Thread 0x000000001de75000 DEOPT UNPACKING pc=0x00000000034475bf sp=0x0000000020e9e7b0 mode 0
Event: 23.102 Thread 0x000000001de75000 DEOPT PACKING pc=0x0000000003a9e97b sp=0x0000000020e9ea60
Event: 23.102 Thread 0x000000001de75000 DEOPT UNPACKING pc=0x00000000034475bf sp=0x0000000020e9e7b0 mode 0


Dynamic libraries:
0x00007ff71e720000 - 0x00007ff71e751000 	C:\Program Files\Android\Android Studio\jre\bin\java.exe
0x00007ffacaa50000 - 0x00007ffacac21000 	C:\WINDOWS\SYSTEM32\ntdll.dll
0x00007ffac7fe0000 - 0x00007ffac808c000 	C:\WINDOWS\System32\KERNEL32.DLL
0x00007ffac6f40000 - 0x00007ffac715d000 	C:\WINDOWS\System32\KERNELBASE.dll
0x00007ffaca6f0000 - 0x00007ffaca792000 	C:\WINDOWS\System32\ADVAPI32.dll
0x00007ffaca870000 - 0x00007ffaca90e000 	C:\WINDOWS\System32\msvcrt.dll
0x00007ffac97d0000 - 0x00007ffac9829000 	C:\WINDOWS\System32\sechost.dll
0x00007ffac96a0000 - 0x00007ffac97c1000 	C:\WINDOWS\System32\RPCRT4.dll
0x00007ffac99d0000 - 0x00007ffac9b35000 	C:\WINDOWS\System32\USER32.dll
0x00007ffac7310000 - 0x00007ffac732e000 	C:\WINDOWS\System32\win32u.dll
0x00007ffac9e40000 - 0x00007ffac9e74000 	C:\WINDOWS\System32\GDI32.dll
0x00007ffac7390000 - 0x00007ffac7512000 	C:\WINDOWS\System32\gdi32full.dll
0x00007ffabd490000 - 0x00007ffabd70a000 	C:\WINDOWS\WinSxS\amd64_microsoft.windows.common-controls_6595b64144ccf1df_6.0.14393.953_none_42151e83c686086b\COMCTL32.dll
0x00007ffac9ff0000 - 0x00007ffaca2b8000 	C:\WINDOWS\System32\combase.dll
0x00007ffac7210000 - 0x00007ffac7305000 	C:\WINDOWS\System32\ucrtbase.dll
0x00007ffac77e0000 - 0x00007ffac784a000 	C:\WINDOWS\System32\bcryptPrimitives.dll
0x00007ffaca7a0000 - 0x00007ffaca7ce000 	C:\WINDOWS\System32\IMM32.DLL
0x0000000069b50000 - 0x0000000069c22000 	C:\Program Files\Android\Android Studio\jre\jre\bin\msvcr100.dll
0x0000000068080000 - 0x00000000688bc000 	C:\Program Files\Android\Android Studio\jre\jre\bin\server\jvm.dll
0x00007ffac9900000 - 0x00007ffac9908000 	C:\WINDOWS\System32\PSAPI.DLL
0x00007ffac47f0000 - 0x00007ffac4813000 	C:\WINDOWS\SYSTEM32\WINMM.dll
0x00007ffab88d0000 - 0x00007ffab88da000 	C:\WINDOWS\SYSTEM32\VERSION.dll
0x00007ffabb390000 - 0x00007ffabb399000 	C:\WINDOWS\SYSTEM32\WSOCK32.dll
0x00000000012e0000 - 0x000000000130b000 	C:\WINDOWS\SYSTEM32\WINMMBASE.dll
0x00007ffac7520000 - 0x00007ffac7562000 	C:\WINDOWS\System32\cfgmgr32.dll
0x00007ffac9db0000 - 0x00007ffac9e1a000 	C:\WINDOWS\System32\WS2_32.dll
0x00007ffabb290000 - 0x00007ffabb29f000 	C:\Program Files\Android\Android Studio\jre\jre\bin\verify.dll
0x00007ffaad5a0000 - 0x00007ffaad5c9000 	C:\Program Files\Android\Android Studio\jre\jre\bin\java.dll
0x00007ffabb270000 - 0x00007ffabb286000 	C:\Program Files\Android\Android Studio\jre\jre\bin\zip.dll
0x00007ffac8090000 - 0x00007ffac9598000 	C:\WINDOWS\System32\SHELL32.dll
0x00007ffac7850000 - 0x00007ffac7f2a000 	C:\WINDOWS\System32\windows.storage.dll
0x00007ffac6ec0000 - 0x00007ffac6f0c000 	C:\WINDOWS\System32\powrprof.dll
0x00007ffac98a0000 - 0x00007ffac98f2000 	C:\WINDOWS\System32\shlwapi.dll
0x00007ffac6eb0000 - 0x00007ffac6ebf000 	C:\WINDOWS\System32\kernel.appcore.dll
0x00007ffac7160000 - 0x00007ffac7209000 	C:\WINDOWS\System32\shcore.dll
0x00007ffac6f10000 - 0x00007ffac6f24000 	C:\WINDOWS\System32\profapi.dll

VM Arguments:
jvm_args: -Djava.awt.headless=true -Xmx4g -Dfile.encoding=windows-1251 -Duser.country=RU -Duser.language=ru -Duser.variant 
java_command: com.android.dx.command.Main --dex --num-threads=4 --multi-dex --main-dex-list C:\Users\User\Documents\GitHub\VKSearch\app\build\intermediates\multi-dex\debug\maindexlist.txt --output C:\Users\User\Documents\GitHub\VKSearch\app\build\intermediates\transforms\dex\debug\folders\1000\1f\main C:\Users\User\Documents\GitHub\VKSearch\app\build\intermediates\transforms\jarMerging\debug\jars\1\1f\combined.jar
java_class_path (initial): C:\Users\User\AppData\Local\Android\sdk\build-tools\25.0.2\lib\dx.jar
Launcher Type: SUN_STANDARD

Environment Variables:
PATH=C:\ProgramData\Oracle\Java\javapath;C:\Program Files\Broadcom\Broadcom 802.11 Network Adapter;C:\Program Files (x86)\NVIDIA Corporation\PhysX\Common;C:\Program Files (x86)\Intel\iCLS Client\;C:\Program Files\Intel\iCLS Client\;C:\Windows\system32;C:\Windows;C:\Windows\System32\Wbem;C:\Windows\System32\WindowsPowerShell\v1.0\;C:\Program Files\Intel\Intel(R) Management Engine Components\DAL;C:\Program Files\Intel\Intel(R) Management Engine Components\IPT;C:\Program Files (x86)\Intel\Intel(R) Management Engine Components\DAL;C:\Program Files (x86)\Intel\Intel(R) Management Engine Components\IPT;C:\Program Files\WIDCOMM\Bluetooth Software\;C:\Program Files\WIDCOMM\Bluetooth Software\syswow64;C:\Program Files\Acer\Remote Files\;C:\Program Files\OpenVPN\bin;C:\WINDOWS\system32;C:\WINDOWS;C:\WINDOWS\System32\Wbem;C:\WINDOWS\System32\WindowsPowerShell\v1.0\;C:\Users\User\AppData\Local\Microsoft\WindowsApps;
USERNAME=User
OS=Windows_NT
PROCESSOR_IDENTIFIER=Intel64 Family 6 Model 69 Stepping 1, GenuineIntel



---------------  S Y S T E M  ---------------

OS: Windows 10.0 , 64 bit Build 14393 (10.0.14393.1198)

CPU:total 4 (2 cores per cpu, 2 threads per core) family 6 model 69 stepping 1, cmov, cx8, fxsr, mmx, sse, sse2, sse3, ssse3, sse4.1, sse4.2, popcnt, avx, avx2, aes, clmul, erms, lzcnt, ht, tsc, tscinvbit, bmi1, bmi2

Memory: 4k page, physical 8310040k(571020k free), swap 12406040k(5440k free)

vm_info: OpenJDK 64-Bit Server VM (25.112-b06) for windows-amd64 JRE (1.8.0_112-release-b06), built on Dec  8 2016 00:54:26 by "builder" with MS VC++ 10.0 (VS2010)

time: Thu May 25 14:08:44 2017
elapsed time: 23 seconds (0d 0h 0m 23s)

