#
# There is insufficient memory for the Java Runtime Environment to continue.
# Native memory allocation (malloc) failed to allocate 510736 bytes for Chunk::new
# Possible reasons:
#   The system is out of physical RAM or swap space
#   In 32 bit mode, the process size limit was hit
# Possible solutions:
#   Reduce memory load on the system
#   Increase physical memory or swap space
#   Check if swap backing store is full
#   Use 64 bit Java on a 64 bit OS
#   Decrease Java heap size (-Xmx/-Xms)
#   Decrease number of Java threads
#   Decrease Java thread stack sizes (-Xss)
#   Set larger code cache with -XX:ReservedCodeCacheSize=
# This output file may be truncated or incomplete.
#
#  Out of Memory Error (allocation.cpp:390), pid=1412, tid=0x0000000000002cb4
#
# JRE version: OpenJDK Runtime Environment (8.0_112-b06) (build 1.8.0_112-release-b06)
# Java VM: OpenJDK 64-Bit Server VM (25.112-b06 mixed mode windows-amd64 compressed oops)
# Failed to write core dump. Minidumps are not enabled by default on client versions of Windows
#

---------------  T H R E A D  ---------------

Current thread (0x000000001bfae000):  JavaThread "C2 CompilerThread0" daemon [_thread_in_native, id=11444, stack(0x000000001d600000,0x000000001d700000)]

Stack: [0x000000001d600000,0x000000001d700000]
[error occurred during error reporting (printing stack bounds), id 0xc0000005]

Native frames: (J=compiled Java code, j=interpreted, Vv=VM code, C=native code)


Current CompileTask:
C2:  12921 2324       4       com.android.dx.ssa.back.IdenticalBlockCombiner::process (323 bytes)


---------------  P R O C E S S  ---------------

Java Threads: ( => current thread )
  0x000000001e0b1800 JavaThread "pool-2-thread-4" [_thread_in_Java, id=1716, stack(0x000000001eb00000,0x000000001ec00000)]
  0x000000001e0b0800 JavaThread "pool-2-thread-3" [_thread_in_Java, id=14956, stack(0x000000001ea00000,0x000000001eb00000)]
  0x000000001e0b0000 JavaThread "pool-2-thread-2" [_thread_in_Java, id=15092, stack(0x000000001e900000,0x000000001ea00000)]
  0x000000001dfdc800 JavaThread "pool-3-thread-1" [_thread_blocked, id=7248, stack(0x000000001e800000,0x000000001e900000)]
  0x000000001dfdb800 JavaThread "pool-2-thread-1" [_thread_in_Java, id=16756, stack(0x000000001e700000,0x000000001e800000)]
  0x000000001d921000 JavaThread "Service Thread" daemon [_thread_blocked, id=9388, stack(0x000000001dd00000,0x000000001de00000)]
  0x000000001bfb8000 JavaThread "C1 CompilerThread2" daemon [_thread_blocked, id=8780, stack(0x000000001d800000,0x000000001d900000)]
  0x000000001bfb1800 JavaThread "C2 CompilerThread1" daemon [_thread_in_native, id=14380, stack(0x000000001d700000,0x000000001d800000)]
=>0x000000001bfae000 JavaThread "C2 CompilerThread0" daemon [_thread_in_native, id=11444, stack(0x000000001d600000,0x000000001d700000)]
  0x000000001bfac800 JavaThread "Attach Listener" daemon [_thread_blocked, id=11488, stack(0x000000001d500000,0x000000001d600000)]
  0x000000001bfab000 JavaThread "Signal Dispatcher" daemon [_thread_blocked, id=10012, stack(0x000000001d400000,0x000000001d500000)]
  0x000000000140b800 JavaThread "Finalizer" daemon [_thread_blocked, id=12760, stack(0x000000001d210000,0x000000001d310000)]
  0x0000000001400800 JavaThread "Reference Handler" daemon [_thread_blocked, id=6044, stack(0x000000001d110000,0x000000001d210000)]
  0x0000000001310800 JavaThread "main" [_thread_in_vm, id=10420, stack(0x0000000001210000,0x0000000001310000)]

Other Threads:
  0x000000001bf75000 VMThread [stack: 0x000000001d010000,0x000000001d110000] [id=8864]
  0x000000001d92b800 WatcherThread [stack: 0x000000001de00000,0x000000001df00000] [id=9372]

VM state:not at safepoint (normal execution)

VM Mutex/Monitor currently owned by a thread: None

Heap:
 PSYoungGen      total 462336K, used 49099K [0x000000076ab00000, 0x0000000792780000, 0x00000007c0000000)
  eden space 444928K, 8% used [0x000000076ab00000,0x000000076d00d338,0x0000000785d80000)
  from space 17408K, 64% used [0x000000078cd00000,0x000000078d7e5958,0x000000078de00000)
  to   space 103424K, 0% used [0x0000000785d80000,0x0000000785d80000,0x000000078c280000)
 ParOldGen       total 379392K, used 214033K [0x00000006c0000000, 0x00000006d7280000, 0x000000076ab00000)
  object space 379392K, 56% used [0x00000006c0000000,0x00000006cd104518,0x00000006d7280000)
 Metaspace       used 6402K, capacity 7280K, committed 7552K, reserved 1056768K
  class space    used 586K, capacity 616K, committed 640K, reserved 1048576K

Card table byte_map: [0x0000000012400000,0x0000000012c10000] byte_map_base: 0x000000000ee00000

Marking Bits: (ParMarkBitMap*) 0x00000000688418f0
 Begin Bits: [0x0000000012e10000, 0x0000000016e10000)
 End Bits:   [0x0000000016e10000, 0x000000001ae10000)

Polling page: 0x00000000010e0000

CodeCache: size=245760Kb used=10238Kb max_used=10257Kb free=235521Kb
 bounds [0x0000000003400000, 0x0000000003e10000, 0x0000000012400000]
 total_blobs=2510 nmethods=2247 adapters=176
 compilation: enabled

Compilation events (10 events):
Event: 10.047 Thread 0x000000001bfb8000 2384       2       com.android.dx.dex.code.SwitchData::shouldPack (50 bytes)
Event: 10.047 Thread 0x000000001bfb8000 nmethod 2384 0x0000000003dd4410 code [0x0000000003dd4580, 0x0000000003dd47a8]
Event: 12.677 Thread 0x000000001bfb8000 2386       3       com.android.dx.util.Hex::u2 (44 bytes)
Event: 12.678 Thread 0x000000001bfb8000 nmethod 2386 0x0000000003dfb310 code [0x0000000003dfb4c0, 0x0000000003dfbb38]
Event: 12.680 Thread 0x000000001bfae000 nmethod 2373 0x0000000003dfbe10 code [0x0000000003dfc520, 0x0000000003e02750]
Event: 12.681 Thread 0x000000001bfae000 2379       4       com.android.dx.ssa.SsaMethod::makeExitBlock (134 bytes)
Event: 12.768 Thread 0x000000001bfae000 nmethod 2379 0x0000000003df3d10 code [0x0000000003df3f40, 0x0000000003df5728]
Event: 12.768 Thread 0x000000001bfae000 2385       4       com.android.dx.ssa.back.InterferenceGraph::<init> (42 bytes)
Event: 12.796 Thread 0x000000001bfae000 nmethod 2385 0x0000000003df7b50 code [0x0000000003df7ce0, 0x0000000003df8938]
Event: 12.796 Thread 0x000000001bfae000 2324       4       com.android.dx.ssa.back.IdenticalBlockCombiner::process (323 bytes)

GC Heap History (10 events):
Event: 4.451 GC heap before
{Heap before GC invocations=8 (full 1):
 PSYoungGen      total 295936K, used 33254K [0x000000076ab00000, 0x0000000790f00000, 0x00000007c0000000)
  eden space 262656K, 0% used [0x000000076ab00000,0x000000076ab00000,0x000000077ab80000)
  from space 33280K, 99% used [0x000000077ab80000,0x000000077cbf9918,0x000000077cc00000)
  to   space 50688K, 0% used [0x000000078dd80000,0x000000078dd80000,0x0000000790f00000)
 ParOldGen       total 87552K, used 61651K [0x00000006c0000000, 0x00000006c5580000, 0x000000076ab00000)
  object space 87552K, 70% used [0x00000006c0000000,0x00000006c3c34f20,0x00000006c5580000)
 Metaspace       used 6364K, capacity 7280K, committed 7552K, reserved 1056768K
  class space    used 586K, capacity 616K, committed 640K, reserved 1048576K
Event: 5.636 GC heap after
Heap after GC invocations=8 (full 1):
 PSYoungGen      total 295936K, used 3037K [0x000000076ab00000, 0x0000000790f00000, 0x00000007c0000000)
  eden space 262656K, 0% used [0x000000076ab00000,0x000000076ab00000,0x000000077ab80000)
  from space 33280K, 9% used [0x000000077ab80000,0x000000077ae77588,0x000000077cc00000)
  to   space 50688K, 0% used [0x000000078dd80000,0x000000078dd80000,0x0000000790f00000)
 ParOldGen       total 173056K, used 87549K [0x00000006c0000000, 0x00000006ca900000, 0x000000076ab00000)
  object space 173056K, 50% used [0x00000006c0000000,0x00000006c557f530,0x00000006ca900000)
 Metaspace       used 6364K, capacity 7280K, committed 7552K, reserved 1056768K
  class space    used 586K, capacity 616K, committed 640K, reserved 1048576K
}
Event: 6.693 GC heap before
{Heap before GC invocations=9 (full 1):
 PSYoungGen      total 295936K, used 265693K [0x000000076ab00000, 0x0000000790f00000, 0x00000007c0000000)
  eden space 262656K, 100% used [0x000000076ab00000,0x000000077ab80000,0x000000077ab80000)
  from space 33280K, 9% used [0x000000077ab80000,0x000000077ae77588,0x000000077cc00000)
  to   space 50688K, 0% used [0x000000078dd80000,0x000000078dd80000,0x0000000790f00000)
 ParOldGen       total 173056K, used 87549K [0x00000006c0000000, 0x00000006ca900000, 0x000000076ab00000)
  object space 173056K, 50% used [0x00000006c0000000,0x00000006c557f530,0x00000006ca900000)
 Metaspace       used 6371K, capacity 7280K, committed 7552K, reserved 1056768K
  class space    used 586K, capacity 616K, committed 640K, reserved 1048576K
Event: 6.816 GC heap after
Heap after GC invocations=9 (full 1):
 PSYoungGen      total 361472K, used 37744K [0x000000076ab00000, 0x0000000790280000, 0x00000007c0000000)
  eden space 323584K, 0% used [0x000000076ab00000,0x000000076ab00000,0x000000077e700000)
  from space 37888K, 99% used [0x000000078dd80000,0x000000079025c1e8,0x0000000790280000)
  to   space 54784K, 0% used [0x0000000789780000,0x0000000789780000,0x000000078cd00000)
 ParOldGen       total 173056K, used 87557K [0x00000006c0000000, 0x00000006ca900000, 0x000000076ab00000)
  object space 173056K, 50% used [0x00000006c0000000,0x00000006c5581530,0x00000006ca900000)
 Metaspace       used 6371K, capacity 7280K, committed 7552K, reserved 1056768K
  class space    used 586K, capacity 616K, committed 640K, reserved 1048576K
}
Event: 8.274 GC heap before
{Heap before GC invocations=10 (full 1):
 PSYoungGen      total 361472K, used 361328K [0x000000076ab00000, 0x0000000790280000, 0x00000007c0000000)
  eden space 323584K, 100% used [0x000000076ab00000,0x000000077e700000,0x000000077e700000)
  from space 37888K, 99% used [0x000000078dd80000,0x000000079025c1e8,0x0000000790280000)
  to   space 54784K, 0% used [0x0000000789780000,0x0000000789780000,0x000000078cd00000)
 ParOldGen       total 173056K, used 87557K [0x00000006c0000000, 0x00000006ca900000, 0x000000076ab00000)
  object space 173056K, 50% used [0x00000006c0000000,0x00000006c5581530,0x00000006ca900000)
 Metaspace       used 6389K, capacity 7280K, committed 7552K, reserved 1056768K
  class space    used 586K, capacity 616K, committed 640K, reserved 1048576K
Event: 8.477 GC heap after
Heap after GC invocations=10 (full 1):
 PSYoungGen      total 431104K, used 54755K [0x000000076ab00000, 0x000000078de00000, 0x00000007c0000000)
  eden space 376320K, 0% used [0x000000076ab00000,0x000000076ab00000,0x0000000781a80000)
  from space 54784K, 99% used [0x0000000789780000,0x000000078ccf8f58,0x000000078cd00000)
  to   space 17408K, 0% used [0x000000078cd00000,0x000000078cd00000,0x000000078de00000)
 ParOldGen       total 173056K, used 119976K [0x00000006c0000000, 0x00000006ca900000, 0x000000076ab00000)
  object space 173056K, 69% used [0x00000006c0000000,0x00000006c752a3a8,0x00000006ca900000)
 Metaspace       used 6389K, capacity 7280K, committed 7552K, reserved 1056768K
  class space    used 586K, capacity 616K, committed 640K, reserved 1048576K
}
Event: 10.282 GC heap before
{Heap before GC invocations=11 (full 1):
 PSYoungGen      total 431104K, used 431075K [0x000000076ab00000, 0x000000078de00000, 0x00000007c0000000)
  eden space 376320K, 100% used [0x000000076ab00000,0x0000000781a80000,0x0000000781a80000)
  from space 54784K, 99% used [0x0000000789780000,0x000000078ccf8f58,0x000000078cd00000)
  to   space 17408K, 0% used [0x000000078cd00000,0x000000078cd00000,0x000000078de00000)
 ParOldGen       total 173056K, used 119976K [0x00000006c0000000, 0x00000006ca900000, 0x000000076ab00000)
  object space 173056K, 69% used [0x00000006c0000000,0x00000006c752a3a8,0x00000006ca900000)
 Metaspace       used 6402K, capacity 7280K, committed 7552K, reserved 1056768K
  class space    used 586K, capacity 616K, committed 640K, reserved 1048576K
Event: 10.558 GC heap after
Heap after GC invocations=11 (full 1):
 PSYoungGen      total 462336K, used 17398K [0x000000076ab00000, 0x0000000792780000, 0x00000007c0000000)
  eden space 444928K, 0% used [0x000000076ab00000,0x000000076ab00000,0x0000000785d80000)
  from space 17408K, 99% used [0x000000078cd00000,0x000000078ddfd928,0x000000078de00000)
  to   space 103424K, 0% used [0x0000000785d80000,0x0000000785d80000,0x000000078c280000)
 ParOldGen       total 214528K, used 214312K [0x00000006c0000000, 0x00000006cd180000, 0x000000076ab00000)
  object space 214528K, 99% used [0x00000006c0000000,0x00000006cd14a2f8,0x00000006cd180000)
 Metaspace       used 6402K, capacity 7280K, committed 7552K, reserved 1056768K
  class space    used 586K, capacity 616K, committed 640K, reserved 1048576K
}
Event: 10.558 GC heap before
{Heap before GC invocations=12 (full 2):
 PSYoungGen      total 462336K, used 17398K [0x000000076ab00000, 0x0000000792780000, 0x00000007c0000000)
  eden space 444928K, 0% used [0x000000076ab00000,0x000000076ab00000,0x0000000785d80000)
  from space 17408K, 99% used [0x000000078cd00000,0x000000078ddfd928,0x000000078de00000)
  to   space 103424K, 0% used [0x0000000785d80000,0x0000000785d80000,0x000000078c280000)
 ParOldGen       total 214528K, used 214312K [0x00000006c0000000, 0x00000006cd180000, 0x000000076ab00000)
  object space 214528K, 99% used [0x00000006c0000000,0x00000006cd14a2f8,0x00000006cd180000)
 Metaspace       used 6402K, capacity 7280K, committed 7552K, reserved 1056768K
  class space    used 586K, capacity 616K, committed 640K, reserved 1048576K
Event: 12.664 GC heap after
Heap after GC invocations=12 (full 2):
 PSYoungGen      total 462336K, used 11158K [0x000000076ab00000, 0x0000000792780000, 0x00000007c0000000)
  eden space 444928K, 0% used [0x000000076ab00000,0x000000076ab00000,0x0000000785d80000)
  from space 17408K, 64% used [0x000000078cd00000,0x000000078d7e5958,0x000000078de00000)
  to   space 103424K, 0% used [0x0000000785d80000,0x0000000785d80000,0x000000078c280000)
 ParOldGen       total 379392K, used 214033K [0x00000006c0000000, 0x00000006d7280000, 0x000000076ab00000)
  object space 379392K, 56% used [0x00000006c0000000,0x00000006cd104518,0x00000006d7280000)
 Metaspace       used 6402K, capacity 7280K, committed 7552K, reserved 1056768K
  class space    used 586K, capacity 616K, committed 640K, reserved 1048576K
}

Deoptimization events (10 events):
Event: 2.690 Thread 0x000000001e0b1800 Uncommon trap: reason=bimorphic action=maybe_recompile pc=0x0000000003b1cb9c method=com.android.dx.rop.code.RegisterSpec.withSimpleType()Lcom/android/dx/rop/code/RegisterSpec; @ 21
Event: 2.691 Thread 0x000000001e0b1800 Uncommon trap: reason=bimorphic action=maybe_recompile pc=0x0000000003b1cb9c method=com.android.dx.rop.code.RegisterSpec.withSimpleType()Lcom/android/dx/rop/code/RegisterSpec; @ 21
Event: 3.432 Thread 0x0000000001310800 Uncommon trap: reason=unstable_if action=reinterpret pc=0x0000000003970ef8 method=com.android.dx.dex.code.OutputFinisher.hasLocalInfo(Lcom/android/dx/dex/code/DalvInsn;)Z @ 24
Event: 6.568 Thread 0x000000001e0b0000 Uncommon trap: reason=unstable_if action=reinterpret pc=0x0000000003c0e0fc method=com.android.dx.ssa.SCCP.simulateBranch(Lcom/android/dx/ssa/SsaInsn;)V @ 548
Event: 8.092 Thread 0x000000001dfdb800 Uncommon trap: reason=unstable_if action=reinterpret pc=0x0000000003bf8d88 method=com.android.dx.rop.code.RegisterSpecSet.<init>(I)V @ 2
Event: 8.095 Thread 0x000000001dfdb800 Uncommon trap: reason=unstable_if action=reinterpret pc=0x0000000003a064e4 method=com.android.dx.rop.code.RegisterSpecSet.<init>(I)V @ 2
Event: 8.242 Thread 0x000000001dfdb800 Uncommon trap: reason=unstable_if action=reinterpret pc=0x0000000003ad54e0 method=com.android.dx.ssa.MoveParamCombiner$1.visitNonMoveInsn(Lcom/android/dx/ssa/NormalSsaInsn;)V @ 27
Event: 8.506 Thread 0x000000001e0b1800 Uncommon trap: reason=unstable_if action=reinterpret pc=0x0000000003965a5c method=com.android.dx.ssa.SsaMethod.getExitBlock()Lcom/android/dx/ssa/SsaBasicBlock; @ 4
Event: 8.506 Thread 0x000000001e0b1800 Uncommon trap: reason=unstable_if action=reinterpret pc=0x00000000037d9f3c method=com.android.dx.ssa.SsaMethod.getExitBlock()Lcom/android/dx/ssa/SsaBasicBlock; @ 4
Event: 9.218 Thread 0x000000001e0b0800 Uncommon trap: reason=unstable_if action=reinterpret pc=0x0000000003d62580 method=com.android.dx.ssa.SCCP.simulateBranch(Lcom/android/dx/ssa/SsaInsn;)V @ 140

Internal exceptions (8 events):
Event: 0.030 Thread 0x0000000001310800 Exception <a 'java/lang/NoSuchMethodError': Method sun.misc.Unsafe.defineClass(Ljava/lang/String;[BII)Ljava/lang/Class; name or signature does not match> (0x000000076ab07c78) thrown at [C:\src\android\AOSP-openjdk\external\jetbrains\jdk\hotspot\src\share\vàé¯¿È¯ž?
Event: 0.030 Thread 0x0000000001310800 Exception <a 'java/lang/NoSuchMethodError': Method sun.misc.Unsafe.prefetchRead(Ljava/lang/Object;J)V name or signature does not match> (0x000000076ab07f60) thrown at [C:\src\android\AOSP-openjdk\external\jetbrains\jdk\hotspot\src\share\vm\prims\jni.cpp, l\‘*gêê?
Event: 0.841 Thread 0x000000001e0b0800 Implicit null exception at 0x00000000037ddc22 to 0x00000000037ddd22
Event: 0.861 Thread 0x000000001e0b1800 Implicit null exception at 0x000000000381c278 to 0x000000000381eb79
Event: 1.397 Thread 0x000000001e0b0000 Implicit null exception at 0x000000000398c22d to 0x000000000398c3f9
Event: 1.598 Thread 0x000000001e0b0000 Exception <a 'java/lang/ArrayIndexOutOfBoundsException': 18> (0x000000076c231c88) thrown at [C:\src\android\AOSP-openjdk\external\jetbrains\jdk\hotspot\src\share\vm\interpreter\interpreterRuntime.cpp, line 366]
Event: 1.598 Thread 0x000000001e0b0000 Exception <a 'java/lang/ArrayIndexOutOfBoundsException'> (0x000000076c233808) thrown at [C:\src\android\AOSP-openjdk\external\jetbrains\jdk\hotspot\src\share\vm\runtime\sharedRuntime.cpp, line 605]
Event: 1.599 Thread 0x000000001e0b0000 Exception <a 'java/lang/ArrayIndexOutOfBoundsException'> (0x000000076c234af0) thrown at [C:\src\android\AOSP-openjdk\external\jetbrains\jdk\hotspot\src\share\vm\runtime\sharedRuntime.cpp, line 605]

Events (10 events):
Event: 12.697 Thread 0x0000000001310800 DEOPT PACKING pc=0x0000000003da39af sp=0x000000000130e1f0
Event: 12.697 Thread 0x0000000001310800 DEOPT UNPACKING pc=0x00000000034475bf sp=0x000000000130dfb0 mode 0
Event: 12.712 Thread 0x000000001e0b0000 DEOPT PACKING pc=0x000000000383cc30 sp=0x000000001e9feb80
Event: 12.712 Thread 0x000000001e0b0000 DEOPT UNPACKING pc=0x00000000034475bf sp=0x000000001e9fe9b0 mode 0
Event: 12.733 Thread 0x000000001e0b1800 DEOPT PACKING pc=0x000000000383cc30 sp=0x000000001ebfe470
Event: 12.733 Thread 0x000000001e0b1800 DEOPT UNPACKING pc=0x00000000034475bf sp=0x000000001ebfe2a0 mode 0
Event: 12.755 Thread 0x000000001e0b0800 DEOPT PACKING pc=0x00000000037cdeed sp=0x000000001eafe850
Event: 12.755 Thread 0x000000001e0b0800 DEOPT UNPACKING pc=0x00000000034475bf sp=0x000000001eafe5f0 mode 0
Event: 12.863 Thread 0x0000000001310800 DEOPT PACKING pc=0x000000000383cc30 sp=0x000000000130e110
Event: 12.863 Thread 0x0000000001310800 DEOPT UNPACKING pc=0x00000000034475bf sp=0x000000000130df40 mode 0


Dynamic libraries:
0x00007ff71e720000 - 0x00007ff71e751000 	C:\Program Files\Android\Android Studio\jre\bin\java.exe
0x00007ffacaa50000 - 0x00007ffacac21000 	C:\WINDOWS\SYSTEM32\ntdll.dll
0x00007ffac7fe0000 - 0x00007ffac808c000 	C:\WINDOWS\System32\KERNEL32.DLL
0x00007ffac6f40000 - 0x00007ffac715d000 	C:\WINDOWS\System32\KERNELBASE.dll
0x00007ffaca6f0000 - 0x00007ffaca792000 	C:\WINDOWS\System32\ADVAPI32.dll
0x00007ffaca870000 - 0x00007ffaca90e000 	C:\WINDOWS\System32\msvcrt.dll
0x00007ffac97d0000 - 0x00007ffac9829000 	C:\WINDOWS\System32\sechost.dll
0x00007ffac96a0000 - 0x00007ffac97c1000 	C:\WINDOWS\System32\RPCRT4.dll
0x00007ffac99d0000 - 0x00007ffac9b35000 	C:\WINDOWS\System32\USER32.dll
0x00007ffac7310000 - 0x00007ffac732e000 	C:\WINDOWS\System32\win32u.dll
0x00007ffac9e40000 - 0x00007ffac9e74000 	C:\WINDOWS\System32\GDI32.dll
0x00007ffac7390000 - 0x00007ffac7512000 	C:\WINDOWS\System32\gdi32full.dll
0x00007ffabd490000 - 0x00007ffabd70a000 	C:\WINDOWS\WinSxS\amd64_microsoft.windows.common-controls_6595b64144ccf1df_6.0.14393.953_none_42151e83c686086b\COMCTL32.dll
0x00007ffac9ff0000 - 0x00007ffaca2b8000 	C:\WINDOWS\System32\combase.dll
0x00007ffac7210000 - 0x00007ffac7305000 	C:\WINDOWS\System32\ucrtbase.dll
0x00007ffac77e0000 - 0x00007ffac784a000 	C:\WINDOWS\System32\bcryptPrimitives.dll
0x00007ffaca7a0000 - 0x00007ffaca7ce000 	C:\WINDOWS\System32\IMM32.DLL
0x0000000069b50000 - 0x0000000069c22000 	C:\Program Files\Android\Android Studio\jre\jre\bin\msvcr100.dll
0x0000000068080000 - 0x00000000688bc000 	C:\Program Files\Android\Android Studio\jre\jre\bin\server\jvm.dll
0x00007ffac9900000 - 0x00007ffac9908000 	C:\WINDOWS\System32\PSAPI.DLL
0x00007ffac47f0000 - 0x00007ffac4813000 	C:\WINDOWS\SYSTEM32\WINMM.dll
0x00007ffab88d0000 - 0x00007ffab88da000 	C:\WINDOWS\SYSTEM32\VERSION.dll
0x00007ffabb390000 - 0x00007ffabb399000 	C:\WINDOWS\SYSTEM32\WSOCK32.dll
0x00000000010b0000 - 0x00000000010db000 	C:\WINDOWS\SYSTEM32\WINMMBASE.dll
0x00007ffac9db0000 - 0x00007ffac9e1a000 	C:\WINDOWS\System32\WS2_32.dll
0x00007ffac7520000 - 0x00007ffac7562000 	C:\WINDOWS\System32\cfgmgr32.dll
0x00007ffabb290000 - 0x00007ffabb29f000 	C:\Program Files\Android\Android Studio\jre\jre\bin\verify.dll
0x00007ffaad5a0000 - 0x00007ffaad5c9000 	C:\Program Files\Android\Android Studio\jre\jre\bin\java.dll
0x00007ffabb270000 - 0x00007ffabb286000 	C:\Program Files\Android\Android Studio\jre\jre\bin\zip.dll
0x00007ffac8090000 - 0x00007ffac9598000 	C:\WINDOWS\System32\SHELL32.dll
0x00007ffac7850000 - 0x00007ffac7f2a000 	C:\WINDOWS\System32\windows.storage.dll
0x00007ffac6ec0000 - 0x00007ffac6f0c000 	C:\WINDOWS\System32\powrprof.dll
0x00007ffac98a0000 - 0x00007ffac98f2000 	C:\WINDOWS\System32\shlwapi.dll
0x00007ffac6eb0000 - 0x00007ffac6ebf000 	C:\WINDOWS\System32\kernel.appcore.dll
0x00007ffac7160000 - 0x00007ffac7209000 	C:\WINDOWS\System32\shcore.dll
0x00007ffac6f10000 - 0x00007ffac6f24000 	C:\WINDOWS\System32\profapi.dll

VM Arguments:
jvm_args: -Djava.awt.headless=true -Xmx4g -Dfile.encoding=windows-1251 -Duser.country=RU -Duser.language=ru -Duser.variant 
java_command: com.android.dx.command.Main --dex --num-threads=4 --multi-dex --main-dex-list C:\Users\User\Documents\GitHub\VKSearch\app\build\intermediates\multi-dex\debug\maindexlist.txt --output C:\Users\User\Documents\GitHub\VKSearch\app\build\intermediates\transforms\dex\debug\folders\1000\1f\main C:\Users\User\Documents\GitHub\VKSearch\app\build\intermediates\transforms\jarMerging\debug\jars\1\1f\combined.jar
java_class_path (initial): C:\Users\User\AppData\Local\Android\sdk\build-tools\25.0.2\lib\dx.jar
Launcher Type: SUN_STANDARD

Environment Variables:
PATH=C:\ProgramData\Oracle\Java\javapath;C:\Program Files\Broadcom\Broadcom 802.11 Network Adapter;C:\Program Files (x86)\NVIDIA Corporation\PhysX\Common;C:\Program Files (x86)\Intel\iCLS Client\;C:\Program Files\Intel\iCLS Client\;C:\Windows\system32;C:\Windows;C:\Windows\System32\Wbem;C:\Windows\System32\WindowsPowerShell\v1.0\;C:\Program Files\Intel\Intel(R) Management Engine Components\DAL;C:\Program Files\Intel\Intel(R) Management Engine Components\IPT;C:\Program Files (x86)\Intel\Intel(R) Management Engine Components\DAL;C:\Program Files (x86)\Intel\Intel(R) Management Engine Components\IPT;C:\Program Files\WIDCOMM\Bluetooth Software\;C:\Program Files\WIDCOMM\Bluetooth Software\syswow64;C:\Program Files\Acer\Remote Files\;C:\Program Files\OpenVPN\bin;C:\WINDOWS\system32;C:\WINDOWS;C:\WINDOWS\System32\Wbem;C:\WINDOWS\System32\WindowsPowerShell\v1.0\;C:\Users\User\AppData\Local\Microsoft\WindowsApps;
USERNAME=User
OS=Windows_NT
PROCESSOR_IDENTIFIER=Intel64 Family 6 Model 69 Stepping 1, GenuineIntel



---------------  S Y S T E M  ---------------

OS: Windows 10.0 , 64 bit Build 14393 (10.0.14393.1198)

CPU:total 4 (2 cores per cpu, 2 threads per core) family 6 model 69 stepping 1, cmov, cx8, fxsr, mmx, sse, sse2, sse3, ssse3, sse4.1, sse4.2, popcnt, avx, avx2, aes, clmul, erms, lzcnt, ht, tsc, tscinvbit, bmi1, bmi2

Memory: 4k page, physical 8310040k(798272k free), swap 12406040k(4488k free)

vm_info: OpenJDK 64-Bit Server VM (25.112-b06) for windows-amd64 JRE (1.8.0_112-release-b06), built on Dec  8 2016 00:54:26 by "builder" with MS VC++ 10.0 (VS2010)

time: Thu May 25 14:08:05 2017
elapsed time: 12 seconds (0d 0h 0m 12s)

