#
# There is insufficient memory for the Java Runtime Environment to continue.
# Native memory allocation (malloc) failed to allocate 32744 bytes for ChunkPool::allocate
# Possible reasons:
#   The system is out of physical RAM or swap space
#   In 32 bit mode, the process size limit was hit
# Possible solutions:
#   Reduce memory load on the system
#   Increase physical memory or swap space
#   Check if swap backing store is full
#   Use 64 bit Java on a 64 bit OS
#   Decrease Java heap size (-Xmx/-Xms)
#   Decrease number of Java threads
#   Decrease Java thread stack sizes (-Xss)
#   Set larger code cache with -XX:ReservedCodeCacheSize=
# This output file may be truncated or incomplete.
#
#  Out of Memory Error (allocation.cpp:273), pid=5324, tid=0x00000000000027e4
#
# JRE version: OpenJDK Runtime Environment (8.0_112-b06) (build 1.8.0_112-release-b06)
# Java VM: OpenJDK 64-Bit Server VM (25.112-b06 mixed mode windows-amd64 compressed oops)
# Failed to write core dump. Minidumps are not enabled by default on client versions of Windows
#

---------------  T H R E A D  ---------------

Current thread (0x000000001cad2800):  JavaThread "C2 CompilerThread1" daemon [_thread_in_native, id=10212, stack(0x000000001e210000,0x000000001e310000)]

Stack: [0x000000001e210000,0x000000001e310000]
[error occurred during error reporting (printing stack bounds), id 0xc0000005]

Native frames: (J=compiled Java code, j=interpreted, Vv=VM code, C=native code)


Current CompileTask:
C2:  20411 2580       4       com.android.dx.dex.cf.CfTranslator::translate0 (259 bytes)


---------------  P R O C E S S  ---------------

Java Threads: ( => current thread )
  0x000000001eacd800 JavaThread "pool-2-thread-4" [_thread_blocked, id=6120, stack(0x000000001f610000,0x000000001f710000)]
  0x000000001ead2000 JavaThread "pool-2-thread-3" [_thread_blocked, id=10012, stack(0x000000001f510000,0x000000001f610000)]
  0x000000001ead1000 JavaThread "pool-2-thread-2" [_thread_blocked, id=11488, stack(0x000000001f410000,0x000000001f510000)]
  0x000000001eaca800 JavaThread "pool-3-thread-1" [_thread_blocked, id=7880, stack(0x000000001f310000,0x000000001f410000)]
  0x000000001e79c000 JavaThread "pool-2-thread-1" [_thread_blocked, id=7528, stack(0x000000001f210000,0x000000001f310000)]
  0x000000001e438800 JavaThread "Service Thread" daemon [_thread_blocked, id=1728, stack(0x000000001e810000,0x000000001e910000)]
  0x000000001cae2800 JavaThread "C1 CompilerThread2" daemon [_thread_blocked, id=10252, stack(0x000000001e310000,0x000000001e410000)]
=>0x000000001cad2800 JavaThread "C2 CompilerThread1" daemon [_thread_in_native, id=10212, stack(0x000000001e210000,0x000000001e310000)]
  0x000000001cacf000 JavaThread "C2 CompilerThread0" daemon [_thread_in_native, id=11104, stack(0x000000001e110000,0x000000001e210000)]
  0x000000001cacd800 JavaThread "Attach Listener" daemon [_thread_blocked, id=13384, stack(0x000000001e010000,0x000000001e110000)]
  0x000000001cacc800 JavaThread "Signal Dispatcher" daemon [_thread_blocked, id=6804, stack(0x000000001df10000,0x000000001e010000)]
  0x0000000001efd000 JavaThread "Finalizer" daemon [_thread_blocked, id=14580, stack(0x000000001dd20000,0x000000001de20000)]
  0x0000000001ef2800 JavaThread "Reference Handler" daemon [_thread_blocked, id=15568, stack(0x000000001dc20000,0x000000001dd20000)]
  0x0000000001e00800 JavaThread "main" [_thread_in_native, id=1632, stack(0x0000000001d00000,0x0000000001e00000)]

Other Threads:
  0x000000001ca95000 VMThread [stack: 0x000000001db20000,0x000000001dc20000] [id=13748]
  0x000000001cb2d800 WatcherThread [stack: 0x000000001e910000,0x000000001ea10000] [id=3908]

VM state:not at safepoint (normal execution)

VM Mutex/Monitor currently owned by a thread: None

Heap:
 PSYoungGen      total 451072K, used 203709K [0x000000076ab00000, 0x000000078b580000, 0x00000007c0000000)
  eden space 394752K, 51% used [0x000000076ab00000,0x00000007771ef490,0x0000000782c80000)
  from space 56320K, 0% used [0x0000000786c80000,0x0000000786c80000,0x000000078a380000)
  to   space 65536K, 0% used [0x0000000782c80000,0x0000000782c80000,0x0000000786c80000)
 ParOldGen       total 87552K, used 87372K [0x00000006c0000000, 0x00000006c5580000, 0x000000076ab00000)
  object space 87552K, 99% used [0x00000006c0000000,0x00000006c5553030,0x00000006c5580000)
 Metaspace       used 6395K, capacity 7280K, committed 7552K, reserved 1056768K
  class space    used 587K, capacity 616K, committed 640K, reserved 1048576K

Card table byte_map: [0x00000000127c0000,0x0000000012fd0000] byte_map_base: 0x000000000f1c0000

Marking Bits: (ParMarkBitMap*) 0x00000000688418f0
 Begin Bits: [0x0000000013930000, 0x0000000017930000)
 End Bits:   [0x0000000017930000, 0x000000001b930000)

Polling page: 0x0000000001c70000

CodeCache: size=245760Kb used=9556Kb max_used=11271Kb free=236203Kb
 bounds [0x0000000003400000, 0x0000000003f50000, 0x0000000012400000]
 total_blobs=2359 nmethods=2096 adapters=176
 compilation: enabled

Compilation events (10 events):
Event: 18.503 Thread 0x000000001cae2800 2590       2       com.android.dx.rop.code.Rops::opOr (21 bytes)
Event: 18.503 Thread 0x000000001cae2800 nmethod 2590 0x0000000003627550 code [0x00000000036276c0, 0x0000000003627868]
Event: 18.506 Thread 0x000000001cae2800 2591   !   2       java.util.EnumSet::clone (18 bytes)
Event: 18.506 Thread 0x000000001cae2800 nmethod 2591 0x000000000362c110 code [0x000000000362c280, 0x000000000362c4f8]
Event: 19.871 Thread 0x000000001cae2800 2593       2       com.android.dx.rop.code.RegisterSpec$ForComparison::equals (31 bytes)
Event: 19.872 Thread 0x000000001cae2800 nmethod 2593 0x000000000367cf90 code [0x000000000367d100, 0x000000000367d328]
Event: 19.874 Thread 0x000000001cae2800 2594 % !   3       com.android.dx.dex.cf.CfTranslator::processMethods @ 24 (583 bytes)
Event: 19.883 Thread 0x000000001cae2800 nmethod 2594% 0x00000000039d8c50 code [0x00000000039d93e0, 0x00000000039df508]
Event: 20.113 Thread 0x000000001cae2800 2595       2       com.android.dx.ssa.Optimizer::optimizeMinimizeRegisters (41 bytes)
Event: 20.114 Thread 0x000000001cae2800 nmethod 2595 0x0000000003628850 code [0x0000000003628a00, 0x0000000003628dc8]

GC Heap History (10 events):
Event: 6.522 GC heap before
{Heap before GC invocations=9 (full 0):
 PSYoungGen      total 284160K, used 284155K [0x000000076ab00000, 0x000000077f900000, 0x00000007c0000000)
  eden space 252416K, 100% used [0x000000076ab00000,0x000000077a180000,0x000000077a180000)
  from space 31744K, 99% used [0x000000077c900000,0x000000077e7fecb8,0x000000077e800000)
  to   space 40448K, 0% used [0x000000077a180000,0x000000077a180000,0x000000077c900000)
 ParOldGen       total 87552K, used 39689K [0x00000006c0000000, 0x00000006c5580000, 0x000000076ab00000)
  object space 87552K, 45% used [0x00000006c0000000,0x00000006c26c2568,0x00000006c5580000)
 Metaspace       used 6358K, capacity 7280K, committed 7552K, reserved 1056768K
  class space    used 586K, capacity 616K, committed 640K, reserved 1048576K
Event: 6.676 GC heap after
Heap after GC invocations=9 (full 0):
 PSYoungGen      total 292864K, used 40419K [0x000000076ab00000, 0x000000078a380000, 0x00000007c0000000)
  eden space 252416K, 0% used [0x000000076ab00000,0x000000076ab00000,0x000000077a180000)
  from space 40448K, 99% used [0x000000077a180000,0x000000077c8f8e80,0x000000077c900000)
  to   space 56320K, 0% used [0x0000000786c80000,0x0000000786c80000,0x000000078a380000)
 ParOldGen       total 87552K, used 61399K [0x00000006c0000000, 0x00000006c5580000, 0x000000076ab00000)
  object space 87552K, 70% used [0x00000006c0000000,0x00000006c3bf5cf0,0x00000006c5580000)
 Metaspace       used 6358K, capacity 7280K, committed 7552K, reserved 1056768K
  class space    used 586K, capacity 616K, committed 640K, reserved 1048576K
}
Event: 8.544 GC heap before
{Heap before GC invocations=10 (full 0):
 PSYoungGen      total 292864K, used 292835K [0x000000076ab00000, 0x000000078a380000, 0x00000007c0000000)
  eden space 252416K, 100% used [0x000000076ab00000,0x000000077a180000,0x000000077a180000)
  from space 40448K, 99% used [0x000000077a180000,0x000000077c8f8e80,0x000000077c900000)
  to   space 56320K, 0% used [0x0000000786c80000,0x0000000786c80000,0x000000078a380000)
 ParOldGen       total 87552K, used 61399K [0x00000006c0000000, 0x00000006c5580000, 0x000000076ab00000)
  object space 87552K, 70% used [0x00000006c0000000,0x00000006c3bf5cf0,0x00000006c5580000)
 Metaspace       used 6374K, capacity 7280K, committed 7552K, reserved 1056768K
  class space    used 586K, capacity 616K, committed 640K, reserved 1048576K
Event: 8.686 GC heap after
Heap after GC invocations=10 (full 0):
 PSYoungGen      total 451072K, used 54594K [0x000000076ab00000, 0x000000078b580000, 0x00000007c0000000)
  eden space 394752K, 0% used [0x000000076ab00000,0x000000076ab00000,0x0000000782c80000)
  from space 56320K, 96% used [0x0000000786c80000,0x000000078a1d0a10,0x000000078a380000)
  to   space 65536K, 0% used [0x0000000782c80000,0x0000000782c80000,0x0000000786c80000)
 ParOldGen       total 87552K, used 82021K [0x00000006c0000000, 0x00000006c5580000, 0x000000076ab00000)
  object space 87552K, 93% used [0x00000006c0000000,0x00000006c50197a8,0x00000006c5580000)
 Metaspace       used 6374K, capacity 7280K, committed 7552K, reserved 1056768K
  class space    used 586K, capacity 616K, committed 640K, reserved 1048576K
}
Event: 8.686 GC heap before
{Heap before GC invocations=11 (full 1):
 PSYoungGen      total 451072K, used 54594K [0x000000076ab00000, 0x000000078b580000, 0x00000007c0000000)
  eden space 394752K, 0% used [0x000000076ab00000,0x000000076ab00000,0x0000000782c80000)
  from space 56320K, 96% used [0x0000000786c80000,0x000000078a1d0a10,0x000000078a380000)
  to   space 65536K, 0% used [0x0000000782c80000,0x0000000782c80000,0x0000000786c80000)
 ParOldGen       total 87552K, used 82021K [0x00000006c0000000, 0x00000006c5580000, 0x000000076ab00000)
  object space 87552K, 93% used [0x00000006c0000000,0x00000006c50197a8,0x00000006c5580000)
 Metaspace       used 6374K, capacity 7280K, committed 7552K, reserved 1056768K
  class space    used 586K, capacity 616K, committed 640K, reserved 1048576K
Event: 10.211 GC heap after
Heap after GC invocations=11 (full 1):
 PSYoungGen      total 451072K, used 43905K [0x000000076ab00000, 0x000000078b580000, 0x00000007c0000000)
  eden space 394752K, 0% used [0x000000076ab00000,0x000000076ab00000,0x0000000782c80000)
  from space 56320K, 77% used [0x0000000786c80000,0x0000000789760710,0x000000078a380000)
  to   space 65536K, 0% used [0x0000000782c80000,0x0000000782c80000,0x0000000786c80000)
 ParOldGen       total 87552K, used 87219K [0x00000006c0000000, 0x00000006c5580000, 0x000000076ab00000)
  object space 87552K, 99% used [0x00000006c0000000,0x00000006c552cf30,0x00000006c5580000)
 Metaspace       used 6374K, capacity 7280K, committed 7552K, reserved 1056768K
  class space    used 586K, capacity 616K, committed 640K, reserved 1048576K
}
Event: 14.159 GC heap before
{Heap before GC invocations=12 (full 2):
 PSYoungGen      total 451072K, used 438657K [0x000000076ab00000, 0x000000078b580000, 0x00000007c0000000)
  eden space 394752K, 100% used [0x000000076ab00000,0x0000000782c80000,0x0000000782c80000)
  from space 56320K, 77% used [0x0000000786c80000,0x0000000789760710,0x000000078a380000)
  to   space 65536K, 0% used [0x0000000782c80000,0x0000000782c80000,0x0000000786c80000)
 ParOldGen       total 87552K, used 87219K [0x00000006c0000000, 0x00000006c5580000, 0x000000076ab00000)
  object space 87552K, 99% used [0x00000006c0000000,0x00000006c552cf30,0x00000006c5580000)
 Metaspace       used 6391K, capacity 7280K, committed 7552K, reserved 1056768K
  class space    used 586K, capacity 616K, committed 640K, reserved 1048576K
Event: 15.595 GC heap after
Heap after GC invocations=12 (full 2):
 PSYoungGen      total 451072K, used 104740K [0x000000076ab00000, 0x000000078b580000, 0x00000007c0000000)
  eden space 394752K, 26% used [0x000000076ab00000,0x0000000771149160,0x0000000782c80000)
  from space 56320K, 0% used [0x0000000786c80000,0x0000000786c80000,0x000000078a380000)
  to   space 65536K, 0% used [0x0000000782c80000,0x0000000782c80000,0x0000000786c80000)
 ParOldGen       total 87552K, used 87410K [0x00000006c0000000, 0x00000006c5580000, 0x000000076ab00000)
  object space 87552K, 99% used [0x00000006c0000000,0x00000006c555c850,0x00000006c5580000)
 Metaspace       used 6391K, capacity 7280K, committed 7552K, reserved 1056768K
  class space    used 586K, capacity 616K, committed 640K, reserved 1048576K
}
Event: 18.515 GC heap before
{Heap before GC invocations=13 (full 3):
 PSYoungGen      total 451072K, used 394752K [0x000000076ab00000, 0x000000078b580000, 0x00000007c0000000)
  eden space 394752K, 100% used [0x000000076ab00000,0x0000000782c80000,0x0000000782c80000)
  from space 56320K, 0% used [0x0000000786c80000,0x0000000786c80000,0x000000078a380000)
  to   space 65536K, 0% used [0x0000000782c80000,0x0000000782c80000,0x0000000786c80000)
 ParOldGen       total 87552K, used 87410K [0x00000006c0000000, 0x00000006c5580000, 0x000000076ab00000)
  object space 87552K, 99% used [0x00000006c0000000,0x00000006c555c850,0x00000006c5580000)
 Metaspace       used 6395K, capacity 7280K, committed 7552K, reserved 1056768K
  class space    used 587K, capacity 616K, committed 640K, reserved 1048576K
Event: 19.868 GC heap after
Heap after GC invocations=13 (full 3):
 PSYoungGen      total 451072K, used 145773K [0x000000076ab00000, 0x000000078b580000, 0x00000007c0000000)
  eden space 394752K, 36% used [0x000000076ab00000,0x000000077395b4b8,0x0000000782c80000)
  from space 56320K, 0% used [0x0000000786c80000,0x0000000786c80000,0x000000078a380000)
  to   space 65536K, 0% used [0x0000000782c80000,0x0000000782c80000,0x0000000786c80000)
 ParOldGen       total 87552K, used 87372K [0x00000006c0000000, 0x00000006c5580000, 0x000000076ab00000)
  object space 87552K, 99% used [0x00000006c0000000,0x00000006c5553030,0x00000006c5580000)
 Metaspace       used 6395K, capacity 7280K, committed 7552K, reserved 1056768K
  class space    used 587K, capacity 616K, committed 640K, reserved 1048576K
}

Deoptimization events (10 events):
Event: 12.159 Thread 0x000000001e79c000 Uncommon trap: reason=unstable_if action=reinterpret pc=0x000000000389eadc method=com.android.dx.ssa.SsaMethod.getExitBlock()Lcom/android/dx/ssa/SsaBasicBlock; @ 4
Event: 12.159 Thread 0x000000001e79c000 Uncommon trap: reason=unstable_if action=reinterpret pc=0x000000000370d77c method=com.android.dx.ssa.SsaMethod.getExitBlock()Lcom/android/dx/ssa/SsaBasicBlock; @ 4
Event: 12.160 Thread 0x000000001e79c000 Uncommon trap: reason=unstable_if action=reinterpret pc=0x0000000003d65418 method=com.android.dx.ssa.SsaMethod.getExitBlock()Lcom/android/dx/ssa/SsaBasicBlock; @ 4
Event: 12.160 Thread 0x000000001e79c000 Uncommon trap: reason=unstable_if action=reinterpret pc=0x0000000003c026d8 method=com.android.dx.ssa.SsaMethod.getExitBlock()Lcom/android/dx/ssa/SsaBasicBlock; @ 4
Event: 12.581 Thread 0x000000001ead1000 Uncommon trap: reason=unstable_if action=reinterpret pc=0x0000000003b70cb0 method=java.util.HashMap.putVal(ILjava/lang/Object;Ljava/lang/Object;ZZ)Ljava/lang/Object; @ 109
Event: 17.040 Thread 0x000000001eacd800 Uncommon trap: reason=bimorphic action=maybe_recompile pc=0x0000000003bd91e0 method=com.android.dx.ssa.LiteralOpUpgrader.tryReplacingWithConstant(Lcom/android/dx/ssa/NormalSsaInsn;)Z @ 62
Event: 17.046 Thread 0x000000001ead1000 Uncommon trap: reason=class_check action=maybe_recompile pc=0x0000000003dadd60 method=com.android.dx.ssa.SCCP.replaceConstants()V @ 182
Event: 17.052 Thread 0x000000001ead1000 Uncommon trap: reason=class_check action=maybe_recompile pc=0x0000000003dadd60 method=com.android.dx.ssa.SCCP.replaceConstants()V @ 182
Event: 17.230 Thread 0x000000001e79c000 Uncommon trap: reason=bimorphic action=maybe_recompile pc=0x0000000003bd91e0 method=com.android.dx.ssa.LiteralOpUpgrader.tryReplacingWithConstant(Lcom/android/dx/ssa/NormalSsaInsn;)Z @ 62
Event: 19.870 Thread 0x000000001ead2000 Uncommon trap: reason=unstable_if action=reinterpret pc=0x000000000378e1b8 method=com.android.dx.rop.code.RegisterSpec.equals(ILcom/android/dx/rop/type/TypeBearer;Lcom/android/dx/rop/code/LocalItem;)Z @ 42

Internal exceptions (8 events):
Event: 0.067 Thread 0x0000000001e00800 Exception <a 'java/lang/NoSuchMethodError': Method sun.misc.Unsafe.defineClass(Ljava/lang/String;[BII)Ljava/lang/Class; name or signature does not match> (0x000000076ab07c78) thrown at [C:\src\android\AOSP-openjdk\external\jetbrains\jdk\hotspot\src\share\v<Œ»ó9±?
Event: 0.067 Thread 0x0000000001e00800 Exception <a 'java/lang/NoSuchMethodError': Method sun.misc.Unsafe.prefetchRead(Ljava/lang/Object;J)V name or signature does not match> (0x000000076ab07f60) thrown at [C:\src\android\AOSP-openjdk\external\jetbrains\jdk\hotspot\src\share\vm\prims\jni.cpp, lê4Ó=yjð?
Event: 1.026 Thread 0x000000001e79c000 Implicit null exception at 0x00000000037380e2 to 0x00000000037381e2
Event: 1.145 Thread 0x0000000001e00800 Implicit null exception at 0x000000000378f72f to 0x0000000003791dc9
Event: 1.791 Thread 0x0000000001e00800 Implicit null exception at 0x00000000038c7935 to 0x00000000038c7afd
Event: 2.144 Thread 0x000000001eacd800 Exception <a 'java/lang/ArrayIndexOutOfBoundsException': 18> (0x000000076d334380) thrown at [C:\src\android\AOSP-openjdk\external\jetbrains\jdk\hotspot\src\share\vm\interpreter\interpreterRuntime.cpp, line 366]
Event: 2.144 Thread 0x000000001eacd800 Exception <a 'java/lang/ArrayIndexOutOfBoundsException': 145> (0x000000076d335f00) thrown at [C:\src\android\AOSP-openjdk\external\jetbrains\jdk\hotspot\src\share\vm\interpreter\interpreterRuntime.cpp, line 366]
Event: 2.146 Thread 0x000000001eacd800 Exception <a 'java/lang/ArrayIndexOutOfBoundsException'> (0x000000076d3371e8) thrown at [C:\src\android\AOSP-openjdk\external\jetbrains\jdk\hotspot\src\share\vm\runtime\sharedRuntime.cpp, line 605]

Events (10 events):
Event: 18.338 Thread 0x000000001ead1000 DEOPT UNPACKING pc=0x00000000034475bf sp=0x000000001f50ee00 mode 0
Event: 18.493 Thread 0x000000001e79c000 DEOPT PACKING pc=0x0000000003b5e604 sp=0x000000001f30eca0
Event: 18.493 Thread 0x000000001e79c000 DEOPT UNPACKING pc=0x00000000034475bf sp=0x000000001f30ea80 mode 0
Event: 18.515 Executing VM operation: ParallelGCFailedAllocation
Event: 19.868 Executing VM operation: ParallelGCFailedAllocation done
Event: 19.870 Thread 0x000000001ead2000 Uncommon trap: trap_request=0xffffff65 fr.pc=0x000000000378e1b8
Event: 19.870 Thread 0x000000001ead2000 DEOPT PACKING pc=0x000000000378e1b8 sp=0x000000001f60e960
Event: 19.871 Thread 0x000000001ead2000 DEOPT UNPACKING pc=0x000000000344556a sp=0x000000001f60e810 mode 2
Event: 20.246 Thread 0x000000001e79c000 DEOPT PACKING pc=0x0000000003b5e604 sp=0x000000001f30eca0
Event: 20.246 Thread 0x000000001e79c000 DEOPT UNPACKING pc=0x00000000034475bf sp=0x000000001f30ea80 mode 0


Dynamic libraries:
0x00007ff71e720000 - 0x00007ff71e751000 	C:\Program Files\Android\Android Studio\jre\bin\java.exe
0x00007ffacaa50000 - 0x00007ffacac21000 	C:\WINDOWS\SYSTEM32\ntdll.dll
0x00007ffac7fe0000 - 0x00007ffac808c000 	C:\WINDOWS\System32\KERNEL32.DLL
0x00007ffac6f40000 - 0x00007ffac715d000 	C:\WINDOWS\System32\KERNELBASE.dll
0x00007ffaca6f0000 - 0x00007ffaca792000 	C:\WINDOWS\System32\ADVAPI32.dll
0x00007ffaca870000 - 0x00007ffaca90e000 	C:\WINDOWS\System32\msvcrt.dll
0x00007ffac97d0000 - 0x00007ffac9829000 	C:\WINDOWS\System32\sechost.dll
0x00007ffac96a0000 - 0x00007ffac97c1000 	C:\WINDOWS\System32\RPCRT4.dll
0x00007ffac99d0000 - 0x00007ffac9b35000 	C:\WINDOWS\System32\USER32.dll
0x00007ffac7310000 - 0x00007ffac732e000 	C:\WINDOWS\System32\win32u.dll
0x00007ffac9e40000 - 0x00007ffac9e74000 	C:\WINDOWS\System32\GDI32.dll
0x00007ffac7390000 - 0x00007ffac7512000 	C:\WINDOWS\System32\gdi32full.dll
0x00007ffabd490000 - 0x00007ffabd70a000 	C:\WINDOWS\WinSxS\amd64_microsoft.windows.common-controls_6595b64144ccf1df_6.0.14393.953_none_42151e83c686086b\COMCTL32.dll
0x00007ffac9ff0000 - 0x00007ffaca2b8000 	C:\WINDOWS\System32\combase.dll
0x00007ffac7210000 - 0x00007ffac7305000 	C:\WINDOWS\System32\ucrtbase.dll
0x00007ffac77e0000 - 0x00007ffac784a000 	C:\WINDOWS\System32\bcryptPrimitives.dll
0x00007ffaca7a0000 - 0x00007ffaca7ce000 	C:\WINDOWS\System32\IMM32.DLL
0x0000000069b50000 - 0x0000000069c22000 	C:\Program Files\Android\Android Studio\jre\jre\bin\msvcr100.dll
0x0000000068080000 - 0x00000000688bc000 	C:\Program Files\Android\Android Studio\jre\jre\bin\server\jvm.dll
0x00007ffac9900000 - 0x00007ffac9908000 	C:\WINDOWS\System32\PSAPI.DLL
0x00007ffab88d0000 - 0x00007ffab88da000 	C:\WINDOWS\SYSTEM32\VERSION.dll
0x00007ffac47f0000 - 0x00007ffac4813000 	C:\WINDOWS\SYSTEM32\WINMM.dll
0x00007ffabb390000 - 0x00007ffabb399000 	C:\WINDOWS\SYSTEM32\WSOCK32.dll
0x00007ffac9db0000 - 0x00007ffac9e1a000 	C:\WINDOWS\System32\WS2_32.dll
0x0000000001c40000 - 0x0000000001c6b000 	C:\WINDOWS\SYSTEM32\WINMMBASE.dll
0x00007ffac7520000 - 0x00007ffac7562000 	C:\WINDOWS\System32\cfgmgr32.dll
0x00007ffabb290000 - 0x00007ffabb29f000 	C:\Program Files\Android\Android Studio\jre\jre\bin\verify.dll
0x00007ffaad5a0000 - 0x00007ffaad5c9000 	C:\Program Files\Android\Android Studio\jre\jre\bin\java.dll
0x00007ffabb270000 - 0x00007ffabb286000 	C:\Program Files\Android\Android Studio\jre\jre\bin\zip.dll
0x00007ffac8090000 - 0x00007ffac9598000 	C:\WINDOWS\System32\SHELL32.dll
0x00007ffac7850000 - 0x00007ffac7f2a000 	C:\WINDOWS\System32\windows.storage.dll
0x00007ffac6ec0000 - 0x00007ffac6f0c000 	C:\WINDOWS\System32\powrprof.dll
0x00007ffac98a0000 - 0x00007ffac98f2000 	C:\WINDOWS\System32\shlwapi.dll
0x00007ffac6eb0000 - 0x00007ffac6ebf000 	C:\WINDOWS\System32\kernel.appcore.dll
0x00007ffac7160000 - 0x00007ffac7209000 	C:\WINDOWS\System32\shcore.dll
0x00007ffac6f10000 - 0x00007ffac6f24000 	C:\WINDOWS\System32\profapi.dll

VM Arguments:
jvm_args: -Djava.awt.headless=true -Xmx4g -Dfile.encoding=windows-1251 -Duser.country=RU -Duser.language=ru -Duser.variant 
java_command: com.android.dx.command.Main --dex --num-threads=4 --multi-dex --main-dex-list C:\Users\User\Documents\GitHub\VKSearch\app\build\intermediates\multi-dex\debug\maindexlist.txt --output C:\Users\User\Documents\GitHub\VKSearch\app\build\intermediates\transforms\dex\debug\folders\1000\1f\main C:\Users\User\Documents\GitHub\VKSearch\app\build\intermediates\transforms\jarMerging\debug\jars\1\1f\combined.jar
java_class_path (initial): C:\Users\User\AppData\Local\Android\sdk\build-tools\25.0.2\lib\dx.jar
Launcher Type: SUN_STANDARD

Environment Variables:
PATH=C:\ProgramData\Oracle\Java\javapath;C:\Program Files\Broadcom\Broadcom 802.11 Network Adapter;C:\Program Files (x86)\NVIDIA Corporation\PhysX\Common;C:\Program Files (x86)\Intel\iCLS Client\;C:\Program Files\Intel\iCLS Client\;C:\Windows\system32;C:\Windows;C:\Windows\System32\Wbem;C:\Windows\System32\WindowsPowerShell\v1.0\;C:\Program Files\Intel\Intel(R) Management Engine Components\DAL;C:\Program Files\Intel\Intel(R) Management Engine Components\IPT;C:\Program Files (x86)\Intel\Intel(R) Management Engine Components\DAL;C:\Program Files (x86)\Intel\Intel(R) Management Engine Components\IPT;C:\Program Files\WIDCOMM\Bluetooth Software\;C:\Program Files\WIDCOMM\Bluetooth Software\syswow64;C:\Program Files\Acer\Remote Files\;C:\Program Files\OpenVPN\bin;C:\WINDOWS\system32;C:\WINDOWS;C:\WINDOWS\System32\Wbem;C:\WINDOWS\System32\WindowsPowerShell\v1.0\;C:\Users\User\AppData\Local\Microsoft\WindowsApps;
USERNAME=User
OS=Windows_NT
PROCESSOR_IDENTIFIER=Intel64 Family 6 Model 69 Stepping 1, GenuineIntel



---------------  S Y S T E M  ---------------

OS: Windows 10.0 , 64 bit Build 14393 (10.0.14393.1198)

CPU:total 4 (2 cores per cpu, 2 threads per core) family 6 model 69 stepping 1, cmov, cx8, fxsr, mmx, sse, sse2, sse3, ssse3, sse4.1, sse4.2, popcnt, avx, avx2, aes, clmul, erms, lzcnt, ht, tsc, tscinvbit, bmi1, bmi2

Memory: 4k page, physical 8310040k(804256k free), swap 12406040k(4128k free)

vm_info: OpenJDK 64-Bit Server VM (25.112-b06) for windows-amd64 JRE (1.8.0_112-release-b06), built on Dec  8 2016 00:54:26 by "builder" with MS VC++ 10.0 (VS2010)

time: Thu May 25 13:47:04 2017
elapsed time: 20 seconds (0d 0h 0m 20s)

