#
# There is insufficient memory for the Java Runtime Environment to continue.
# Native memory allocation (malloc) failed to allocate 480256 bytes for Chunk::new
# Possible reasons:
#   The system is out of physical RAM or swap space
#   In 32 bit mode, the process size limit was hit
# Possible solutions:
#   Reduce memory load on the system
#   Increase physical memory or swap space
#   Check if swap backing store is full
#   Use 64 bit Java on a 64 bit OS
#   Decrease Java heap size (-Xmx/-Xms)
#   Decrease number of Java threads
#   Decrease Java thread stack sizes (-Xss)
#   Set larger code cache with -XX:ReservedCodeCacheSize=
# This output file may be truncated or incomplete.
#
#  Out of Memory Error (allocation.cpp:390), pid=1668, tid=0x00000000000028b0
#
# JRE version: OpenJDK Runtime Environment (8.0_112-b06) (build 1.8.0_112-release-b06)
# Java VM: OpenJDK 64-Bit Server VM (25.112-b06 mixed mode windows-amd64 compressed oops)
# Failed to write core dump. Minidumps are not enabled by default on client versions of Windows
#

---------------  T H R E A D  ---------------

Current thread (0x000000001c0ae800):  JavaThread "C2 CompilerThread0" daemon [_thread_in_native, id=10416, stack(0x000000001d700000,0x000000001d800000)]

Stack: [0x000000001d700000,0x000000001d800000]
[error occurred during error reporting (printing stack bounds), id 0xc0000005]

Native frames: (J=compiled Java code, j=interpreted, Vv=VM code, C=native code)


Current CompileTask:
C2:  23902 2472       4       com.android.dx.ssa.SsaConverter::placePhiFunctions (394 bytes)


---------------  P R O C E S S  ---------------

Java Threads: ( => current thread )
  0x000000001e1d3000 JavaThread "pool-2-thread-4" [_thread_in_Java, id=12312, stack(0x000000001ec00000,0x000000001ed00000)]
  0x000000001e1ce800 JavaThread "pool-2-thread-3" [_thread_in_Java, id=7564, stack(0x000000001eb00000,0x000000001ec00000)]
  0x000000001e03e000 JavaThread "pool-2-thread-2" [_thread_in_Java, id=17124, stack(0x000000001ea00000,0x000000001eb00000)]
  0x000000001dd35000 JavaThread "pool-3-thread-1" [_thread_blocked, id=17176, stack(0x000000001e900000,0x000000001ea00000)]
  0x000000001dc82800 JavaThread "pool-2-thread-1" [_thread_in_Java, id=13456, stack(0x000000001e800000,0x000000001e900000)]
  0x000000001da29000 JavaThread "Service Thread" daemon [_thread_blocked, id=17276, stack(0x000000001de00000,0x000000001df00000)]
  0x000000001c0b8800 JavaThread "C1 CompilerThread2" daemon [_thread_blocked, id=16616, stack(0x000000001d900000,0x000000001da00000)]
  0x000000001c0b2000 JavaThread "C2 CompilerThread1" daemon [_thread_in_native, id=6256, stack(0x000000001d800000,0x000000001d900000)]
=>0x000000001c0ae800 JavaThread "C2 CompilerThread0" daemon [_thread_in_native, id=10416, stack(0x000000001d700000,0x000000001d800000)]
  0x000000001c0ad800 JavaThread "Attach Listener" daemon [_thread_blocked, id=10560, stack(0x000000001d600000,0x000000001d700000)]
  0x000000001c0ac000 JavaThread "Signal Dispatcher" daemon [_thread_blocked, id=1792, stack(0x000000001d500000,0x000000001d600000)]
  0x000000001c098800 JavaThread "Finalizer" daemon [_thread_blocked, id=12412, stack(0x000000001d310000,0x000000001d410000)]
  0x00000000015a3000 JavaThread "Reference Handler" daemon [_thread_blocked, id=8024, stack(0x000000001d210000,0x000000001d310000)]
  0x00000000014b0800 JavaThread "main" [_thread_blocked, id=14524, stack(0x00000000013b0000,0x00000000014b0000)]

Other Threads:
  0x000000001c075800 VMThread [stack: 0x000000001d110000,0x000000001d210000] [id=11348]
  0x000000001da29800 WatcherThread [stack: 0x000000001df00000,0x000000001e000000] [id=15476]

VM state:not at safepoint (normal execution)

VM Mutex/Monitor currently owned by a thread: None

Heap:
 PSYoungGen      total 446976K, used 227956K [0x000000076ab00000, 0x000000078af80000, 0x00000007c0000000)
  eden space 391168K, 58% used [0x000000076ab00000,0x000000077899d2f8,0x0000000782900000)
  from space 55808K, 0% used [0x0000000786800000,0x0000000786800000,0x0000000789e80000)
  to   space 64512K, 0% used [0x0000000782900000,0x0000000782900000,0x0000000786800000)
 ParOldGen       total 87552K, used 87379K [0x00000006c0000000, 0x00000006c5580000, 0x000000076ab00000)
  object space 87552K, 99% used [0x00000006c0000000,0x00000006c5554d88,0x00000006c5580000)
 Metaspace       used 6421K, capacity 7280K, committed 7552K, reserved 1056768K
  class space    used 586K, capacity 616K, committed 640K, reserved 1048576K

Card table byte_map: [0x0000000012400000,0x0000000012c10000] byte_map_base: 0x000000000ee00000

Marking Bits: (ParMarkBitMap*) 0x00000000688418f0
 Begin Bits: [0x0000000012f10000, 0x0000000016f10000)
 End Bits:   [0x0000000016f10000, 0x000000001af10000)

Polling page: 0x00000000012b0000

CodeCache: size=245760Kb used=12798Kb max_used=12812Kb free=232961Kb
 bounds [0x0000000003400000, 0x00000000040a0000, 0x0000000012400000]
 total_blobs=2623 nmethods=2360 adapters=176
 compilation: enabled

Compilation events (10 events):
Event: 23.851 Thread 0x000000001c0b2000 nmethod 2153 0x0000000004013e50 code [0x0000000004013f80, 0x0000000004014058]
Event: 23.851 Thread 0x000000001c0b2000 2104       4       com.android.dx.rop.code.PlainCstInsn::accept (8 bytes)
Event: 23.852 Thread 0x000000001c0b2000 nmethod 2104 0x0000000003ffbe10 code [0x0000000003ffbf40, 0x0000000003ffbfb8]
Event: 23.852 Thread 0x000000001c0b2000 1986       4       com.android.dx.ssa.back.SsaToRop::convertBasicBlock (126 bytes)
Event: 23.861 Thread 0x000000001c0b8800 2475       2       com.android.dx.rop.code.Rops::opAnd (21 bytes)
Event: 23.861 Thread 0x000000001c0b8800 nmethod 2475 0x0000000004061c10 code [0x0000000004061d80, 0x0000000004061f28]
Event: 23.880 Thread 0x000000001c0b8800 2478       2       java.util.HashMap$TreeNode::rotateRight (91 bytes)
Event: 23.880 Thread 0x000000001c0b8800 nmethod 2478 0x0000000003f353d0 code [0x0000000003f35520, 0x0000000003f35790]
Event: 23.880 Thread 0x000000001c0b8800 2479       2       com.android.dx.rop.code.Rops::opAdd (29 bytes)
Event: 23.880 Thread 0x000000001c0b8800 nmethod 2479 0x0000000003f35010 code [0x0000000003f35180, 0x0000000003f35328]

GC Heap History (10 events):
Event: 6.564 GC heap before
{Heap before GC invocations=11 (full 1):
 PSYoungGen      total 446976K, used 54043K [0x000000076ab00000, 0x000000078af80000, 0x00000007c0000000)
  eden space 391168K, 0% used [0x000000076ab00000,0x000000076ab00000,0x0000000782900000)
  from space 55808K, 96% used [0x0000000786800000,0x0000000789cc6e78,0x0000000789e80000)
  to   space 64512K, 0% used [0x0000000782900000,0x0000000782900000,0x0000000786800000)
 ParOldGen       total 87552K, used 79451K [0x00000006c0000000, 0x00000006c5580000, 0x000000076ab00000)
  object space 87552K, 90% used [0x00000006c0000000,0x00000006c4d96e38,0x00000006c5580000)
 Metaspace       used 6385K, capacity 7280K, committed 7552K, reserved 1056768K
  class space    used 585K, capacity 616K, committed 640K, reserved 1048576K
Event: 7.983 GC heap after
Heap after GC invocations=11 (full 1):
 PSYoungGen      total 446976K, used 39916K [0x000000076ab00000, 0x000000078af80000, 0x00000007c0000000)
  eden space 391168K, 0% used [0x000000076ab00000,0x000000076ab00000,0x0000000782900000)
  from space 55808K, 71% used [0x0000000786800000,0x0000000788efb188,0x0000000789e80000)
  to   space 64512K, 0% used [0x0000000782900000,0x0000000782900000,0x0000000786800000)
 ParOldGen       total 87552K, used 87381K [0x00000006c0000000, 0x00000006c5580000, 0x000000076ab00000)
  object space 87552K, 99% used [0x00000006c0000000,0x00000006c5555678,0x00000006c5580000)
 Metaspace       used 6385K, capacity 7280K, committed 7552K, reserved 1056768K
  class space    used 585K, capacity 616K, committed 640K, reserved 1048576K
}
Event: 11.570 GC heap before
{Heap before GC invocations=12 (full 2):
 PSYoungGen      total 446976K, used 431084K [0x000000076ab00000, 0x000000078af80000, 0x00000007c0000000)
  eden space 391168K, 100% used [0x000000076ab00000,0x0000000782900000,0x0000000782900000)
  from space 55808K, 71% used [0x0000000786800000,0x0000000788efb188,0x0000000789e80000)
  to   space 64512K, 0% used [0x0000000782900000,0x0000000782900000,0x0000000786800000)
 ParOldGen       total 87552K, used 87381K [0x00000006c0000000, 0x00000006c5580000, 0x000000076ab00000)
  object space 87552K, 99% used [0x00000006c0000000,0x00000006c5555678,0x00000006c5580000)
 Metaspace       used 6405K, capacity 7280K, committed 7552K, reserved 1056768K
  class space    used 585K, capacity 616K, committed 640K, reserved 1048576K
Event: 12.853 GC heap after
Heap after GC invocations=12 (full 2):
 PSYoungGen      total 446976K, used 96953K [0x000000076ab00000, 0x000000078af80000, 0x00000007c0000000)
  eden space 391168K, 24% used [0x000000076ab00000,0x00000007709ae700,0x0000000782900000)
  from space 55808K, 0% used [0x0000000786800000,0x0000000786800000,0x0000000789e80000)
  to   space 64512K, 0% used [0x0000000782900000,0x0000000782900000,0x0000000786800000)
 ParOldGen       total 87552K, used 87388K [0x00000006c0000000, 0x00000006c5580000, 0x000000076ab00000)
  object space 87552K, 99% used [0x00000006c0000000,0x00000006c55573d8,0x00000006c5580000)
 Metaspace       used 6405K, capacity 7280K, committed 7552K, reserved 1056768K
  class space    used 585K, capacity 616K, committed 640K, reserved 1048576K
}
Event: 15.957 GC heap before
{Heap before GC invocations=13 (full 3):
 PSYoungGen      total 446976K, used 391168K [0x000000076ab00000, 0x000000078af80000, 0x00000007c0000000)
  eden space 391168K, 100% used [0x000000076ab00000,0x0000000782900000,0x0000000782900000)
  from space 55808K, 0% used [0x0000000786800000,0x0000000786800000,0x0000000789e80000)
  to   space 64512K, 0% used [0x0000000782900000,0x0000000782900000,0x0000000786800000)
 ParOldGen       total 87552K, used 87388K [0x00000006c0000000, 0x00000006c5580000, 0x000000076ab00000)
  object space 87552K, 99% used [0x00000006c0000000,0x00000006c55573d8,0x00000006c5580000)
 Metaspace       used 6413K, capacity 7280K, committed 7552K, reserved 1056768K
  class space    used 585K, capacity 616K, committed 640K, reserved 1048576K
Event: 17.169 GC heap after
Heap after GC invocations=13 (full 3):
 PSYoungGen      total 446976K, used 137487K [0x000000076ab00000, 0x000000078af80000, 0x00000007c0000000)
  eden space 391168K, 35% used [0x000000076ab00000,0x0000000773143eb8,0x0000000782900000)
  from space 55808K, 0% used [0x0000000786800000,0x0000000786800000,0x0000000789e80000)
  to   space 64512K, 0% used [0x0000000782900000,0x0000000782900000,0x0000000786800000)
 ParOldGen       total 87552K, used 87386K [0x00000006c0000000, 0x00000006c5580000, 0x000000076ab00000)
  object space 87552K, 99% used [0x00000006c0000000,0x00000006c5556ba8,0x00000006c5580000)
 Metaspace       used 6413K, capacity 7280K, committed 7552K, reserved 1056768K
  class space    used 585K, capacity 616K, committed 640K, reserved 1048576K
}
Event: 18.400 GC heap before
{Heap before GC invocations=14 (full 4):
 PSYoungGen      total 446976K, used 391168K [0x000000076ab00000, 0x000000078af80000, 0x00000007c0000000)
  eden space 391168K, 100% used [0x000000076ab00000,0x0000000782900000,0x0000000782900000)
  from space 55808K, 0% used [0x0000000786800000,0x0000000786800000,0x0000000789e80000)
  to   space 64512K, 0% used [0x0000000782900000,0x0000000782900000,0x0000000786800000)
 ParOldGen       total 87552K, used 87386K [0x00000006c0000000, 0x00000006c5580000, 0x000000076ab00000)
  object space 87552K, 99% used [0x00000006c0000000,0x00000006c5556ba8,0x00000006c5580000)
 Metaspace       used 6414K, capacity 7280K, committed 7552K, reserved 1056768K
  class space    used 585K, capacity 616K, committed 640K, reserved 1048576K
Event: 19.668 GC heap after
Heap after GC invocations=14 (full 4):
 PSYoungGen      total 446976K, used 175274K [0x000000076ab00000, 0x000000078af80000, 0x00000007c0000000)
  eden space 391168K, 44% used [0x000000076ab00000,0x000000077562ab38,0x0000000782900000)
  from space 55808K, 0% used [0x0000000786800000,0x0000000786800000,0x0000000789e80000)
  to   space 64512K, 0% used [0x0000000782900000,0x0000000782900000,0x0000000786800000)
 ParOldGen       total 87552K, used 87384K [0x00000006c0000000, 0x00000006c5580000, 0x000000076ab00000)
  object space 87552K, 99% used [0x00000006c0000000,0x00000006c55560a8,0x00000006c5580000)
 Metaspace       used 6414K, capacity 7280K, committed 7552K, reserved 1056768K
  class space    used 585K, capacity 616K, committed 640K, reserved 1048576K
}
Event: 22.171 GC heap before
{Heap before GC invocations=15 (full 5):
 PSYoungGen      total 446976K, used 391168K [0x000000076ab00000, 0x000000078af80000, 0x00000007c0000000)
  eden space 391168K, 100% used [0x000000076ab00000,0x0000000782900000,0x0000000782900000)
  from space 55808K, 0% used [0x0000000786800000,0x0000000786800000,0x0000000789e80000)
  to   space 64512K, 0% used [0x0000000782900000,0x0000000782900000,0x0000000786800000)
 ParOldGen       total 87552K, used 87384K [0x00000006c0000000, 0x00000006c5580000, 0x000000076ab00000)
  object space 87552K, 99% used [0x00000006c0000000,0x00000006c55560a8,0x00000006c5580000)
 Metaspace       used 6421K, capacity 7280K, committed 7552K, reserved 1056768K
  class space    used 586K, capacity 616K, committed 640K, reserved 1048576K
Event: 23.840 GC heap after
Heap after GC invocations=15 (full 5):
 PSYoungGen      total 446976K, used 207110K [0x000000076ab00000, 0x000000078af80000, 0x00000007c0000000)
  eden space 391168K, 52% used [0x000000076ab00000,0x0000000777541848,0x0000000782900000)
  from space 55808K, 0% used [0x0000000786800000,0x0000000786800000,0x0000000789e80000)
  to   space 64512K, 0% used [0x0000000782900000,0x0000000782900000,0x0000000786800000)
 ParOldGen       total 87552K, used 87379K [0x00000006c0000000, 0x00000006c5580000, 0x000000076ab00000)
  object space 87552K, 99% used [0x00000006c0000000,0x00000006c5554d88,0x00000006c5580000)
 Metaspace       used 6421K, capacity 7280K, committed 7552K, reserved 1056768K
  class space    used 586K, capacity 616K, committed 640K, reserved 1048576K
}

Deoptimization events (10 events):
Event: 9.715 Thread 0x000000001e1ce800 Uncommon trap: reason=unstable_if action=reinterpret pc=0x0000000003aae5a0 method=com.android.dx.ssa.MoveParamCombiner$1.visitNonMoveInsn(Lcom/android/dx/ssa/NormalSsaInsn;)V @ 27
Event: 10.045 Thread 0x000000001e1ce800 Uncommon trap: reason=unstable_if action=reinterpret pc=0x00000000038e8d08 method=com.android.dx.ssa.SsaMethod.getExitBlock()Lcom/android/dx/ssa/SsaBasicBlock; @ 4
Event: 10.045 Thread 0x000000001e1ce800 Uncommon trap: reason=unstable_if action=reinterpret pc=0x000000000374677c method=com.android.dx.ssa.SsaMethod.getExitBlock()Lcom/android/dx/ssa/SsaBasicBlock; @ 4
Event: 10.770 Thread 0x00000000014b0800 Uncommon trap: reason=bimorphic action=maybe_recompile pc=0x0000000003dffca4 method=com.android.dx.cf.code.BytecodeArray.parseInstruction(ILcom/android/dx/cf/code/BytecodeArray$Visitor;)I @ 1051
Event: 10.770 Thread 0x00000000014b0800 Uncommon trap: reason=bimorphic action=maybe_recompile pc=0x0000000003dffca4 method=com.android.dx.cf.code.BytecodeArray.parseInstruction(ILcom/android/dx/cf/code/BytecodeArray$Visitor;)I @ 1051
Event: 13.558 Thread 0x000000001e1ce800 Uncommon trap: reason=unstable_if action=reinterpret pc=0x0000000003e1a1e4 method=com.android.dx.ssa.SCCP.simulateBranch(Lcom/android/dx/ssa/SsaInsn;)V @ 140
Event: 13.993 Thread 0x000000001e1ce800 Uncommon trap: reason=bimorphic action=maybe_recompile pc=0x0000000003e88a18 method=com.android.dx.cf.code.BytecodeArray.parseInstruction(ILcom/android/dx/cf/code/BytecodeArray$Visitor;)I @ 2135
Event: 13.993 Thread 0x000000001e1ce800 Uncommon trap: reason=bimorphic action=maybe_recompile pc=0x0000000003e88a18 method=com.android.dx.cf.code.BytecodeArray.parseInstruction(ILcom/android/dx/cf/code/BytecodeArray$Visitor;)I @ 2135
Event: 17.350 Thread 0x00000000014b0800 Uncommon trap: reason=unstable_if action=reinterpret pc=0x00000000037ef6bc method=com.android.dx.rop.code.RegisterSpec.equals(ILcom/android/dx/rop/type/TypeBearer;Lcom/android/dx/rop/code/LocalItem;)Z @ 42
Event: 18.322 Thread 0x000000001e1ce800 Uncommon trap: reason=unstable_if action=reinterpret pc=0x0000000003f60620 method=com.android.dx.cf.code.Ropper.addOrReplaceBlock(Lcom/android/dx/rop/code/BasicBlock;Lcom/android/dx/util/IntList;)Z @ 24

Internal exceptions (7 events):
Event: 0.082 Thread 0x00000000014b0800 Exception <a 'java/lang/NoSuchMethodError': Method sun.misc.Unsafe.defineClass(Ljava/lang/String;[BII)Ljava/lang/Class; name or signature does not match> (0x000000076ab07c78) thrown at [C:\src\android\AOSP-openjdk\external\jetbrains\jdk\hotspot\src\share\v9áˆ=Çµ?
Event: 0.082 Thread 0x00000000014b0800 Exception <a 'java/lang/NoSuchMethodError': Method sun.misc.Unsafe.prefetchRead(Ljava/lang/Object;J)V name or signature does not match> (0x000000076ab07f60) thrown at [C:\src\android\AOSP-openjdk\external\jetbrains\jdk\hotspot\src\share\vm\prims\jni.cpp, lÊ•Wé·
Event: 0.969 Thread 0x000000001e1d3000 Implicit null exception at 0x000000000378dc22 to 0x000000000378dd22
Event: 1.135 Thread 0x000000001e03e000 Implicit null exception at 0x00000000037b9bef to 0x00000000037bc26d
Event: 1.740 Thread 0x000000001e1d3000 Exception <a 'java/lang/ArrayIndexOutOfBoundsException': 18> (0x000000076bfce560) thrown at [C:\src\android\AOSP-openjdk\external\jetbrains\jdk\hotspot\src\share\vm\interpreter\interpreterRuntime.cpp, line 366]
Event: 1.740 Thread 0x000000001e1d3000 Exception <a 'java/lang/ArrayIndexOutOfBoundsException': 145> (0x000000076bfd00e0) thrown at [C:\src\android\AOSP-openjdk\external\jetbrains\jdk\hotspot\src\share\vm\interpreter\interpreterRuntime.cpp, line 366]
Event: 1.741 Thread 0x000000001e1d3000 Exception <a 'java/lang/ArrayIndexOutOfBoundsException'> (0x000000076bfd13c8) thrown at [C:\src\android\AOSP-openjdk\external\jetbrains\jdk\hotspot\src\share\vm\runtime\sharedRuntime.cpp, line 605]

Events (10 events):
Event: 22.147 loading class com/android/dx/cf/iface/ParseObserver
Event: 22.147 loading class com/android/dx/cf/iface/ParseObserver done
Event: 22.160 Thread 0x000000001e03e000 DEOPT PACKING pc=0x00000000038b9391 sp=0x000000001eafeaf0
Event: 22.160 Thread 0x000000001e03e000 DEOPT UNPACKING pc=0x00000000034475bf sp=0x000000001eafe920 mode 0
Event: 22.170 Executing VM operation: ParallelGCFailedAllocation
Event: 23.840 Executing VM operation: ParallelGCFailedAllocation done
Event: 23.869 Thread 0x00000000014b0800 DEOPT PACKING pc=0x00000000038b9391 sp=0x00000000014ae640
Event: 23.869 Thread 0x00000000014b0800 DEOPT UNPACKING pc=0x00000000034475bf sp=0x00000000014ae470 mode 0
Event: 23.890 Thread 0x00000000014b0800 DEOPT PACKING pc=0x00000000038b9391 sp=0x00000000014ae640
Event: 23.890 Thread 0x00000000014b0800 DEOPT UNPACKING pc=0x00000000034475bf sp=0x00000000014ae470 mode 0


Dynamic libraries:
0x00007ff71e720000 - 0x00007ff71e751000 	C:\Program Files\Android\Android Studio\jre\bin\java.exe
0x00007ffacaa50000 - 0x00007ffacac21000 	C:\WINDOWS\SYSTEM32\ntdll.dll
0x00007ffac7fe0000 - 0x00007ffac808c000 	C:\WINDOWS\System32\KERNEL32.DLL
0x00007ffac6f40000 - 0x00007ffac715d000 	C:\WINDOWS\System32\KERNELBASE.dll
0x00007ffaca6f0000 - 0x00007ffaca792000 	C:\WINDOWS\System32\ADVAPI32.dll
0x00007ffaca870000 - 0x00007ffaca90e000 	C:\WINDOWS\System32\msvcrt.dll
0x00007ffac97d0000 - 0x00007ffac9829000 	C:\WINDOWS\System32\sechost.dll
0x00007ffac96a0000 - 0x00007ffac97c1000 	C:\WINDOWS\System32\RPCRT4.dll
0x00007ffac99d0000 - 0x00007ffac9b35000 	C:\WINDOWS\System32\USER32.dll
0x00007ffac7310000 - 0x00007ffac732e000 	C:\WINDOWS\System32\win32u.dll
0x00007ffac9e40000 - 0x00007ffac9e74000 	C:\WINDOWS\System32\GDI32.dll
0x00007ffac7390000 - 0x00007ffac7512000 	C:\WINDOWS\System32\gdi32full.dll
0x00007ffabd490000 - 0x00007ffabd70a000 	C:\WINDOWS\WinSxS\amd64_microsoft.windows.common-controls_6595b64144ccf1df_6.0.14393.953_none_42151e83c686086b\COMCTL32.dll
0x00007ffac9ff0000 - 0x00007ffaca2b8000 	C:\WINDOWS\System32\combase.dll
0x00007ffac7210000 - 0x00007ffac7305000 	C:\WINDOWS\System32\ucrtbase.dll
0x00007ffac77e0000 - 0x00007ffac784a000 	C:\WINDOWS\System32\bcryptPrimitives.dll
0x00007ffaca7a0000 - 0x00007ffaca7ce000 	C:\WINDOWS\System32\IMM32.DLL
0x0000000069b50000 - 0x0000000069c22000 	C:\Program Files\Android\Android Studio\jre\jre\bin\msvcr100.dll
0x0000000068080000 - 0x00000000688bc000 	C:\Program Files\Android\Android Studio\jre\jre\bin\server\jvm.dll
0x00007ffac9900000 - 0x00007ffac9908000 	C:\WINDOWS\System32\PSAPI.DLL
0x00007ffac47f0000 - 0x00007ffac4813000 	C:\WINDOWS\SYSTEM32\WINMM.dll
0x00007ffabb390000 - 0x00007ffabb399000 	C:\WINDOWS\SYSTEM32\WSOCK32.dll
0x00007ffab88d0000 - 0x00007ffab88da000 	C:\WINDOWS\SYSTEM32\VERSION.dll
0x0000000000b60000 - 0x0000000000b8b000 	C:\WINDOWS\SYSTEM32\WINMMBASE.dll
0x00007ffac9db0000 - 0x00007ffac9e1a000 	C:\WINDOWS\System32\WS2_32.dll
0x00007ffac7520000 - 0x00007ffac7562000 	C:\WINDOWS\System32\cfgmgr32.dll
0x00007ffabb290000 - 0x00007ffabb29f000 	C:\Program Files\Android\Android Studio\jre\jre\bin\verify.dll
0x00007ffaad5a0000 - 0x00007ffaad5c9000 	C:\Program Files\Android\Android Studio\jre\jre\bin\java.dll
0x00007ffabb270000 - 0x00007ffabb286000 	C:\Program Files\Android\Android Studio\jre\jre\bin\zip.dll
0x00007ffac8090000 - 0x00007ffac9598000 	C:\WINDOWS\System32\SHELL32.dll
0x00007ffac7850000 - 0x00007ffac7f2a000 	C:\WINDOWS\System32\windows.storage.dll
0x00007ffac6ec0000 - 0x00007ffac6f0c000 	C:\WINDOWS\System32\powrprof.dll
0x00007ffac98a0000 - 0x00007ffac98f2000 	C:\WINDOWS\System32\shlwapi.dll
0x00007ffac6eb0000 - 0x00007ffac6ebf000 	C:\WINDOWS\System32\kernel.appcore.dll
0x00007ffac7160000 - 0x00007ffac7209000 	C:\WINDOWS\System32\shcore.dll
0x00007ffac6f10000 - 0x00007ffac6f24000 	C:\WINDOWS\System32\profapi.dll

VM Arguments:
jvm_args: -Djava.awt.headless=true -Xmx4g -Dfile.encoding=windows-1251 -Duser.country=RU -Duser.language=ru -Duser.variant 
java_command: com.android.dx.command.Main --dex --num-threads=4 --multi-dex --main-dex-list C:\Users\User\Documents\GitHub\VKSearch\app\build\intermediates\multi-dex\debug\maindexlist.txt --output C:\Users\User\Documents\GitHub\VKSearch\app\build\intermediates\transforms\dex\debug\folders\1000\1f\main C:\Users\User\Documents\GitHub\VKSearch\app\build\intermediates\transforms\jarMerging\debug\jars\1\1f\combined.jar
java_class_path (initial): C:\Users\User\AppData\Local\Android\sdk\build-tools\25.0.2\lib\dx.jar
Launcher Type: SUN_STANDARD

Environment Variables:
PATH=C:\ProgramData\Oracle\Java\javapath;C:\Program Files\Broadcom\Broadcom 802.11 Network Adapter;C:\Program Files (x86)\NVIDIA Corporation\PhysX\Common;C:\Program Files (x86)\Intel\iCLS Client\;C:\Program Files\Intel\iCLS Client\;C:\Windows\system32;C:\Windows;C:\Windows\System32\Wbem;C:\Windows\System32\WindowsPowerShell\v1.0\;C:\Program Files\Intel\Intel(R) Management Engine Components\DAL;C:\Program Files\Intel\Intel(R) Management Engine Components\IPT;C:\Program Files (x86)\Intel\Intel(R) Management Engine Components\DAL;C:\Program Files (x86)\Intel\Intel(R) Management Engine Components\IPT;C:\Program Files\WIDCOMM\Bluetooth Software\;C:\Program Files\WIDCOMM\Bluetooth Software\syswow64;C:\Program Files\Acer\Remote Files\;C:\Program Files\OpenVPN\bin;C:\WINDOWS\system32;C:\WINDOWS;C:\WINDOWS\System32\Wbem;C:\WINDOWS\System32\WindowsPowerShell\v1.0\;C:\Users\User\AppData\Local\Microsoft\WindowsApps;
USERNAME=User
OS=Windows_NT
PROCESSOR_IDENTIFIER=Intel64 Family 6 Model 69 Stepping 1, GenuineIntel



---------------  S Y S T E M  ---------------

OS: Windows 10.0 , 64 bit Build 14393 (10.0.14393.1198)

CPU:total 4 (2 cores per cpu, 2 threads per core) family 6 model 69 stepping 1, cmov, cx8, fxsr, mmx, sse, sse2, sse3, ssse3, sse4.1, sse4.2, popcnt, avx, avx2, aes, clmul, erms, lzcnt, ht, tsc, tscinvbit, bmi1, bmi2

Memory: 4k page, physical 8310040k(848260k free), swap 12406040k(3368k free)

vm_info: OpenJDK 64-Bit Server VM (25.112-b06) for windows-amd64 JRE (1.8.0_112-release-b06), built on Dec  8 2016 00:54:26 by "builder" with MS VC++ 10.0 (VS2010)

time: Thu May 25 13:47:51 2017
elapsed time: 23 seconds (0d 0h 0m 23s)

