#
# There is insufficient memory for the Java Runtime Environment to continue.
# Native memory allocation (malloc) failed to allocate 1007696 bytes for Chunk::new
# Possible reasons:
#   The system is out of physical RAM or swap space
#   In 32 bit mode, the process size limit was hit
# Possible solutions:
#   Reduce memory load on the system
#   Increase physical memory or swap space
#   Check if swap backing store is full
#   Use 64 bit Java on a 64 bit OS
#   Decrease Java heap size (-Xmx/-Xms)
#   Decrease number of Java threads
#   Decrease Java thread stack sizes (-Xss)
#   Set larger code cache with -XX:ReservedCodeCacheSize=
# This output file may be truncated or incomplete.
#
#  Out of Memory Error (allocation.cpp:390), pid=15664, tid=0x000000000000167c
#
# JRE version: OpenJDK Runtime Environment (8.0_112-b06) (build 1.8.0_112-release-b06)
# Java VM: OpenJDK 64-Bit Server VM (25.112-b06 mixed mode windows-amd64 compressed oops)
# Failed to write core dump. Minidumps are not enabled by default on client versions of Windows
#

---------------  T H R E A D  ---------------

Current thread (0x000000001c312000):  JavaThread "C2 CompilerThread1" daemon [_thread_in_native, id=5756, stack(0x000000001d940000,0x000000001da40000)]

Stack: [0x000000001d940000,0x000000001da40000]
[error occurred during error reporting (printing stack bounds), id 0xc0000005]

Native frames: (J=compiled Java code, j=interpreted, Vv=VM code, C=native code)


Current CompileTask:
C2:  21788 2338       4       com.android.dx.ssa.SCCP::run (298 bytes)


---------------  P R O C E S S  ---------------

Java Threads: ( => current thread )
  0x000000001df0e800 JavaThread "pool-2-thread-4" [_thread_in_Java, id=11468, stack(0x000000001ed40000,0x000000001ee40000)]
  0x000000001df0d800 JavaThread "pool-2-thread-3" [_thread_blocked, id=14616, stack(0x000000001ec40000,0x000000001ed40000)]
  0x000000001df0d000 JavaThread "pool-2-thread-2" [_thread_in_Java, id=3588, stack(0x000000001eb40000,0x000000001ec40000)]
  0x000000001df10800 JavaThread "pool-3-thread-1" [_thread_blocked, id=15388, stack(0x000000001ea40000,0x000000001eb40000)]
  0x000000001df39000 JavaThread "pool-2-thread-1" [_thread_in_Java, id=5792, stack(0x000000001e940000,0x000000001ea40000)]
  0x000000001db60800 JavaThread "Service Thread" daemon [_thread_blocked, id=10052, stack(0x000000001df40000,0x000000001e040000)]
  0x000000001c31a000 JavaThread "C1 CompilerThread2" daemon [_thread_blocked, id=11388, stack(0x000000001da40000,0x000000001db40000)]
=>0x000000001c312000 JavaThread "C2 CompilerThread1" daemon [_thread_in_native, id=5756, stack(0x000000001d940000,0x000000001da40000)]
  0x000000001c30e800 JavaThread "C2 CompilerThread0" daemon [_thread_in_native, id=5912, stack(0x000000001d840000,0x000000001d940000)]
  0x000000001c30d000 JavaThread "Attach Listener" daemon [_thread_blocked, id=13896, stack(0x000000001d740000,0x000000001d840000)]
  0x000000001c30b800 JavaThread "Signal Dispatcher" daemon [_thread_blocked, id=7984, stack(0x000000001d640000,0x000000001d740000)]
  0x00000000016cb800 JavaThread "Finalizer" daemon [_thread_blocked, id=13680, stack(0x000000001d450000,0x000000001d550000)]
  0x00000000016c0800 JavaThread "Reference Handler" daemon [_thread_blocked, id=14292, stack(0x000000001d350000,0x000000001d450000)]
  0x00000000015d0800 JavaThread "main" [_thread_blocked, id=3620, stack(0x00000000014d0000,0x00000000015d0000)]

Other Threads:
  0x000000001c2d5000 VMThread [stack: 0x000000001d250000,0x000000001d350000] [id=16420]
  0x000000001db62000 WatcherThread [stack: 0x000000001e040000,0x000000001e140000] [id=12960]

VM state:not at safepoint (normal execution)

VM Mutex/Monitor currently owned by a thread: None

Heap:
 PSYoungGen      total 151040K, used 126188K [0x000000076ab00000, 0x000000077da00000, 0x00000007c0000000)
  eden space 130560K, 96% used [0x000000076ab00000,0x000000077263b060,0x0000000772a80000)
  from space 20480K, 0% used [0x0000000772a80000,0x0000000772a80000,0x0000000773e80000)
  to   space 50688K, 0% used [0x000000077a880000,0x000000077a880000,0x000000077da00000)
 ParOldGen       total 87552K, used 87127K [0x00000006c0000000, 0x00000006c5580000, 0x000000076ab00000)
  object space 87552K, 99% used [0x00000006c0000000,0x00000006c5515e68,0x00000006c5580000)
 Metaspace       used 6392K, capacity 7280K, committed 7552K, reserved 1056768K
  class space    used 586K, capacity 616K, committed 640K, reserved 1048576K

Card table byte_map: [0x0000000012400000,0x0000000012c10000] byte_map_base: 0x000000000ee00000

Marking Bits: (ParMarkBitMap*) 0x00000000688418f0
 Begin Bits: [0x0000000013170000, 0x0000000017170000)
 End Bits:   [0x0000000017170000, 0x000000001b170000)

Polling page: 0x0000000000f90000

CodeCache: size=245760Kb used=10457Kb max_used=10491Kb free=235302Kb
 bounds [0x0000000003400000, 0x0000000003e50000, 0x0000000012400000]
 total_blobs=2486 nmethods=2223 adapters=176
 compilation: enabled

Compilation events (10 events):
Event: 20.221 Thread 0x000000001c31a000 2352       1       com.android.dx.cf.code.RopperMachine::returns (5 bytes)
Event: 20.221 Thread 0x000000001c31a000 nmethod 2352 0x0000000003da5190 code [0x0000000003da52e0, 0x0000000003da53f0]
Event: 20.258 Thread 0x000000001c31a000 2358       2       com.android.dx.cf.code.Frame::makeExceptionHandlerStartFrame (34 bytes)
Event: 20.258 Thread 0x000000001c31a000 nmethod 2358 0x0000000003da4c50 code [0x0000000003da4de0, 0x0000000003da5038]
Event: 20.353 Thread 0x000000001c30e800 nmethod 2318 0x0000000003e0c190 code [0x0000000003e0c4c0, 0x0000000003e0f670]
Event: 20.354 Thread 0x000000001c30e800 2353   !   4       com.android.dx.cf.code.Ropper::processBlock (1101 bytes)
Event: 21.582 Thread 0x000000001c312000 nmethod 2346 0x0000000003e2f9d0 code [0x0000000003e300e0, 0x0000000003e366c8]
Event: 21.583 Thread 0x000000001c312000 2338       4       com.android.dx.ssa.SCCP::run (298 bytes)
Event: 21.615 Thread 0x000000001c31a000 2362       2       java.util.concurrent.FutureTask::awaitDone (171 bytes)
Event: 21.616 Thread 0x000000001c31a000 nmethod 2362 0x0000000003da3fd0 code [0x0000000003da41a0, 0x0000000003da48c8]

GC Heap History (10 events):
Event: 16.176 GC heap before
{Heap before GC invocations=18 (full 9):
 PSYoungGen      total 151040K, used 130560K [0x000000076ab00000, 0x000000077da00000, 0x00000007c0000000)
  eden space 130560K, 100% used [0x000000076ab00000,0x0000000772a80000,0x0000000772a80000)
  from space 20480K, 0% used [0x0000000772a80000,0x0000000772a80000,0x0000000773e80000)
  to   space 50688K, 0% used [0x000000077a880000,0x000000077a880000,0x000000077da00000)
 ParOldGen       total 87552K, used 87160K [0x00000006c0000000, 0x00000006c5580000, 0x000000076ab00000)
  object space 87552K, 99% used [0x00000006c0000000,0x00000006c551e368,0x00000006c5580000)
 Metaspace       used 6383K, capacity 7280K, committed 7552K, reserved 1056768K
  class space    used 586K, capacity 616K, committed 640K, reserved 1048576K
Event: 17.020 GC heap after
Heap after GC invocations=18 (full 9):
 PSYoungGen      total 151040K, used 88398K [0x000000076ab00000, 0x000000077da00000, 0x00000007c0000000)
  eden space 130560K, 67% used [0x000000076ab00000,0x0000000770153840,0x0000000772a80000)
  from space 20480K, 0% used [0x0000000772a80000,0x0000000772a80000,0x0000000773e80000)
  to   space 50688K, 0% used [0x000000077a880000,0x000000077a880000,0x000000077da00000)
 ParOldGen       total 87552K, used 87128K [0x00000006c0000000, 0x00000006c5580000, 0x000000076ab00000)
  object space 87552K, 99% used [0x00000006c0000000,0x00000006c5516038,0x00000006c5580000)
 Metaspace       used 6383K, capacity 7280K, committed 7552K, reserved 1056768K
  class space    used 586K, capacity 616K, committed 640K, reserved 1048576K
}
Event: 17.227 GC heap before
{Heap before GC invocations=19 (full 10):
 PSYoungGen      total 151040K, used 130560K [0x000000076ab00000, 0x000000077da00000, 0x00000007c0000000)
  eden space 130560K, 100% used [0x000000076ab00000,0x0000000772a80000,0x0000000772a80000)
  from space 20480K, 0% used [0x0000000772a80000,0x0000000772a80000,0x0000000773e80000)
  to   space 50688K, 0% used [0x000000077a880000,0x000000077a880000,0x000000077da00000)
 ParOldGen       total 87552K, used 87128K [0x00000006c0000000, 0x00000006c5580000, 0x000000076ab00000)
  object space 87552K, 99% used [0x00000006c0000000,0x00000006c5516038,0x00000006c5580000)
 Metaspace       used 6384K, capacity 7280K, committed 7552K, reserved 1056768K
  class space    used 586K, capacity 616K, committed 640K, reserved 1048576K
Event: 17.946 GC heap after
Heap after GC invocations=19 (full 10):
 PSYoungGen      total 151040K, used 94224K [0x000000076ab00000, 0x000000077da00000, 0x00000007c0000000)
  eden space 130560K, 72% used [0x000000076ab00000,0x0000000770704360,0x0000000772a80000)
  from space 20480K, 0% used [0x0000000772a80000,0x0000000772a80000,0x0000000773e80000)
  to   space 50688K, 0% used [0x000000077a880000,0x000000077a880000,0x000000077da00000)
 ParOldGen       total 87552K, used 87128K [0x00000006c0000000, 0x00000006c5580000, 0x000000076ab00000)
  object space 87552K, 99% used [0x00000006c0000000,0x00000006c5516028,0x00000006c5580000)
 Metaspace       used 6384K, capacity 7280K, committed 7552K, reserved 1056768K
  class space    used 586K, capacity 616K, committed 640K, reserved 1048576K
}
Event: 18.149 GC heap before
{Heap before GC invocations=20 (full 11):
 PSYoungGen      total 151040K, used 130560K [0x000000076ab00000, 0x000000077da00000, 0x00000007c0000000)
  eden space 130560K, 100% used [0x000000076ab00000,0x0000000772a80000,0x0000000772a80000)
  from space 20480K, 0% used [0x0000000772a80000,0x0000000772a80000,0x0000000773e80000)
  to   space 50688K, 0% used [0x000000077a880000,0x000000077a880000,0x000000077da00000)
 ParOldGen       total 87552K, used 87128K [0x00000006c0000000, 0x00000006c5580000, 0x000000076ab00000)
  object space 87552K, 99% used [0x00000006c0000000,0x00000006c5516028,0x00000006c5580000)
 Metaspace       used 6390K, capacity 7280K, committed 7552K, reserved 1056768K
  class space    used 586K, capacity 616K, committed 640K, reserved 1048576K
Event: 19.108 GC heap after
Heap after GC invocations=20 (full 11):
 PSYoungGen      total 151040K, used 99497K [0x000000076ab00000, 0x000000077da00000, 0x00000007c0000000)
  eden space 130560K, 76% used [0x000000076ab00000,0x0000000770c2a548,0x0000000772a80000)
  from space 20480K, 0% used [0x0000000772a80000,0x0000000772a80000,0x0000000773e80000)
  to   space 50688K, 0% used [0x000000077a880000,0x000000077a880000,0x000000077da00000)
 ParOldGen       total 87552K, used 87127K [0x00000006c0000000, 0x00000006c5580000, 0x000000076ab00000)
  object space 87552K, 99% used [0x00000006c0000000,0x00000006c5515ee8,0x00000006c5580000)
 Metaspace       used 6390K, capacity 7280K, committed 7552K, reserved 1056768K
  class space    used 586K, capacity 616K, committed 640K, reserved 1048576K
}
Event: 19.535 GC heap before
{Heap before GC invocations=21 (full 12):
 PSYoungGen      total 151040K, used 130560K [0x000000076ab00000, 0x000000077da00000, 0x00000007c0000000)
  eden space 130560K, 100% used [0x000000076ab00000,0x0000000772a80000,0x0000000772a80000)
  from space 20480K, 0% used [0x0000000772a80000,0x0000000772a80000,0x0000000773e80000)
  to   space 50688K, 0% used [0x000000077a880000,0x000000077a880000,0x000000077da00000)
 ParOldGen       total 87552K, used 87127K [0x00000006c0000000, 0x00000006c5580000, 0x000000076ab00000)
  object space 87552K, 99% used [0x00000006c0000000,0x00000006c5515ee8,0x00000006c5580000)
 Metaspace       used 6390K, capacity 7280K, committed 7552K, reserved 1056768K
  class space    used 586K, capacity 616K, committed 640K, reserved 1048576K
Event: 20.184 GC heap after
Heap after GC invocations=21 (full 12):
 PSYoungGen      total 151040K, used 103625K [0x000000076ab00000, 0x000000077da00000, 0x00000007c0000000)
  eden space 130560K, 79% used [0x000000076ab00000,0x00000007710324a0,0x0000000772a80000)
  from space 20480K, 0% used [0x0000000772a80000,0x0000000772a80000,0x0000000773e80000)
  to   space 50688K, 0% used [0x000000077a880000,0x000000077a880000,0x000000077da00000)
 ParOldGen       total 87552K, used 87127K [0x00000006c0000000, 0x00000006c5580000, 0x000000076ab00000)
  object space 87552K, 99% used [0x00000006c0000000,0x00000006c5515ee8,0x00000006c5580000)
 Metaspace       used 6390K, capacity 7280K, committed 7552K, reserved 1056768K
  class space    used 586K, capacity 616K, committed 640K, reserved 1048576K
}
Event: 20.512 GC heap before
{Heap before GC invocations=22 (full 13):
 PSYoungGen      total 151040K, used 130560K [0x000000076ab00000, 0x000000077da00000, 0x00000007c0000000)
  eden space 130560K, 100% used [0x000000076ab00000,0x0000000772a80000,0x0000000772a80000)
  from space 20480K, 0% used [0x0000000772a80000,0x0000000772a80000,0x0000000773e80000)
  to   space 50688K, 0% used [0x000000077a880000,0x000000077a880000,0x000000077da00000)
 ParOldGen       total 87552K, used 87127K [0x00000006c0000000, 0x00000006c5580000, 0x000000076ab00000)
  object space 87552K, 99% used [0x00000006c0000000,0x00000006c5515ee8,0x00000006c5580000)
 Metaspace       used 6390K, capacity 7280K, committed 7552K, reserved 1056768K
  class space    used 586K, capacity 616K, committed 640K, reserved 1048576K
Event: 21.569 GC heap after
Heap after GC invocations=22 (full 13):
 PSYoungGen      total 151040K, used 107251K [0x000000076ab00000, 0x000000077da00000, 0x00000007c0000000)
  eden space 130560K, 82% used [0x000000076ab00000,0x00000007713bcd40,0x0000000772a80000)
  from space 20480K, 0% used [0x0000000772a80000,0x0000000772a80000,0x0000000773e80000)
  to   space 50688K, 0% used [0x000000077a880000,0x000000077a880000,0x000000077da00000)
 ParOldGen       total 87552K, used 87127K [0x00000006c0000000, 0x00000006c5580000, 0x000000076ab00000)
  object space 87552K, 99% used [0x00000006c0000000,0x00000006c5515e68,0x00000006c5580000)
 Metaspace       used 6390K, capacity 7280K, committed 7552K, reserved 1056768K
  class space    used 586K, capacity 616K, committed 640K, reserved 1048576K
}

Deoptimization events (10 events):
Event: 9.673 Thread 0x000000001df0d800 Uncommon trap: reason=unstable_if action=reinterpret pc=0x0000000003c205b8 method=java.util.HashMap.putVal(ILjava/lang/Object;Ljava/lang/Object;ZZ)Ljava/lang/Object; @ 109
Event: 14.605 Thread 0x000000001df0d800 Uncommon trap: reason=unstable_if action=reinterpret pc=0x0000000003c9a138 method=com.android.dx.rop.code.RegisterSpecSet.<init>(I)V @ 2
Event: 14.606 Thread 0x000000001df0d800 Uncommon trap: reason=unstable_if action=reinterpret pc=0x0000000003a22964 method=com.android.dx.rop.code.RegisterSpecSet.<init>(I)V @ 2
Event: 14.851 Thread 0x000000001df0d800 Uncommon trap: reason=unstable_if action=reinterpret pc=0x0000000003a9dda0 method=com.android.dx.ssa.MoveParamCombiner$1.visitNonMoveInsn(Lcom/android/dx/ssa/NormalSsaInsn;)V @ 27
Event: 15.936 Thread 0x000000001df0d000 Uncommon trap: reason=unstable_if action=reinterpret pc=0x0000000003d1420c method=com.android.dx.ssa.SsaMethod.makeExitBlock()V @ 103
Event: 15.936 Thread 0x000000001df0d000 Uncommon trap: reason=unstable_if action=reinterpret pc=0x000000000394bd5c method=com.android.dx.ssa.SsaMethod.getExitBlock()Lcom/android/dx/ssa/SsaBasicBlock; @ 4
Event: 15.936 Thread 0x000000001df0d000 Uncommon trap: reason=unstable_if action=reinterpret pc=0x000000000372d6fc method=com.android.dx.ssa.SsaMethod.getExitBlock()Lcom/android/dx/ssa/SsaBasicBlock; @ 4
Event: 16.145 Thread 0x000000001df0d800 Uncommon trap: reason=unstable_if action=reinterpret pc=0x0000000003c052c8 method=java.util.HashMap.putVal(ILjava/lang/Object;Ljava/lang/Object;ZZ)Ljava/lang/Object; @ 109
Event: 19.493 Thread 0x000000001df0e800 Uncommon trap: reason=unstable_if action=reinterpret pc=0x0000000003d7bb08 method=com.android.dx.ssa.SCCP.simulateBranch(Lcom/android/dx/ssa/SsaInsn;)V @ 140
Event: 20.217 Thread 0x000000001df0d800 Uncommon trap: reason=null_check action=make_not_entrant pc=0x0000000003e1c458 method=com.android.dx.cf.code.Ropper$CatchInfo.getSetup(Lcom/android/dx/rop/type/Type;)Lcom/android/dx/cf/code/Ropper$ExceptionHandlerSetup; @ 10

Internal exceptions (9 events):
Event: 0.039 Thread 0x00000000015d0800 Exception <a 'java/lang/NoSuchMethodError': Method sun.misc.Unsafe.defineClass(Ljava/lang/String;[BII)Ljava/lang/Class; name or signature does not match> (0x000000076ab07c78) thrown at [C:\src\android\AOSP-openjdk\external\jetbrains\jdk\hotspot\src\share\v×ó:Èï¤?
Event: 0.039 Thread 0x00000000015d0800 Exception <a 'java/lang/NoSuchMethodError': Method sun.misc.Unsafe.prefetchRead(Ljava/lang/Object;J)V name or signature does not match> (0x000000076ab07f60) thrown at [C:\src\android\AOSP-openjdk\external\jetbrains\jdk\hotspot\src\share\vm\prims\jni.cpp, lãéØ&í?
Event: 0.911 Thread 0x000000001df0e800 Implicit null exception at 0x000000000374c722 to 0x000000000374c822
Event: 1.085 Thread 0x000000001df39000 Implicit null exception at 0x0000000003823cbb to 0x00000000038255f9
Event: 1.403 Thread 0x000000001df0e800 Implicit null exception at 0x000000000385ad78 to 0x000000000385d695
Event: 2.002 Thread 0x000000001df0d000 Exception <a 'java/lang/ArrayIndexOutOfBoundsException': 18> (0x000000076e794f50) thrown at [C:\src\android\AOSP-openjdk\external\jetbrains\jdk\hotspot\src\share\vm\interpreter\interpreterRuntime.cpp, line 366]
Event: 2.003 Thread 0x000000001df0d000 Exception <a 'java/lang/ArrayIndexOutOfBoundsException'> (0x000000076e796ad0) thrown at [C:\src\android\AOSP-openjdk\external\jetbrains\jdk\hotspot\src\share\vm\runtime\sharedRuntime.cpp, line 605]
Event: 2.004 Thread 0x000000001df0d000 Exception <a 'java/lang/ArrayIndexOutOfBoundsException'> (0x000000076e797db8) thrown at [C:\src\android\AOSP-openjdk\external\jetbrains\jdk\hotspot\src\share\vm\runtime\sharedRuntime.cpp, line 605]
Event: 20.217 Thread 0x000000001df0d800 Implicit null exception at 0x0000000003e17744 to 0x0000000003e1c425

Events (10 events):
Event: 20.508 Thread 0x000000001df39000 DEOPT PACKING pc=0x000000000370bfe4 sp=0x000000001ea3e870
Event: 20.508 Thread 0x000000001df39000 DEOPT UNPACKING pc=0x00000000034475bf sp=0x000000001ea3e588 mode 0
Event: 20.510 Thread 0x000000001df0d000 DEOPT PACKING pc=0x0000000003d93e13 sp=0x000000001ec3e8a0
Event: 20.510 Thread 0x000000001df0d000 DEOPT UNPACKING pc=0x00000000034475bf sp=0x000000001ec3e660 mode 0
Event: 20.512 Executing VM operation: ParallelGCFailedAllocation
Event: 21.569 Executing VM operation: ParallelGCFailedAllocation done
Event: 21.636 Thread 0x000000001df0d800 DEOPT PACKING pc=0x00000000037ab7ed sp=0x000000001ed3eb70
Event: 21.636 Thread 0x000000001df0d800 DEOPT UNPACKING pc=0x00000000034475bf sp=0x000000001ed3e910 mode 0
Event: 21.747 Thread 0x000000001df0d000 DEOPT PACKING pc=0x00000000038a2149 sp=0x000000001ec3e710
Event: 21.747 Thread 0x000000001df0d000 DEOPT UNPACKING pc=0x00000000034475bf sp=0x000000001ec3e540 mode 0


Dynamic libraries:
0x00007ff71e720000 - 0x00007ff71e751000 	C:\Program Files\Android\Android Studio\jre\bin\java.exe
0x00007ffacaa50000 - 0x00007ffacac21000 	C:\WINDOWS\SYSTEM32\ntdll.dll
0x00007ffac7fe0000 - 0x00007ffac808c000 	C:\WINDOWS\System32\KERNEL32.DLL
0x00007ffac6f40000 - 0x00007ffac715d000 	C:\WINDOWS\System32\KERNELBASE.dll
0x00007ffaca6f0000 - 0x00007ffaca792000 	C:\WINDOWS\System32\ADVAPI32.dll
0x00007ffaca870000 - 0x00007ffaca90e000 	C:\WINDOWS\System32\msvcrt.dll
0x00007ffac97d0000 - 0x00007ffac9829000 	C:\WINDOWS\System32\sechost.dll
0x00007ffac96a0000 - 0x00007ffac97c1000 	C:\WINDOWS\System32\RPCRT4.dll
0x00007ffac99d0000 - 0x00007ffac9b35000 	C:\WINDOWS\System32\USER32.dll
0x00007ffac7310000 - 0x00007ffac732e000 	C:\WINDOWS\System32\win32u.dll
0x00007ffac9e40000 - 0x00007ffac9e74000 	C:\WINDOWS\System32\GDI32.dll
0x00007ffac7390000 - 0x00007ffac7512000 	C:\WINDOWS\System32\gdi32full.dll
0x00007ffabd490000 - 0x00007ffabd70a000 	C:\WINDOWS\WinSxS\amd64_microsoft.windows.common-controls_6595b64144ccf1df_6.0.14393.953_none_42151e83c686086b\COMCTL32.dll
0x00007ffac9ff0000 - 0x00007ffaca2b8000 	C:\WINDOWS\System32\combase.dll
0x00007ffac7210000 - 0x00007ffac7305000 	C:\WINDOWS\System32\ucrtbase.dll
0x00007ffac77e0000 - 0x00007ffac784a000 	C:\WINDOWS\System32\bcryptPrimitives.dll
0x00007ffaca7a0000 - 0x00007ffaca7ce000 	C:\WINDOWS\System32\IMM32.DLL
0x0000000069b50000 - 0x0000000069c22000 	C:\Program Files\Android\Android Studio\jre\jre\bin\msvcr100.dll
0x0000000068080000 - 0x00000000688bc000 	C:\Program Files\Android\Android Studio\jre\jre\bin\server\jvm.dll
0x00007ffac9900000 - 0x00007ffac9908000 	C:\WINDOWS\System32\PSAPI.DLL
0x00007ffabb390000 - 0x00007ffabb399000 	C:\WINDOWS\SYSTEM32\WSOCK32.dll
0x00007ffac47f0000 - 0x00007ffac4813000 	C:\WINDOWS\SYSTEM32\WINMM.dll
0x00007ffab88d0000 - 0x00007ffab88da000 	C:\WINDOWS\SYSTEM32\VERSION.dll
0x00007ffac9db0000 - 0x00007ffac9e1a000 	C:\WINDOWS\System32\WS2_32.dll
0x00007ffac47c0000 - 0x00007ffac47eb000 	C:\WINDOWS\SYSTEM32\WINMMBASE.dll
0x00007ffac7520000 - 0x00007ffac7562000 	C:\WINDOWS\System32\cfgmgr32.dll
0x00007ffabb290000 - 0x00007ffabb29f000 	C:\Program Files\Android\Android Studio\jre\jre\bin\verify.dll
0x00007ffaad5a0000 - 0x00007ffaad5c9000 	C:\Program Files\Android\Android Studio\jre\jre\bin\java.dll
0x00007ffabb270000 - 0x00007ffabb286000 	C:\Program Files\Android\Android Studio\jre\jre\bin\zip.dll
0x00007ffac8090000 - 0x00007ffac9598000 	C:\WINDOWS\System32\SHELL32.dll
0x00007ffac7850000 - 0x00007ffac7f2a000 	C:\WINDOWS\System32\windows.storage.dll
0x00007ffac6ec0000 - 0x00007ffac6f0c000 	C:\WINDOWS\System32\powrprof.dll
0x00007ffac98a0000 - 0x00007ffac98f2000 	C:\WINDOWS\System32\shlwapi.dll
0x00007ffac6eb0000 - 0x00007ffac6ebf000 	C:\WINDOWS\System32\kernel.appcore.dll
0x00007ffac7160000 - 0x00007ffac7209000 	C:\WINDOWS\System32\shcore.dll
0x00007ffac6f10000 - 0x00007ffac6f24000 	C:\WINDOWS\System32\profapi.dll

VM Arguments:
jvm_args: -Djava.awt.headless=true -Xmx4g -Dfile.encoding=windows-1251 -Duser.country=RU -Duser.language=ru -Duser.variant 
java_command: com.android.dx.command.Main --dex --num-threads=4 --multi-dex --main-dex-list C:\Users\User\Documents\GitHub\VKSearch\app\build\intermediates\multi-dex\debug\maindexlist.txt --output C:\Users\User\Documents\GitHub\VKSearch\app\build\intermediates\transforms\dex\debug\folders\1000\1f\main C:\Users\User\Documents\GitHub\VKSearch\app\build\intermediates\transforms\jarMerging\debug\jars\1\1f\combined.jar
java_class_path (initial): C:\Users\User\AppData\Local\Android\sdk\build-tools\25.0.2\lib\dx.jar
Launcher Type: SUN_STANDARD

Environment Variables:
PATH=C:\ProgramData\Oracle\Java\javapath;C:\Program Files\Broadcom\Broadcom 802.11 Network Adapter;C:\Program Files (x86)\NVIDIA Corporation\PhysX\Common;C:\Program Files (x86)\Intel\iCLS Client\;C:\Program Files\Intel\iCLS Client\;C:\Windows\system32;C:\Windows;C:\Windows\System32\Wbem;C:\Windows\System32\WindowsPowerShell\v1.0\;C:\Program Files\Intel\Intel(R) Management Engine Components\DAL;C:\Program Files\Intel\Intel(R) Management Engine Components\IPT;C:\Program Files (x86)\Intel\Intel(R) Management Engine Components\DAL;C:\Program Files (x86)\Intel\Intel(R) Management Engine Components\IPT;C:\Program Files\WIDCOMM\Bluetooth Software\;C:\Program Files\WIDCOMM\Bluetooth Software\syswow64;C:\Program Files\Acer\Remote Files\;C:\Program Files\OpenVPN\bin;C:\WINDOWS\system32;C:\WINDOWS;C:\WINDOWS\System32\Wbem;C:\WINDOWS\System32\WindowsPowerShell\v1.0\;C:\Users\User\AppData\Local\Microsoft\WindowsApps;
USERNAME=User
OS=Windows_NT
PROCESSOR_IDENTIFIER=Intel64 Family 6 Model 69 Stepping 1, GenuineIntel



---------------  S Y S T E M  ---------------

OS: Windows 10.0 , 64 bit Build 14393 (10.0.14393.1198)

CPU:total 4 (2 cores per cpu, 2 threads per core) family 6 model 69 stepping 1, cmov, cx8, fxsr, mmx, sse, sse2, sse3, ssse3, sse4.1, sse4.2, popcnt, avx, avx2, aes, clmul, erms, lzcnt, ht, tsc, tscinvbit, bmi1, bmi2

Memory: 4k page, physical 8310040k(1085084k free), swap 12406040k(4356k free)

vm_info: OpenJDK 64-Bit Server VM (25.112-b06) for windows-amd64 JRE (1.8.0_112-release-b06), built on Dec  8 2016 00:54:26 by "builder" with MS VC++ 10.0 (VS2010)

time: Thu May 25 13:32:48 2017
elapsed time: 21 seconds (0d 0h 0m 21s)

